<?xml version="1.0" encoding="UTF-8"?>
<coverage generated="1649860844080" clover="3.2.0">
  <project timestamp="1649860844080" name="All files">
    <metrics statements="8637" coveredstatements="4099" conditionals="2373" coveredconditionals="123" methods="2201" coveredmethods="94" elements="13211" coveredelements="4316" complexity="0" loc="8637" ncloc="8637" packages="220" files="635" classes="635"/>
    <package name="assets">
      <metrics statements="104" coveredstatements="104" conditionals="0" coveredconditionals="0" methods="0" coveredmethods="0"/>
      <file name="HPI.png" path="/Users/karanagrawal/Projects/kiira-mobile-video-internal/assets/HPI.png">
        <metrics statements="1" coveredstatements="1" conditionals="0" coveredconditionals="0" methods="0" coveredmethods="0"/>
        <line num="1" count="1" type="stmt"/>
      </file>
      <file name="Onboarding-1-1.jpg" path="/Users/karanagrawal/Projects/kiira-mobile-video-internal/assets/Onboarding-1-1.jpg">
        <metrics statements="1" coveredstatements="1" conditionals="0" coveredconditionals="0" methods="0" coveredmethods="0"/>
        <line num="1" count="1" type="stmt"/>
      </file>
      <file name="Onboarding-1.jpg" path="/Users/karanagrawal/Projects/kiira-mobile-video-internal/assets/Onboarding-1.jpg">
        <metrics statements="1" coveredstatements="1" conditionals="0" coveredconditionals="0" methods="0" coveredmethods="0"/>
        <line num="1" count="1" type="stmt"/>
      </file>
      <file name="Onboarding-2-1.jpg" path="/Users/karanagrawal/Projects/kiira-mobile-video-internal/assets/Onboarding-2-1.jpg">
        <metrics statements="1" coveredstatements="1" conditionals="0" coveredconditionals="0" methods="0" coveredmethods="0"/>
        <line num="1" count="1" type="stmt"/>
      </file>
      <file name="Onboarding-2.jpg" path="/Users/karanagrawal/Projects/kiira-mobile-video-internal/assets/Onboarding-2.jpg">
        <metrics statements="1" coveredstatements="1" conditionals="0" coveredconditionals="0" methods="0" coveredmethods="0"/>
        <line num="1" count="1" type="stmt"/>
      </file>
      <file name="Onboarding-3-1.jpg" path="/Users/karanagrawal/Projects/kiira-mobile-video-internal/assets/Onboarding-3-1.jpg">
        <metrics statements="1" coveredstatements="1" conditionals="0" coveredconditionals="0" methods="0" coveredmethods="0"/>
        <line num="1" count="1" type="stmt"/>
      </file>
      <file name="Onboarding-3.jpg" path="/Users/karanagrawal/Projects/kiira-mobile-video-internal/assets/Onboarding-3.jpg">
        <metrics statements="1" coveredstatements="1" conditionals="0" coveredconditionals="0" methods="0" coveredmethods="0"/>
        <line num="1" count="1" type="stmt"/>
      </file>
      <file name="Onboarding-4-1.jpg" path="/Users/karanagrawal/Projects/kiira-mobile-video-internal/assets/Onboarding-4-1.jpg">
        <metrics statements="1" coveredstatements="1" conditionals="0" coveredconditionals="0" methods="0" coveredmethods="0"/>
        <line num="1" count="1" type="stmt"/>
      </file>
      <file name="Onboarding-4.jpg" path="/Users/karanagrawal/Projects/kiira-mobile-video-internal/assets/Onboarding-4.jpg">
        <metrics statements="1" coveredstatements="1" conditionals="0" coveredconditionals="0" methods="0" coveredmethods="0"/>
        <line num="1" count="1" type="stmt"/>
      </file>
      <file name="add_icon.png" path="/Users/karanagrawal/Projects/kiira-mobile-video-internal/assets/add_icon.png">
        <metrics statements="1" coveredstatements="1" conditionals="0" coveredconditionals="0" methods="0" coveredmethods="0"/>
        <line num="1" count="1" type="stmt"/>
      </file>
      <file name="afterVisit.png" path="/Users/karanagrawal/Projects/kiira-mobile-video-internal/assets/afterVisit.png">
        <metrics statements="1" coveredstatements="1" conditionals="0" coveredconditionals="0" methods="0" coveredmethods="0"/>
        <line num="1" count="1" type="stmt"/>
      </file>
      <file name="allergies.png" path="/Users/karanagrawal/Projects/kiira-mobile-video-internal/assets/allergies.png">
        <metrics statements="1" coveredstatements="1" conditionals="0" coveredconditionals="0" methods="0" coveredmethods="0"/>
        <line num="1" count="1" type="stmt"/>
      </file>
      <file name="allergies_circle.png" path="/Users/karanagrawal/Projects/kiira-mobile-video-internal/assets/allergies_circle.png">
        <metrics statements="1" coveredstatements="1" conditionals="0" coveredconditionals="0" methods="0" coveredmethods="0"/>
        <line num="1" count="1" type="stmt"/>
      </file>
      <file name="apple_pay.png" path="/Users/karanagrawal/Projects/kiira-mobile-video-internal/assets/apple_pay.png">
        <metrics statements="1" coveredstatements="1" conditionals="0" coveredconditionals="0" methods="0" coveredmethods="0"/>
        <line num="1" count="1" type="stmt"/>
      </file>
      <file name="back.png" path="/Users/karanagrawal/Projects/kiira-mobile-video-internal/assets/back.png">
        <metrics statements="1" coveredstatements="1" conditionals="0" coveredconditionals="0" methods="0" coveredmethods="0"/>
        <line num="1" count="1" type="stmt"/>
      </file>
      <file name="backArrow.png" path="/Users/karanagrawal/Projects/kiira-mobile-video-internal/assets/backArrow.png">
        <metrics statements="1" coveredstatements="1" conditionals="0" coveredconditionals="0" methods="0" coveredmethods="0"/>
        <line num="1" count="1" type="stmt"/>
      </file>
      <file name="bandaid.png" path="/Users/karanagrawal/Projects/kiira-mobile-video-internal/assets/bandaid.png">
        <metrics statements="1" coveredstatements="1" conditionals="0" coveredconditionals="0" methods="0" coveredmethods="0"/>
        <line num="1" count="1" type="stmt"/>
      </file>
      <file name="bandaid_grey.png" path="/Users/karanagrawal/Projects/kiira-mobile-video-internal/assets/bandaid_grey.png">
        <metrics statements="1" coveredstatements="1" conditionals="0" coveredconditionals="0" methods="0" coveredmethods="0"/>
        <line num="1" count="1" type="stmt"/>
      </file>
      <file name="basket.png" path="/Users/karanagrawal/Projects/kiira-mobile-video-internal/assets/basket.png">
        <metrics statements="1" coveredstatements="1" conditionals="0" coveredconditionals="0" methods="0" coveredmethods="0"/>
        <line num="1" count="1" type="stmt"/>
      </file>
      <file name="bell.png" path="/Users/karanagrawal/Projects/kiira-mobile-video-internal/assets/bell.png">
        <metrics statements="1" coveredstatements="1" conditionals="0" coveredconditionals="0" methods="0" coveredmethods="0"/>
        <line num="1" count="1" type="stmt"/>
      </file>
      <file name="billing.png" path="/Users/karanagrawal/Projects/kiira-mobile-video-internal/assets/billing.png">
        <metrics statements="1" coveredstatements="1" conditionals="0" coveredconditionals="0" methods="0" coveredmethods="0"/>
        <line num="1" count="1" type="stmt"/>
      </file>
      <file name="blog-active.png" path="/Users/karanagrawal/Projects/kiira-mobile-video-internal/assets/blog-active.png">
        <metrics statements="1" coveredstatements="1" conditionals="0" coveredconditionals="0" methods="0" coveredmethods="0"/>
        <line num="1" count="1" type="stmt"/>
      </file>
      <file name="blog.png" path="/Users/karanagrawal/Projects/kiira-mobile-video-internal/assets/blog.png">
        <metrics statements="1" coveredstatements="1" conditionals="0" coveredconditionals="0" methods="0" coveredmethods="0"/>
        <line num="1" count="1" type="stmt"/>
      </file>
      <file name="cake.png" path="/Users/karanagrawal/Projects/kiira-mobile-video-internal/assets/cake.png">
        <metrics statements="1" coveredstatements="1" conditionals="0" coveredconditionals="0" methods="0" coveredmethods="0"/>
        <line num="1" count="1" type="stmt"/>
      </file>
      <file name="camera_blue.png" path="/Users/karanagrawal/Projects/kiira-mobile-video-internal/assets/camera_blue.png">
        <metrics statements="1" coveredstatements="1" conditionals="0" coveredconditionals="0" methods="0" coveredmethods="0"/>
        <line num="1" count="1" type="stmt"/>
      </file>
      <file name="camera_grey.png" path="/Users/karanagrawal/Projects/kiira-mobile-video-internal/assets/camera_grey.png">
        <metrics statements="1" coveredstatements="1" conditionals="0" coveredconditionals="0" methods="0" coveredmethods="0"/>
        <line num="1" count="1" type="stmt"/>
      </file>
      <file name="camera_white.png" path="/Users/karanagrawal/Projects/kiira-mobile-video-internal/assets/camera_white.png">
        <metrics statements="1" coveredstatements="1" conditionals="0" coveredconditionals="0" methods="0" coveredmethods="0"/>
        <line num="1" count="1" type="stmt"/>
      </file>
      <file name="card.png" path="/Users/karanagrawal/Projects/kiira-mobile-video-internal/assets/card.png">
        <metrics statements="1" coveredstatements="1" conditionals="0" coveredconditionals="0" methods="0" coveredmethods="0"/>
        <line num="1" count="1" type="stmt"/>
      </file>
      <file name="chart.png" path="/Users/karanagrawal/Projects/kiira-mobile-video-internal/assets/chart.png">
        <metrics statements="1" coveredstatements="1" conditionals="0" coveredconditionals="0" methods="0" coveredmethods="0"/>
        <line num="1" count="1" type="stmt"/>
      </file>
      <file name="chat.png" path="/Users/karanagrawal/Projects/kiira-mobile-video-internal/assets/chat.png">
        <metrics statements="1" coveredstatements="1" conditionals="0" coveredconditionals="0" methods="0" coveredmethods="0"/>
        <line num="1" count="1" type="stmt"/>
      </file>
      <file name="chat_icon_blue.png" path="/Users/karanagrawal/Projects/kiira-mobile-video-internal/assets/chat_icon_blue.png">
        <metrics statements="1" coveredstatements="1" conditionals="0" coveredconditionals="0" methods="0" coveredmethods="0"/>
        <line num="1" count="1" type="stmt"/>
      </file>
      <file name="check.png" path="/Users/karanagrawal/Projects/kiira-mobile-video-internal/assets/check.png">
        <metrics statements="1" coveredstatements="1" conditionals="0" coveredconditionals="0" methods="0" coveredmethods="0"/>
        <line num="1" count="1" type="stmt"/>
      </file>
      <file name="check_blue.png" path="/Users/karanagrawal/Projects/kiira-mobile-video-internal/assets/check_blue.png">
        <metrics statements="1" coveredstatements="1" conditionals="0" coveredconditionals="0" methods="0" coveredmethods="0"/>
        <line num="1" count="1" type="stmt"/>
      </file>
      <file name="check_green.png" path="/Users/karanagrawal/Projects/kiira-mobile-video-internal/assets/check_green.png">
        <metrics statements="1" coveredstatements="1" conditionals="0" coveredconditionals="0" methods="0" coveredmethods="0"/>
        <line num="1" count="1" type="stmt"/>
      </file>
      <file name="check_green_box.png" path="/Users/karanagrawal/Projects/kiira-mobile-video-internal/assets/check_green_box.png">
        <metrics statements="1" coveredstatements="1" conditionals="0" coveredconditionals="0" methods="0" coveredmethods="0"/>
        <line num="1" count="1" type="stmt"/>
      </file>
      <file name="check_grey.png" path="/Users/karanagrawal/Projects/kiira-mobile-video-internal/assets/check_grey.png">
        <metrics statements="1" coveredstatements="1" conditionals="0" coveredconditionals="0" methods="0" coveredmethods="0"/>
        <line num="1" count="1" type="stmt"/>
      </file>
      <file name="circleBackButton.png" path="/Users/karanagrawal/Projects/kiira-mobile-video-internal/assets/circleBackButton.png">
        <metrics statements="1" coveredstatements="1" conditionals="0" coveredconditionals="0" methods="0" coveredmethods="0"/>
        <line num="1" count="1" type="stmt"/>
      </file>
      <file name="circleNextButton.png" path="/Users/karanagrawal/Projects/kiira-mobile-video-internal/assets/circleNextButton.png">
        <metrics statements="1" coveredstatements="1" conditionals="0" coveredconditionals="0" methods="0" coveredmethods="0"/>
        <line num="1" count="1" type="stmt"/>
      </file>
      <file name="clipboard.png" path="/Users/karanagrawal/Projects/kiira-mobile-video-internal/assets/clipboard.png">
        <metrics statements="1" coveredstatements="1" conditionals="0" coveredconditionals="0" methods="0" coveredmethods="0"/>
        <line num="1" count="1" type="stmt"/>
      </file>
      <file name="credit_card.png" path="/Users/karanagrawal/Projects/kiira-mobile-video-internal/assets/credit_card.png">
        <metrics statements="1" coveredstatements="1" conditionals="0" coveredconditionals="0" methods="0" coveredmethods="0"/>
        <line num="1" count="1" type="stmt"/>
      </file>
      <file name="cross.png" path="/Users/karanagrawal/Projects/kiira-mobile-video-internal/assets/cross.png">
        <metrics statements="1" coveredstatements="1" conditionals="0" coveredconditionals="0" methods="0" coveredmethods="0"/>
        <line num="1" count="1" type="stmt"/>
      </file>
      <file name="downChevron.png" path="/Users/karanagrawal/Projects/kiira-mobile-video-internal/assets/downChevron.png">
        <metrics statements="1" coveredstatements="1" conditionals="0" coveredconditionals="0" methods="0" coveredmethods="0"/>
        <line num="1" count="1" type="stmt"/>
      </file>
      <file name="down_arrow.png" path="/Users/karanagrawal/Projects/kiira-mobile-video-internal/assets/down_arrow.png">
        <metrics statements="1" coveredstatements="1" conditionals="0" coveredconditionals="0" methods="0" coveredmethods="0"/>
        <line num="1" count="1" type="stmt"/>
      </file>
      <file name="editBilling.png" path="/Users/karanagrawal/Projects/kiira-mobile-video-internal/assets/editBilling.png">
        <metrics statements="1" coveredstatements="1" conditionals="0" coveredconditionals="0" methods="0" coveredmethods="0"/>
        <line num="1" count="1" type="stmt"/>
      </file>
      <file name="emergencyContact.png" path="/Users/karanagrawal/Projects/kiira-mobile-video-internal/assets/emergencyContact.png">
        <metrics statements="1" coveredstatements="1" conditionals="0" coveredconditionals="0" methods="0" coveredmethods="0"/>
        <line num="1" count="1" type="stmt"/>
      </file>
      <file name="exam.png" path="/Users/karanagrawal/Projects/kiira-mobile-video-internal/assets/exam.png">
        <metrics statements="1" coveredstatements="1" conditionals="0" coveredconditionals="0" methods="0" coveredmethods="0"/>
        <line num="1" count="1" type="stmt"/>
      </file>
      <file name="eye.png" path="/Users/karanagrawal/Projects/kiira-mobile-video-internal/assets/eye.png">
        <metrics statements="1" coveredstatements="1" conditionals="0" coveredconditionals="0" methods="0" coveredmethods="0"/>
        <line num="1" count="1" type="stmt"/>
      </file>
      <file name="eye_hide.png" path="/Users/karanagrawal/Projects/kiira-mobile-video-internal/assets/eye_hide.png">
        <metrics statements="1" coveredstatements="1" conditionals="0" coveredconditionals="0" methods="0" coveredmethods="0"/>
        <line num="1" count="1" type="stmt"/>
      </file>
      <file name="faceIDBlue.png" path="/Users/karanagrawal/Projects/kiira-mobile-video-internal/assets/faceIDBlue.png">
        <metrics statements="1" coveredstatements="1" conditionals="0" coveredconditionals="0" methods="0" coveredmethods="0"/>
        <line num="1" count="1" type="stmt"/>
      </file>
      <file name="family.png" path="/Users/karanagrawal/Projects/kiira-mobile-video-internal/assets/family.png">
        <metrics statements="1" coveredstatements="1" conditionals="0" coveredconditionals="0" methods="0" coveredmethods="0"/>
        <line num="1" count="1" type="stmt"/>
      </file>
      <file name="filter.png" path="/Users/karanagrawal/Projects/kiira-mobile-video-internal/assets/filter.png">
        <metrics statements="1" coveredstatements="1" conditionals="0" coveredconditionals="0" methods="0" coveredmethods="0"/>
        <line num="1" count="1" type="stmt"/>
      </file>
      <file name="filter_gray.png" path="/Users/karanagrawal/Projects/kiira-mobile-video-internal/assets/filter_gray.png">
        <metrics statements="1" coveredstatements="1" conditionals="0" coveredconditionals="0" methods="0" coveredmethods="0"/>
        <line num="1" count="1" type="stmt"/>
      </file>
      <file name="fingerprint.png" path="/Users/karanagrawal/Projects/kiira-mobile-video-internal/assets/fingerprint.png">
        <metrics statements="1" coveredstatements="1" conditionals="0" coveredconditionals="0" methods="0" coveredmethods="0"/>
        <line num="1" count="1" type="stmt"/>
      </file>
      <file name="gears.png" path="/Users/karanagrawal/Projects/kiira-mobile-video-internal/assets/gears.png">
        <metrics statements="1" coveredstatements="1" conditionals="0" coveredconditionals="0" methods="0" coveredmethods="0"/>
        <line num="1" count="1" type="stmt"/>
      </file>
      <file name="genders.png" path="/Users/karanagrawal/Projects/kiira-mobile-video-internal/assets/genders.png">
        <metrics statements="1" coveredstatements="1" conditionals="0" coveredconditionals="0" methods="0" coveredmethods="0"/>
        <line num="1" count="1" type="stmt"/>
      </file>
      <file name="grey_down_arrow.png" path="/Users/karanagrawal/Projects/kiira-mobile-video-internal/assets/grey_down_arrow.png">
        <metrics statements="1" coveredstatements="1" conditionals="0" coveredconditionals="0" methods="0" coveredmethods="0"/>
        <line num="1" count="1" type="stmt"/>
      </file>
      <file name="healthHistory.png" path="/Users/karanagrawal/Projects/kiira-mobile-video-internal/assets/healthHistory.png">
        <metrics statements="1" coveredstatements="1" conditionals="0" coveredconditionals="0" methods="0" coveredmethods="0"/>
        <line num="1" count="1" type="stmt"/>
      </file>
      <file name="heart_arrow.png" path="/Users/karanagrawal/Projects/kiira-mobile-video-internal/assets/heart_arrow.png">
        <metrics statements="1" coveredstatements="1" conditionals="0" coveredconditionals="0" methods="0" coveredmethods="0"/>
        <line num="1" count="1" type="stmt"/>
      </file>
      <file name="heart_black.png" path="/Users/karanagrawal/Projects/kiira-mobile-video-internal/assets/heart_black.png">
        <metrics statements="1" coveredstatements="1" conditionals="0" coveredconditionals="0" methods="0" coveredmethods="0"/>
        <line num="1" count="1" type="stmt"/>
      </file>
      <file name="home-active.png" path="/Users/karanagrawal/Projects/kiira-mobile-video-internal/assets/home-active.png">
        <metrics statements="1" coveredstatements="1" conditionals="0" coveredconditionals="0" methods="0" coveredmethods="0"/>
        <line num="1" count="1" type="stmt"/>
      </file>
      <file name="home.png" path="/Users/karanagrawal/Projects/kiira-mobile-video-internal/assets/home.png">
        <metrics statements="1" coveredstatements="1" conditionals="0" coveredconditionals="0" methods="0" coveredmethods="0"/>
        <line num="1" count="1" type="stmt"/>
      </file>
      <file name="kiira_penguin.png" path="/Users/karanagrawal/Projects/kiira-mobile-video-internal/assets/kiira_penguin.png">
        <metrics statements="1" coveredstatements="1" conditionals="0" coveredconditionals="0" methods="0" coveredmethods="0"/>
        <line num="1" count="1" type="stmt"/>
      </file>
      <file name="kiira_penguin_b.png" path="/Users/karanagrawal/Projects/kiira-mobile-video-internal/assets/kiira_penguin_b.png">
        <metrics statements="1" coveredstatements="1" conditionals="0" coveredconditionals="0" methods="0" coveredmethods="0"/>
        <line num="1" count="1" type="stmt"/>
      </file>
      <file name="kiira_penguin_glasses.png" path="/Users/karanagrawal/Projects/kiira-mobile-video-internal/assets/kiira_penguin_glasses.png">
        <metrics statements="1" coveredstatements="1" conditionals="0" coveredconditionals="0" methods="0" coveredmethods="0"/>
        <line num="1" count="1" type="stmt"/>
      </file>
      <file name="kliit_credits.png" path="/Users/karanagrawal/Projects/kiira-mobile-video-internal/assets/kliit_credits.png">
        <metrics statements="1" coveredstatements="1" conditionals="0" coveredconditionals="0" methods="0" coveredmethods="0"/>
        <line num="1" count="1" type="stmt"/>
      </file>
      <file name="labResults.png" path="/Users/karanagrawal/Projects/kiira-mobile-video-internal/assets/labResults.png">
        <metrics statements="1" coveredstatements="1" conditionals="0" coveredconditionals="0" methods="0" coveredmethods="0"/>
        <line num="1" count="1" type="stmt"/>
      </file>
      <file name="location_black.png" path="/Users/karanagrawal/Projects/kiira-mobile-video-internal/assets/location_black.png">
        <metrics statements="1" coveredstatements="1" conditionals="0" coveredconditionals="0" methods="0" coveredmethods="0"/>
        <line num="1" count="1" type="stmt"/>
      </file>
      <file name="lock.png" path="/Users/karanagrawal/Projects/kiira-mobile-video-internal/assets/lock.png">
        <metrics statements="1" coveredstatements="1" conditionals="0" coveredconditionals="0" methods="0" coveredmethods="0"/>
        <line num="1" count="1" type="stmt"/>
      </file>
      <file name="logo-sm.png" path="/Users/karanagrawal/Projects/kiira-mobile-video-internal/assets/logo-sm.png">
        <metrics statements="1" coveredstatements="1" conditionals="0" coveredconditionals="0" methods="0" coveredmethods="0"/>
        <line num="1" count="1" type="stmt"/>
      </file>
      <file name="logo.png" path="/Users/karanagrawal/Projects/kiira-mobile-video-internal/assets/logo.png">
        <metrics statements="1" coveredstatements="1" conditionals="0" coveredconditionals="0" methods="0" coveredmethods="0"/>
        <line num="1" count="1" type="stmt"/>
      </file>
      <file name="logo2.png" path="/Users/karanagrawal/Projects/kiira-mobile-video-internal/assets/logo2.png">
        <metrics statements="1" coveredstatements="1" conditionals="0" coveredconditionals="0" methods="0" coveredmethods="0"/>
        <line num="1" count="1" type="stmt"/>
      </file>
      <file name="medication.png" path="/Users/karanagrawal/Projects/kiira-mobile-video-internal/assets/medication.png">
        <metrics statements="1" coveredstatements="1" conditionals="0" coveredconditionals="0" methods="0" coveredmethods="0"/>
        <line num="1" count="1" type="stmt"/>
      </file>
      <file name="medications.png" path="/Users/karanagrawal/Projects/kiira-mobile-video-internal/assets/medications.png">
        <metrics statements="1" coveredstatements="1" conditionals="0" coveredconditionals="0" methods="0" coveredmethods="0"/>
        <line num="1" count="1" type="stmt"/>
      </file>
      <file name="menu_dot.png" path="/Users/karanagrawal/Projects/kiira-mobile-video-internal/assets/menu_dot.png">
        <metrics statements="1" coveredstatements="1" conditionals="0" coveredconditionals="0" methods="0" coveredmethods="0"/>
        <line num="1" count="1" type="stmt"/>
      </file>
      <file name="npLock.png" path="/Users/karanagrawal/Projects/kiira-mobile-video-internal/assets/npLock.png">
        <metrics statements="1" coveredstatements="1" conditionals="0" coveredconditionals="0" methods="0" coveredmethods="0"/>
        <line num="1" count="1" type="stmt"/>
      </file>
      <file name="pastVisits.png" path="/Users/karanagrawal/Projects/kiira-mobile-video-internal/assets/pastVisits.png">
        <metrics statements="1" coveredstatements="1" conditionals="0" coveredconditionals="0" methods="0" coveredmethods="0"/>
        <line num="1" count="1" type="stmt"/>
      </file>
      <file name="paypal.png" path="/Users/karanagrawal/Projects/kiira-mobile-video-internal/assets/paypal.png">
        <metrics statements="1" coveredstatements="1" conditionals="0" coveredconditionals="0" methods="0" coveredmethods="0"/>
        <line num="1" count="1" type="stmt"/>
      </file>
      <file name="pharmacy.png" path="/Users/karanagrawal/Projects/kiira-mobile-video-internal/assets/pharmacy.png">
        <metrics statements="1" coveredstatements="1" conditionals="0" coveredconditionals="0" methods="0" coveredmethods="0"/>
        <line num="1" count="1" type="stmt"/>
      </file>
      <file name="plus.png" path="/Users/karanagrawal/Projects/kiira-mobile-video-internal/assets/plus.png">
        <metrics statements="1" coveredstatements="1" conditionals="0" coveredconditionals="0" methods="0" coveredmethods="0"/>
        <line num="1" count="1" type="stmt"/>
      </file>
      <file name="pregnancy.png" path="/Users/karanagrawal/Projects/kiira-mobile-video-internal/assets/pregnancy.png">
        <metrics statements="1" coveredstatements="1" conditionals="0" coveredconditionals="0" methods="0" coveredmethods="0"/>
        <line num="1" count="1" type="stmt"/>
      </file>
      <file name="prescriber.png" path="/Users/karanagrawal/Projects/kiira-mobile-video-internal/assets/prescriber.png">
        <metrics statements="1" coveredstatements="1" conditionals="0" coveredconditionals="0" methods="0" coveredmethods="0"/>
        <line num="1" count="1" type="stmt"/>
      </file>
      <file name="profile-active.png" path="/Users/karanagrawal/Projects/kiira-mobile-video-internal/assets/profile-active.png">
        <metrics statements="1" coveredstatements="1" conditionals="0" coveredconditionals="0" methods="0" coveredmethods="0"/>
        <line num="1" count="1" type="stmt"/>
      </file>
      <file name="profile.png" path="/Users/karanagrawal/Projects/kiira-mobile-video-internal/assets/profile.png">
        <metrics statements="1" coveredstatements="1" conditionals="0" coveredconditionals="0" methods="0" coveredmethods="0"/>
        <line num="1" count="1" type="stmt"/>
      </file>
      <file name="profile_img_placeholder.png" path="/Users/karanagrawal/Projects/kiira-mobile-video-internal/assets/profile_img_placeholder.png">
        <metrics statements="1" coveredstatements="1" conditionals="0" coveredconditionals="0" methods="0" coveredmethods="0"/>
        <line num="1" count="1" type="stmt"/>
      </file>
      <file name="read_msg_icon.png" path="/Users/karanagrawal/Projects/kiira-mobile-video-internal/assets/read_msg_icon.png">
        <metrics statements="1" coveredstatements="1" conditionals="0" coveredconditionals="0" methods="0" coveredmethods="0"/>
        <line num="1" count="1" type="stmt"/>
      </file>
      <file name="reminders.png" path="/Users/karanagrawal/Projects/kiira-mobile-video-internal/assets/reminders.png">
        <metrics statements="1" coveredstatements="1" conditionals="0" coveredconditionals="0" methods="0" coveredmethods="0"/>
        <line num="1" count="1" type="stmt"/>
      </file>
      <file name="resolve.png" path="/Users/karanagrawal/Projects/kiira-mobile-video-internal/assets/resolve.png">
        <metrics statements="1" coveredstatements="1" conditionals="0" coveredconditionals="0" methods="0" coveredmethods="0"/>
        <line num="1" count="1" type="stmt"/>
      </file>
      <file name="right_chevron.png" path="/Users/karanagrawal/Projects/kiira-mobile-video-internal/assets/right_chevron.png">
        <metrics statements="1" coveredstatements="1" conditionals="0" coveredconditionals="0" methods="0" coveredmethods="0"/>
        <line num="1" count="1" type="stmt"/>
      </file>
      <file name="sample.png" path="/Users/karanagrawal/Projects/kiira-mobile-video-internal/assets/sample.png">
        <metrics statements="1" coveredstatements="1" conditionals="0" coveredconditionals="0" methods="0" coveredmethods="0"/>
        <line num="1" count="1" type="stmt"/>
      </file>
      <file name="send.png" path="/Users/karanagrawal/Projects/kiira-mobile-video-internal/assets/send.png">
        <metrics statements="1" coveredstatements="1" conditionals="0" coveredconditionals="0" methods="0" coveredmethods="0"/>
        <line num="1" count="1" type="stmt"/>
      </file>
      <file name="send_message.png" path="/Users/karanagrawal/Projects/kiira-mobile-video-internal/assets/send_message.png">
        <metrics statements="1" coveredstatements="1" conditionals="0" coveredconditionals="0" methods="0" coveredmethods="0"/>
        <line num="1" count="1" type="stmt"/>
      </file>
      <file name="settings.png" path="/Users/karanagrawal/Projects/kiira-mobile-video-internal/assets/settings.png">
        <metrics statements="1" coveredstatements="1" conditionals="0" coveredconditionals="0" methods="0" coveredmethods="0"/>
        <line num="1" count="1" type="stmt"/>
      </file>
      <file name="share.png" path="/Users/karanagrawal/Projects/kiira-mobile-video-internal/assets/share.png">
        <metrics statements="1" coveredstatements="1" conditionals="0" coveredconditionals="0" methods="0" coveredmethods="0"/>
        <line num="1" count="1" type="stmt"/>
      </file>
      <file name="social.png" path="/Users/karanagrawal/Projects/kiira-mobile-video-internal/assets/social.png">
        <metrics statements="1" coveredstatements="1" conditionals="0" coveredconditionals="0" methods="0" coveredmethods="0"/>
        <line num="1" count="1" type="stmt"/>
      </file>
      <file name="sos.png" path="/Users/karanagrawal/Projects/kiira-mobile-video-internal/assets/sos.png">
        <metrics statements="1" coveredstatements="1" conditionals="0" coveredconditionals="0" methods="0" coveredmethods="0"/>
        <line num="1" count="1" type="stmt"/>
      </file>
      <file name="squad.png" path="/Users/karanagrawal/Projects/kiira-mobile-video-internal/assets/squad.png">
        <metrics statements="1" coveredstatements="1" conditionals="0" coveredconditionals="0" methods="0" coveredmethods="0"/>
        <line num="1" count="1" type="stmt"/>
      </file>
      <file name="star_rating.png" path="/Users/karanagrawal/Projects/kiira-mobile-video-internal/assets/star_rating.png">
        <metrics statements="1" coveredstatements="1" conditionals="0" coveredconditionals="0" methods="0" coveredmethods="0"/>
        <line num="1" count="1" type="stmt"/>
      </file>
      <file name="time.png" path="/Users/karanagrawal/Projects/kiira-mobile-video-internal/assets/time.png">
        <metrics statements="1" coveredstatements="1" conditionals="0" coveredconditionals="0" methods="0" coveredmethods="0"/>
        <line num="1" count="1" type="stmt"/>
      </file>
      <file name="uncheck.png" path="/Users/karanagrawal/Projects/kiira-mobile-video-internal/assets/uncheck.png">
        <metrics statements="1" coveredstatements="1" conditionals="0" coveredconditionals="0" methods="0" coveredmethods="0"/>
        <line num="1" count="1" type="stmt"/>
      </file>
      <file name="uncheck_blue.png" path="/Users/karanagrawal/Projects/kiira-mobile-video-internal/assets/uncheck_blue.png">
        <metrics statements="1" coveredstatements="1" conditionals="0" coveredconditionals="0" methods="0" coveredmethods="0"/>
        <line num="1" count="1" type="stmt"/>
      </file>
      <file name="unread_msg_icon.png" path="/Users/karanagrawal/Projects/kiira-mobile-video-internal/assets/unread_msg_icon.png">
        <metrics statements="1" coveredstatements="1" conditionals="0" coveredconditionals="0" methods="0" coveredmethods="0"/>
        <line num="1" count="1" type="stmt"/>
      </file>
      <file name="vaccines.png" path="/Users/karanagrawal/Projects/kiira-mobile-video-internal/assets/vaccines.png">
        <metrics statements="1" coveredstatements="1" conditionals="0" coveredconditionals="0" methods="0" coveredmethods="0"/>
        <line num="1" count="1" type="stmt"/>
      </file>
      <file name="xclose.png" path="/Users/karanagrawal/Projects/kiira-mobile-video-internal/assets/xclose.png">
        <metrics statements="1" coveredstatements="1" conditionals="0" coveredconditionals="0" methods="0" coveredmethods="0"/>
        <line num="1" count="1" type="stmt"/>
      </file>
      <file name="xxIcon.png" path="/Users/karanagrawal/Projects/kiira-mobile-video-internal/assets/xxIcon.png">
        <metrics statements="1" coveredstatements="1" conditionals="0" coveredconditionals="0" methods="0" coveredmethods="0"/>
        <line num="1" count="1" type="stmt"/>
      </file>
    </package>
    <package name="src.assets">
      <metrics statements="4" coveredstatements="4" conditionals="0" coveredconditionals="0" methods="0" coveredmethods="0"/>
      <file name="back-drop.png" path="/Users/karanagrawal/Projects/kiira-mobile-video-internal/src/assets/back-drop.png">
        <metrics statements="1" coveredstatements="1" conditionals="0" coveredconditionals="0" methods="0" coveredmethods="0"/>
        <line num="1" count="1" type="stmt"/>
      </file>
      <file name="page-one.png" path="/Users/karanagrawal/Projects/kiira-mobile-video-internal/src/assets/page-one.png">
        <metrics statements="1" coveredstatements="1" conditionals="0" coveredconditionals="0" methods="0" coveredmethods="0"/>
        <line num="1" count="1" type="stmt"/>
      </file>
      <file name="page-three.png" path="/Users/karanagrawal/Projects/kiira-mobile-video-internal/src/assets/page-three.png">
        <metrics statements="1" coveredstatements="1" conditionals="0" coveredconditionals="0" methods="0" coveredmethods="0"/>
        <line num="1" count="1" type="stmt"/>
      </file>
      <file name="page-two.png" path="/Users/karanagrawal/Projects/kiira-mobile-video-internal/src/assets/page-two.png">
        <metrics statements="1" coveredstatements="1" conditionals="0" coveredconditionals="0" methods="0" coveredmethods="0"/>
        <line num="1" count="1" type="stmt"/>
      </file>
    </package>
    <package name="src.components">
      <metrics statements="59" coveredstatements="59" conditionals="0" coveredconditionals="0" methods="46" coveredmethods="13"/>
      <file name="index.ts" path="/Users/karanagrawal/Projects/kiira-mobile-video-internal/src/components/index.ts">
        <metrics statements="45" coveredstatements="45" conditionals="0" coveredconditionals="0" methods="46" coveredmethods="13"/>
        <line num="1" count="1" type="stmt"/>
        <line num="2" count="1" type="stmt"/>
        <line num="3" count="4" type="stmt"/>
        <line num="4" count="1" type="stmt"/>
        <line num="5" count="1" type="stmt"/>
        <line num="6" count="10" type="stmt"/>
        <line num="7" count="4" type="stmt"/>
        <line num="8" count="7" type="stmt"/>
        <line num="9" count="5" type="stmt"/>
        <line num="10" count="1" type="stmt"/>
        <line num="11" count="9" type="stmt"/>
        <line num="12" count="1" type="stmt"/>
        <line num="13" count="1" type="stmt"/>
        <line num="14" count="1" type="stmt"/>
        <line num="15" count="10" type="stmt"/>
        <line num="16" count="1" type="stmt"/>
        <line num="17" count="1" type="stmt"/>
        <line num="18" count="1" type="stmt"/>
        <line num="19" count="4" type="stmt"/>
        <line num="20" count="10" type="stmt"/>
        <line num="21" count="1" type="stmt"/>
        <line num="22" count="1" type="stmt"/>
        <line num="23" count="1" type="stmt"/>
        <line num="24" count="1" type="stmt"/>
        <line num="25" count="1" type="stmt"/>
        <line num="26" count="1" type="stmt"/>
        <line num="27" count="1" type="stmt"/>
        <line num="28" count="1" type="stmt"/>
        <line num="29" count="1" type="stmt"/>
        <line num="30" count="1" type="stmt"/>
        <line num="31" count="1" type="stmt"/>
        <line num="32" count="1" type="stmt"/>
        <line num="33" count="1" type="stmt"/>
        <line num="34" count="16" type="stmt"/>
        <line num="35" count="4" type="stmt"/>
        <line num="36" count="6" type="stmt"/>
        <line num="37" count="1" type="stmt"/>
        <line num="38" count="25" type="stmt"/>
        <line num="39" count="1" type="stmt"/>
        <line num="40" count="1" type="stmt"/>
        <line num="41" count="1" type="stmt"/>
        <line num="42" count="1" type="stmt"/>
        <line num="43" count="1" type="stmt"/>
        <line num="44" count="1" type="stmt"/>
        <line num="45" count="1" type="stmt"/>
      </file>
      <file name="styles.ts" path="/Users/karanagrawal/Projects/kiira-mobile-video-internal/src/components/styles.ts">
        <metrics statements="14" coveredstatements="14" conditionals="0" coveredconditionals="0" methods="0" coveredmethods="0"/>
        <line num="1" count="1" type="stmt"/>
        <line num="2" count="1" type="stmt"/>
        <line num="3" count="1" type="stmt"/>
        <line num="5" count="1" type="stmt"/>
        <line num="6" count="1" type="stmt"/>
        <line num="8" count="1" type="stmt"/>
        <line num="501" count="1" type="stmt"/>
        <line num="512" count="1" type="stmt"/>
        <line num="520" count="1" type="stmt"/>
        <line num="545" count="1" type="stmt"/>
        <line num="546" count="1" type="stmt"/>
        <line num="547" count="1" type="stmt"/>
        <line num="548" count="1" type="stmt"/>
        <line num="550" count="1" type="stmt"/>
      </file>
    </package>
    <package name="src.components.avatar">
      <metrics statements="62" coveredstatements="24" conditionals="19" coveredconditionals="0" methods="16" coveredmethods="0"/>
      <file name="actions.ts" path="/Users/karanagrawal/Projects/kiira-mobile-video-internal/src/components/avatar/actions.ts">
        <metrics statements="2" coveredstatements="2" conditionals="0" coveredconditionals="0" methods="1" coveredmethods="0"/>
        <line num="1" count="1" type="stmt"/>
        <line num="3" count="1" type="stmt"/>
      </file>
      <file name="index.tsx" path="/Users/karanagrawal/Projects/kiira-mobile-video-internal/src/components/avatar/index.tsx">
        <metrics statements="56" coveredstatements="18" conditionals="19" coveredconditionals="0" methods="15" coveredmethods="0"/>
        <line num="1" count="1" type="stmt"/>
        <line num="2" count="1" type="stmt"/>
        <line num="3" count="1" type="stmt"/>
        <line num="4" count="1" type="stmt"/>
        <line num="6" count="1" type="stmt"/>
        <line num="7" count="1" type="stmt"/>
        <line num="8" count="1" type="stmt"/>
        <line num="9" count="1" type="stmt"/>
        <line num="11" count="1" type="stmt"/>
        <line num="12" count="1" type="stmt"/>
        <line num="13" count="1" type="stmt"/>
        <line num="16" count="1" type="stmt"/>
        <line num="30" count="0" type="stmt"/>
        <line num="31" count="0" type="stmt"/>
        <line num="32" count="0" type="stmt"/>
        <line num="33" count="0" type="stmt"/>
        <line num="37" count="0" type="stmt"/>
        <line num="38" count="0" type="cond" truecount="0" falsecount="1"/>
        <line num="39" count="0" type="stmt"/>
        <line num="42" count="0" type="stmt"/>
        <line num="43" count="0" type="stmt"/>
        <line num="44" count="0" type="stmt"/>
        <line num="45" count="0" type="stmt"/>
        <line num="47" count="0" type="stmt"/>
        <line num="74" count="0" type="stmt"/>
        <line num="75" count="0" type="stmt"/>
        <line num="76" count="0" type="stmt"/>
        <line num="81" count="0" type="stmt"/>
        <line num="82" count="0" type="cond" truecount="0" falsecount="2"/>
        <line num="83" count="0" type="stmt"/>
        <line num="84" count="0" type="stmt"/>
        <line num="87" count="0" type="cond" truecount="0" falsecount="2"/>
        <line num="88" count="0" type="stmt"/>
        <line num="91" count="0" type="cond" truecount="0" falsecount="2"/>
        <line num="92" count="0" type="stmt"/>
        <line num="94" count="0" type="stmt"/>
        <line num="97" count="0" type="stmt"/>
        <line num="100" count="0" type="stmt"/>
        <line num="103" count="0" type="stmt"/>
        <line num="107" count="0" type="stmt"/>
        <line num="108" count="0" type="stmt"/>
        <line num="118" count="0" type="stmt"/>
        <line num="119" count="0" type="cond" truecount="0" falsecount="2"/>
        <line num="120" count="0" type="stmt"/>
        <line num="121" count="0" type="cond" truecount="0" falsecount="2"/>
        <line num="122" count="0" type="stmt"/>
        <line num="124" count="0" type="stmt"/>
        <line num="129" count="0" type="stmt"/>
        <line num="157" count="1" type="stmt"/>
        <line num="159" count="1" type="stmt"/>
        <line num="178" count="1" type="stmt"/>
        <line num="195" count="1" type="stmt"/>
        <line num="200" count="1" type="stmt"/>
        <line num="201" count="0" type="stmt"/>
        <line num="202" count="0" type="stmt"/>
        <line num="205" count="1" type="stmt"/>
      </file>
      <file name="styles.ts" path="/Users/karanagrawal/Projects/kiira-mobile-video-internal/src/components/avatar/styles.ts">
        <metrics statements="4" coveredstatements="4" conditionals="0" coveredconditionals="0" methods="0" coveredmethods="0"/>
        <line num="1" count="1" type="stmt"/>
        <line num="2" count="1" type="stmt"/>
        <line num="4" count="1" type="stmt"/>
        <line num="31" count="1" type="stmt"/>
      </file>
    </package>
    <package name="src.components.bold">
      <metrics statements="3" coveredstatements="2" conditionals="0" coveredconditionals="0" methods="1" coveredmethods="0"/>
      <file name="index.js" path="/Users/karanagrawal/Projects/kiira-mobile-video-internal/src/components/bold/index.js">
        <metrics statements="3" coveredstatements="2" conditionals="0" coveredconditionals="0" methods="1" coveredmethods="0"/>
        <line num="5" count="1" type="stmt"/>
        <line num="6" count="0" type="stmt"/>
        <line num="11" count="1" type="stmt"/>
      </file>
    </package>
    <package name="src.components.button">
      <metrics statements="12" coveredstatements="9" conditionals="0" coveredconditionals="0" methods="2" coveredmethods="0"/>
      <file name="index.tsx" path="/Users/karanagrawal/Projects/kiira-mobile-video-internal/src/components/button/index.tsx">
        <metrics statements="9" coveredstatements="6" conditionals="0" coveredconditionals="0" methods="2" coveredmethods="0"/>
        <line num="1" count="1" type="stmt"/>
        <line num="2" count="1" type="stmt"/>
        <line num="9" count="1" type="stmt"/>
        <line num="23" count="1" type="stmt"/>
        <line num="24" count="0" type="stmt"/>
        <line num="25" count="0" type="stmt"/>
        <line num="28" count="0" type="stmt"/>
        <line num="41" count="1" type="stmt"/>
        <line num="52" count="1" type="stmt"/>
      </file>
      <file name="styles.ts" path="/Users/karanagrawal/Projects/kiira-mobile-video-internal/src/components/button/styles.ts">
        <metrics statements="3" coveredstatements="3" conditionals="0" coveredconditionals="0" methods="0" coveredmethods="0"/>
        <line num="1" count="1" type="stmt"/>
        <line num="2" count="1" type="stmt"/>
        <line num="4" count="1" type="stmt"/>
      </file>
    </package>
    <package name="src.components.card">
      <metrics statements="14" coveredstatements="12" conditionals="2" coveredconditionals="0" methods="1" coveredmethods="0"/>
      <file name="index.tsx" path="/Users/karanagrawal/Projects/kiira-mobile-video-internal/src/components/card/index.tsx">
        <metrics statements="11" coveredstatements="9" conditionals="2" coveredconditionals="0" methods="1" coveredmethods="0"/>
        <line num="1" count="1" type="stmt"/>
        <line num="2" count="1" type="stmt"/>
        <line num="3" count="1" type="stmt"/>
        <line num="4" count="1" type="stmt"/>
        <line num="5" count="1" type="stmt"/>
        <line num="7" count="1" type="stmt"/>
        <line num="8" count="0" type="stmt"/>
        <line num="28" count="0" type="stmt"/>
        <line num="42" count="1" type="stmt"/>
        <line num="50" count="1" type="stmt"/>
        <line num="55" count="1" type="stmt"/>
      </file>
      <file name="styles.ts" path="/Users/karanagrawal/Projects/kiira-mobile-video-internal/src/components/card/styles.ts">
        <metrics statements="3" coveredstatements="3" conditionals="0" coveredconditionals="0" methods="0" coveredmethods="0"/>
        <line num="1" count="1" type="stmt"/>
        <line num="2" count="1" type="stmt"/>
        <line num="4" count="1" type="stmt"/>
      </file>
    </package>
    <package name="src.components.carousel">
      <metrics statements="3" coveredstatements="3" conditionals="0" coveredconditionals="0" methods="3" coveredmethods="0"/>
      <file name="index.ts" path="/Users/karanagrawal/Projects/kiira-mobile-video-internal/src/components/carousel/index.ts">
        <metrics statements="3" coveredstatements="3" conditionals="0" coveredconditionals="0" methods="3" coveredmethods="0"/>
        <line num="1" count="1" type="stmt"/>
        <line num="2" count="1" type="stmt"/>
        <line num="3" count="1" type="stmt"/>
      </file>
    </package>
    <package name="src.components.carousel.components.carousel">
      <metrics statements="116" coveredstatements="10" conditionals="46" coveredconditionals="0" methods="25" coveredmethods="0"/>
      <file name="index.tsx" path="/Users/karanagrawal/Projects/kiira-mobile-video-internal/src/components/carousel/components/carousel/index.tsx">
        <metrics statements="114" coveredstatements="8" conditionals="46" coveredconditionals="0" methods="25" coveredmethods="0"/>
        <line num="1" count="1" type="stmt"/>
        <line num="2" count="1" type="stmt"/>
        <line num="10" count="1" type="stmt"/>
        <line num="15" count="1" type="stmt"/>
        <line num="17" count="1" type="stmt"/>
        <line num="19" count="1" type="stmt"/>
        <line num="31" count="0" type="stmt"/>
        <line num="33" count="0" type="stmt"/>
        <line num="34" count="0" type="stmt"/>
        <line num="35" count="0" type="stmt"/>
        <line num="37" count="0" type="stmt"/>
        <line num="38" count="0" type="stmt"/>
        <line num="41" count="0" type="stmt"/>
        <line num="42" count="0" type="stmt"/>
        <line num="43" count="0" type="stmt"/>
        <line num="45" count="0" type="stmt"/>
        <line num="48" count="0" type="stmt"/>
        <line num="49" count="0" type="stmt"/>
        <line num="52" count="0" type="cond" truecount="0" falsecount="1"/>
        <line num="53" count="0" type="stmt"/>
        <line num="54" count="0" type="stmt"/>
        <line num="56" count="0" type="stmt"/>
        <line num="58" count="0" type="stmt"/>
        <line num="60" count="0" type="stmt"/>
        <line num="63" count="0" type="stmt"/>
        <line num="66" count="0" type="stmt"/>
        <line num="71" count="0" type="stmt"/>
        <line num="74" count="0" type="stmt"/>
        <line num="75" count="0" type="stmt"/>
        <line num="80" count="0" type="stmt"/>
        <line num="81" count="0" type="cond" truecount="0" falsecount="2"/>
        <line num="84" count="0" type="stmt"/>
        <line num="85" count="0" type="cond" truecount="0" falsecount="1"/>
        <line num="86" count="0" type="stmt"/>
        <line num="88" count="0" type="stmt"/>
        <line num="91" count="0" type="stmt"/>
        <line num="92" count="0" type="stmt"/>
        <line num="94" count="0" type="cond" truecount="0" falsecount="1"/>
        <line num="95" count="0" type="stmt"/>
        <line num="96" count="0" type="stmt"/>
        <line num="101" count="0" type="stmt"/>
        <line num="102" count="0" type="cond" truecount="0" falsecount="1"/>
        <line num="103" count="0" type="stmt"/>
        <line num="104" count="0" type="stmt"/>
        <line num="108" count="0" type="stmt"/>
        <line num="109" count="0" type="stmt"/>
        <line num="110" count="0" type="stmt"/>
        <line num="111" count="0" type="stmt"/>
        <line num="112" count="0" type="cond" truecount="0" falsecount="1"/>
        <line num="113" count="0" type="stmt"/>
        <line num="114" count="0" type="stmt"/>
        <line num="118" count="0" type="stmt"/>
        <line num="119" count="0" type="cond" truecount="0" falsecount="1"/>
        <line num="120" count="0" type="stmt"/>
        <line num="122" count="0" type="stmt"/>
        <line num="123" count="0" type="stmt"/>
        <line num="128" count="0" type="cond" truecount="0" falsecount="2"/>
        <line num="132" count="0" type="stmt"/>
        <line num="133" count="0" type="cond" truecount="0" falsecount="2"/>
        <line num="137" count="0" type="stmt"/>
        <line num="139" count="0" type="stmt"/>
        <line num="142" count="0" type="cond" truecount="0" falsecount="1"/>
        <line num="144" count="0" type="stmt"/>
        <line num="147" count="0" type="stmt"/>
        <line num="148" count="0" type="cond" truecount="0" falsecount="3"/>
        <line num="149" count="0" type="stmt"/>
        <line num="152" count="0" type="stmt"/>
        <line num="157" count="0" type="cond" truecount="0" falsecount="1"/>
        <line num="158" count="0" type="stmt"/>
        <line num="161" count="0" type="cond" truecount="0" falsecount="1"/>
        <line num="162" count="0" type="stmt"/>
        <line num="165" count="0" type="cond" truecount="0" falsecount="1"/>
        <line num="166" count="0" type="stmt"/>
        <line num="169" count="0" type="stmt"/>
        <line num="170" count="0" type="stmt"/>
        <line num="171" count="0" type="cond" truecount="0" falsecount="3"/>
        <line num="172" count="0" type="stmt"/>
        <line num="176" count="0" type="cond" truecount="0" falsecount="2"/>
        <line num="177" count="0" type="stmt"/>
        <line num="178" count="0" type="stmt"/>
        <line num="180" count="0" type="stmt"/>
        <line num="183" count="0" type="stmt"/>
        <line num="184" count="0" type="stmt"/>
        <line num="185" count="0" type="stmt"/>
        <line num="186" count="0" type="stmt"/>
        <line num="187" count="0" type="stmt"/>
        <line num="188" count="0" type="stmt"/>
        <line num="191" count="0" type="stmt"/>
        <line num="192" count="0" type="stmt"/>
        <line num="193" count="0" type="stmt"/>
        <line num="194" count="0" type="stmt"/>
        <line num="198" count="0" type="stmt"/>
        <line num="199" count="0" type="cond" truecount="0" falsecount="1"/>
        <line num="200" count="0" type="stmt"/>
        <line num="203" count="0" type="stmt"/>
        <line num="204" count="0" type="cond" truecount="0" falsecount="2"/>
        <line num="205" count="0" type="cond" truecount="0" falsecount="2"/>
        <line num="206" count="0" type="stmt"/>
        <line num="207" count="0" type="cond" truecount="0" falsecount="2"/>
        <line num="208" count="0" type="stmt"/>
        <line num="210" count="0" type="stmt"/>
        <line num="213" count="0" type="stmt"/>
        <line num="217" count="0" type="stmt"/>
        <line num="218" count="0" type="cond" truecount="0" falsecount="1"/>
        <line num="219" count="0" type="cond" truecount="0" falsecount="1"/>
        <line num="221" count="0" type="cond" truecount="0" falsecount="2"/>
        <line num="222" count="0" type="stmt"/>
        <line num="223" count="0" type="cond" truecount="0" falsecount="1"/>
        <line num="224" count="0" type="stmt"/>
        <line num="228" count="0" type="stmt"/>
        <line num="233" count="0" type="stmt"/>
        <line num="275" count="1" type="stmt"/>
        <line num="283" count="0" type="stmt"/>
        <line num="291" count="1" type="stmt"/>
      </file>
      <file name="styles.ts" path="/Users/karanagrawal/Projects/kiira-mobile-video-internal/src/components/carousel/components/carousel/styles.ts">
        <metrics statements="2" coveredstatements="2" conditionals="0" coveredconditionals="0" methods="0" coveredmethods="0"/>
        <line num="1" count="1" type="stmt"/>
        <line num="3" count="1" type="stmt"/>
      </file>
    </package>
    <package name="src.components.carousel.components.pageIndicator">
      <metrics statements="10" coveredstatements="8" conditionals="8" coveredconditionals="0" methods="2" coveredmethods="0"/>
      <file name="index.tsx" path="/Users/karanagrawal/Projects/kiira-mobile-video-internal/src/components/carousel/components/pageIndicator/index.tsx">
        <metrics statements="8" coveredstatements="6" conditionals="8" coveredconditionals="0" methods="2" coveredmethods="0"/>
        <line num="1" count="1" type="stmt"/>
        <line num="2" count="1" type="stmt"/>
        <line num="4" count="1" type="stmt"/>
        <line num="6" count="1" type="stmt"/>
        <line num="14" count="0" type="stmt"/>
        <line num="16" count="0" type="stmt"/>
        <line num="53" count="1" type="stmt"/>
        <line num="62" count="1" type="stmt"/>
      </file>
      <file name="styles.ts" path="/Users/karanagrawal/Projects/kiira-mobile-video-internal/src/components/carousel/components/pageIndicator/styles.ts">
        <metrics statements="2" coveredstatements="2" conditionals="0" coveredconditionals="0" methods="0" coveredmethods="0"/>
        <line num="1" count="1" type="stmt"/>
        <line num="3" count="1" type="stmt"/>
      </file>
    </package>
    <package name="src.components.carousel.components.pages">
      <metrics statements="11" coveredstatements="5" conditionals="3" coveredconditionals="0" methods="2" coveredmethods="0"/>
      <file name="index.tsx" path="/Users/karanagrawal/Projects/kiira-mobile-video-internal/src/components/carousel/components/pages/index.tsx">
        <metrics statements="11" coveredstatements="5" conditionals="3" coveredconditionals="0" methods="2" coveredmethods="0"/>
        <line num="1" count="1" type="stmt"/>
        <line num="2" count="1" type="stmt"/>
        <line num="5" count="1" type="stmt"/>
        <line num="6" count="0" type="stmt"/>
        <line num="8" count="0" type="cond" truecount="0" falsecount="3"/>
        <line num="9" count="0" type="stmt"/>
        <line num="10" count="0" type="stmt"/>
        <line num="13" count="0" type="stmt"/>
        <line num="16" count="0" type="stmt"/>
        <line num="23" count="1" type="stmt"/>
        <line num="28" count="1" type="stmt"/>
      </file>
    </package>
    <package name="src.components.carousel.helpers">
      <metrics statements="11" coveredstatements="4" conditionals="7" coveredconditionals="0" methods="3" coveredmethods="0"/>
      <file name="index.ts" path="/Users/karanagrawal/Projects/kiira-mobile-video-internal/src/components/carousel/helpers/index.ts">
        <metrics statements="11" coveredstatements="4" conditionals="7" coveredconditionals="0" methods="3" coveredmethods="0"/>
        <line num="1" count="1" type="stmt"/>
        <line num="4" count="1" type="stmt"/>
        <line num="5" count="0" type="stmt"/>
        <line num="8" count="1" type="stmt"/>
        <line num="13" count="0" type="stmt"/>
        <line num="15" count="0" type="cond" truecount="0" falsecount="1"/>
        <line num="16" count="0" type="cond" truecount="0" falsecount="2"/>
        <line num="18" count="0" type="stmt"/>
        <line num="21" count="1" type="stmt"/>
        <line num="25" count="0" type="stmt"/>
        <line num="26" count="0" type="cond" truecount="0" falsecount="4"/>
      </file>
    </package>
    <package name="src.components.checkBox">
      <metrics statements="23" coveredstatements="14" conditionals="2" coveredconditionals="0" methods="4" coveredmethods="0"/>
      <file name="index.tsx" path="/Users/karanagrawal/Projects/kiira-mobile-video-internal/src/components/checkBox/index.tsx">
        <metrics statements="20" coveredstatements="11" conditionals="2" coveredconditionals="0" methods="4" coveredmethods="0"/>
        <line num="1" count="1" type="stmt"/>
        <line num="2" count="1" type="stmt"/>
        <line num="3" count="1" type="stmt"/>
        <line num="4" count="1" type="stmt"/>
        <line num="5" count="1" type="stmt"/>
        <line num="6" count="1" type="stmt"/>
        <line num="7" count="1" type="stmt"/>
        <line num="9" count="1" type="stmt"/>
        <line num="10" count="0" type="stmt"/>
        <line num="12" count="0" type="stmt"/>
        <line num="13" count="0" type="stmt"/>
        <line num="16" count="0" type="stmt"/>
        <line num="17" count="0" type="stmt"/>
        <line num="18" count="0" type="stmt"/>
        <line num="21" count="0" type="stmt"/>
        <line num="23" count="0" type="stmt"/>
        <line num="28" count="0" type="stmt"/>
        <line num="44" count="1" type="stmt"/>
        <line num="54" count="1" type="stmt"/>
        <line num="61" count="1" type="stmt"/>
      </file>
      <file name="styles.ts" path="/Users/karanagrawal/Projects/kiira-mobile-video-internal/src/components/checkBox/styles.ts">
        <metrics statements="3" coveredstatements="3" conditionals="0" coveredconditionals="0" methods="0" coveredmethods="0"/>
        <line num="1" count="1" type="stmt"/>
        <line num="2" count="1" type="stmt"/>
        <line num="4" count="1" type="stmt"/>
      </file>
    </package>
    <package name="src.components.column">
      <metrics statements="6" coveredstatements="6" conditionals="3" coveredconditionals="1" methods="1" coveredmethods="1"/>
      <file name="index.tsx" path="/Users/karanagrawal/Projects/kiira-mobile-video-internal/src/components/column/index.tsx">
        <metrics statements="6" coveredstatements="6" conditionals="3" coveredconditionals="1" methods="1" coveredmethods="1"/>
        <line num="1" count="1" type="stmt"/>
        <line num="2" count="1" type="stmt"/>
        <line num="4" count="1" type="cond" truecount="0" falsecount="1"/>
        <line num="5" count="9" type="stmt"/>
        <line num="12" count="1" type="stmt"/>
        <line num="19" count="1" type="stmt"/>
      </file>
    </package>
    <package name="src.components.conditional">
      <metrics statements="3" coveredstatements="3" conditionals="2" coveredconditionals="1" methods="1" coveredmethods="1"/>
      <file name="index.ts" path="/Users/karanagrawal/Projects/kiira-mobile-video-internal/src/components/conditional/index.ts">
        <metrics statements="3" coveredstatements="3" conditionals="2" coveredconditionals="1" methods="1" coveredmethods="1"/>
        <line num="1" count="1" type="stmt"/>
        <line num="2" count="3" type="cond" truecount="1" falsecount="1"/>
        <line num="5" count="1" type="stmt"/>
      </file>
    </package>
    <package name="src.components.container">
      <metrics statements="17" coveredstatements="17" conditionals="0" coveredconditionals="0" methods="1" coveredmethods="1"/>
      <file name="index.tsx" path="/Users/karanagrawal/Projects/kiira-mobile-video-internal/src/components/container/index.tsx">
        <metrics statements="13" coveredstatements="13" conditionals="0" coveredconditionals="0" methods="1" coveredmethods="1"/>
        <line num="1" count="1" type="stmt"/>
        <line num="2" count="1" type="stmt"/>
        <line num="3" count="1" type="stmt"/>
        <line num="4" count="1" type="stmt"/>
        <line num="5" count="1" type="stmt"/>
        <line num="6" count="1" type="stmt"/>
        <line num="8" count="1" type="stmt"/>
        <line num="16" count="6" type="stmt"/>
        <line num="17" count="6" type="stmt"/>
        <line num="38" count="6" type="stmt"/>
        <line num="62" count="1" type="stmt"/>
        <line num="74" count="1" type="stmt"/>
        <line num="82" count="1" type="stmt"/>
      </file>
      <file name="styles.ts" path="/Users/karanagrawal/Projects/kiira-mobile-video-internal/src/components/container/styles.ts">
        <metrics statements="4" coveredstatements="4" conditionals="0" coveredconditionals="0" methods="0" coveredmethods="0"/>
        <line num="1" count="1" type="stmt"/>
        <line num="2" count="1" type="stmt"/>
        <line num="4" count="1" type="stmt"/>
        <line num="21" count="1" type="stmt"/>
      </file>
    </package>
    <package name="src.components.customButton">
      <metrics statements="6" coveredstatements="6" conditionals="0" coveredconditionals="0" methods="1" coveredmethods="1"/>
      <file name="index.tsx" path="/Users/karanagrawal/Projects/kiira-mobile-video-internal/src/components/customButton/index.tsx">
        <metrics statements="6" coveredstatements="6" conditionals="0" coveredconditionals="0" methods="1" coveredmethods="1"/>
        <line num="1" count="1" type="stmt"/>
        <line num="2" count="1" type="stmt"/>
        <line num="3" count="1" type="stmt"/>
        <line num="14" count="1" type="stmt"/>
        <line num="22" count="4" type="stmt"/>
        <line num="32" count="1" type="stmt"/>
      </file>
    </package>
    <package name="src.components.customInputText">
      <metrics statements="21" coveredstatements="9" conditionals="5" coveredconditionals="0" methods="4" coveredmethods="0"/>
      <file name="index.tsx" path="/Users/karanagrawal/Projects/kiira-mobile-video-internal/src/components/customInputText/index.tsx">
        <metrics statements="17" coveredstatements="5" conditionals="5" coveredconditionals="0" methods="4" coveredmethods="0"/>
        <line num="1" count="1" type="stmt"/>
        <line num="2" count="1" type="stmt"/>
        <line num="3" count="1" type="stmt"/>
        <line num="10" count="0" type="stmt"/>
        <line num="12" count="0" type="stmt"/>
        <line num="13" count="0" type="stmt"/>
        <line num="15" count="0" type="cond" truecount="0" falsecount="1"/>
        <line num="16" count="0" type="stmt"/>
        <line num="17" count="0" type="stmt"/>
        <line num="20" count="0" type="stmt"/>
        <line num="27" count="0" type="stmt"/>
        <line num="33" count="0" type="stmt"/>
        <line num="41" count="0" type="stmt"/>
        <line num="57" count="1" type="stmt"/>
        <line num="58" count="0" type="stmt"/>
        <line num="59" count="0" type="stmt"/>
        <line num="69" count="1" type="stmt"/>
      </file>
      <file name="style.ts" path="/Users/karanagrawal/Projects/kiira-mobile-video-internal/src/components/customInputText/style.ts">
        <metrics statements="4" coveredstatements="4" conditionals="0" coveredconditionals="0" methods="0" coveredmethods="0"/>
        <line num="1" count="1" type="stmt"/>
        <line num="2" count="1" type="stmt"/>
        <line num="4" count="1" type="stmt"/>
        <line num="29" count="1" type="stmt"/>
      </file>
    </package>
    <package name="src.components.customLoader">
      <metrics statements="8" coveredstatements="6" conditionals="6" coveredconditionals="2" methods="1" coveredmethods="1"/>
      <file name="reducer.ts" path="/Users/karanagrawal/Projects/kiira-mobile-video-internal/src/components/customLoader/reducer.ts">
        <metrics statements="8" coveredstatements="6" conditionals="6" coveredconditionals="2" methods="1" coveredmethods="1"/>
        <line num="1" count="1" type="stmt"/>
        <line num="3" count="1" type="stmt"/>
        <line num="7" count="1" type="cond" truecount="1" falsecount="0"/>
        <line num="8" count="2" type="cond" truecount="1" falsecount="2"/>
        <line num="10" count="0" type="stmt"/>
        <line num="16" count="0" type="stmt"/>
        <line num="22" count="2" type="stmt"/>
        <line num="26" count="1" type="stmt"/>
      </file>
    </package>
    <package name="src.components.customModal">
      <metrics statements="14" coveredstatements="11" conditionals="7" coveredconditionals="2" methods="5" coveredmethods="1"/>
      <file name="action.ts" path="/Users/karanagrawal/Projects/kiira-mobile-video-internal/src/components/customModal/action.ts">
        <metrics statements="5" coveredstatements="5" conditionals="0" coveredconditionals="0" methods="4" coveredmethods="0"/>
        <line num="1" count="1" type="stmt"/>
        <line num="7" count="1" type="stmt"/>
        <line num="12" count="1" type="stmt"/>
        <line num="17" count="1" type="stmt"/>
        <line num="23" count="1" type="stmt"/>
      </file>
      <file name="reducer.ts" path="/Users/karanagrawal/Projects/kiira-mobile-video-internal/src/components/customModal/reducer.ts">
        <metrics statements="9" coveredstatements="6" conditionals="7" coveredconditionals="2" methods="1" coveredmethods="1"/>
        <line num="1" count="1" type="stmt"/>
        <line num="7" count="1" type="stmt"/>
        <line num="24" count="1" type="cond" truecount="1" falsecount="0"/>
        <line num="25" count="2" type="cond" truecount="1" falsecount="3"/>
        <line num="27" count="0" type="stmt"/>
        <line num="33" count="0" type="stmt"/>
        <line num="40" count="0" type="stmt"/>
        <line num="58" count="2" type="stmt"/>
        <line num="62" count="1" type="stmt"/>
      </file>
    </package>
    <package name="src.components.customText">
      <metrics statements="9" coveredstatements="9" conditionals="0" coveredconditionals="0" methods="1" coveredmethods="1"/>
      <file name="index.tsx" path="/Users/karanagrawal/Projects/kiira-mobile-video-internal/src/components/customText/index.tsx">
        <metrics statements="6" coveredstatements="6" conditionals="0" coveredconditionals="0" methods="1" coveredmethods="1"/>
        <line num="1" count="1" type="stmt"/>
        <line num="2" count="1" type="stmt"/>
        <line num="3" count="1" type="stmt"/>
        <line num="11" count="1" type="stmt"/>
        <line num="12" count="12" type="stmt"/>
        <line num="21" count="1" type="stmt"/>
      </file>
      <file name="style.ts" path="/Users/karanagrawal/Projects/kiira-mobile-video-internal/src/components/customText/style.ts">
        <metrics statements="3" coveredstatements="3" conditionals="0" coveredconditionals="0" methods="0" coveredmethods="0"/>
        <line num="1" count="1" type="stmt"/>
        <line num="3" count="1" type="stmt"/>
        <line num="9" count="1" type="stmt"/>
      </file>
    </package>
    <package name="src.components.customToast">
      <metrics statements="8" coveredstatements="6" conditionals="6" coveredconditionals="2" methods="1" coveredmethods="1"/>
      <file name="reducer.ts" path="/Users/karanagrawal/Projects/kiira-mobile-video-internal/src/components/customToast/reducer.ts">
        <metrics statements="8" coveredstatements="6" conditionals="6" coveredconditionals="2" methods="1" coveredmethods="1"/>
        <line num="1" count="1" type="stmt"/>
        <line num="3" count="1" type="stmt"/>
        <line num="10" count="1" type="cond" truecount="1" falsecount="0"/>
        <line num="11" count="2" type="cond" truecount="1" falsecount="2"/>
        <line num="13" count="0" type="stmt"/>
        <line num="21" count="0" type="stmt"/>
        <line num="26" count="2" type="stmt"/>
        <line num="30" count="1" type="stmt"/>
      </file>
    </package>
    <package name="src.components.divider">
      <metrics statements="13" coveredstatements="11" conditionals="0" coveredconditionals="0" methods="1" coveredmethods="0"/>
      <file name="index.tsx" path="/Users/karanagrawal/Projects/kiira-mobile-video-internal/src/components/divider/index.tsx">
        <metrics statements="10" coveredstatements="8" conditionals="0" coveredconditionals="0" methods="1" coveredmethods="0"/>
        <line num="1" count="1" type="stmt"/>
        <line num="2" count="1" type="stmt"/>
        <line num="3" count="1" type="stmt"/>
        <line num="4" count="1" type="stmt"/>
        <line num="6" count="1" type="stmt"/>
        <line num="7" count="0" type="stmt"/>
        <line num="11" count="0" type="stmt"/>
        <line num="14" count="1" type="stmt"/>
        <line num="20" count="1" type="stmt"/>
        <line num="24" count="1" type="stmt"/>
      </file>
      <file name="styles.ts" path="/Users/karanagrawal/Projects/kiira-mobile-video-internal/src/components/divider/styles.ts">
        <metrics statements="3" coveredstatements="3" conditionals="0" coveredconditionals="0" methods="0" coveredmethods="0"/>
        <line num="1" count="1" type="stmt"/>
        <line num="2" count="1" type="stmt"/>
        <line num="4" count="1" type="stmt"/>
      </file>
    </package>
    <package name="src.components.dot">
      <metrics statements="7" coveredstatements="6" conditionals="0" coveredconditionals="0" methods="1" coveredmethods="0"/>
      <file name="index.tsx" path="/Users/karanagrawal/Projects/kiira-mobile-video-internal/src/components/dot/index.tsx">
        <metrics statements="7" coveredstatements="6" conditionals="0" coveredconditionals="0" methods="1" coveredmethods="0"/>
        <line num="1" count="1" type="stmt"/>
        <line num="2" count="1" type="stmt"/>
        <line num="3" count="1" type="stmt"/>
        <line num="5" count="1" type="stmt"/>
        <line num="6" count="0" type="stmt"/>
        <line num="13" count="1" type="stmt"/>
        <line num="15" count="1" type="stmt"/>
      </file>
    </package>
    <package name="src.components.expertHeader">
      <metrics statements="15" coveredstatements="13" conditionals="0" coveredconditionals="0" methods="2" coveredmethods="0"/>
      <file name="index.tsx" path="/Users/karanagrawal/Projects/kiira-mobile-video-internal/src/components/expertHeader/index.tsx">
        <metrics statements="10" coveredstatements="8" conditionals="0" coveredconditionals="0" methods="2" coveredmethods="0"/>
        <line num="1" count="1" type="stmt"/>
        <line num="2" count="1" type="stmt"/>
        <line num="3" count="1" type="stmt"/>
        <line num="4" count="1" type="stmt"/>
        <line num="5" count="1" type="stmt"/>
        <line num="7" count="1" type="stmt"/>
        <line num="8" count="0" type="stmt"/>
        <line num="12" count="0" type="stmt"/>
        <line num="25" count="1" type="stmt"/>
        <line num="29" count="1" type="stmt"/>
      </file>
      <file name="style.ts" path="/Users/karanagrawal/Projects/kiira-mobile-video-internal/src/components/expertHeader/style.ts">
        <metrics statements="5" coveredstatements="5" conditionals="0" coveredconditionals="0" methods="0" coveredmethods="0"/>
        <line num="1" count="1" type="stmt"/>
        <line num="2" count="1" type="stmt"/>
        <line num="3" count="1" type="stmt"/>
        <line num="5" count="1" type="stmt"/>
        <line num="31" count="1" type="stmt"/>
      </file>
    </package>
    <package name="src.components.footerNavigation">
      <metrics statements="12" coveredstatements="11" conditionals="0" coveredconditionals="0" methods="3" coveredmethods="0"/>
      <file name="index.tsx" path="/Users/karanagrawal/Projects/kiira-mobile-video-internal/src/components/footerNavigation/index.tsx">
        <metrics statements="10" coveredstatements="9" conditionals="0" coveredconditionals="0" methods="3" coveredmethods="0"/>
        <line num="1" count="1" type="stmt"/>
        <line num="2" count="1" type="stmt"/>
        <line num="3" count="1" type="stmt"/>
        <line num="4" count="1" type="stmt"/>
        <line num="5" count="1" type="stmt"/>
        <line num="7" count="1" type="stmt"/>
        <line num="17" count="0" type="stmt"/>
        <line num="39" count="1" type="stmt"/>
        <line num="50" count="1" type="stmt"/>
        <line num="61" count="1" type="stmt"/>
      </file>
      <file name="styles.ts" path="/Users/karanagrawal/Projects/kiira-mobile-video-internal/src/components/footerNavigation/styles.ts">
        <metrics statements="2" coveredstatements="2" conditionals="0" coveredconditionals="0" methods="0" coveredmethods="0"/>
        <line num="1" count="1" type="stmt"/>
        <line num="3" count="1" type="stmt"/>
      </file>
    </package>
    <package name="src.components.header">
      <metrics statements="24" coveredstatements="21" conditionals="31" coveredconditionals="12" methods="2" coveredmethods="1"/>
      <file name="index.tsx" path="/Users/karanagrawal/Projects/kiira-mobile-video-internal/src/components/header/index.tsx">
        <metrics statements="20" coveredstatements="17" conditionals="31" coveredconditionals="12" methods="2" coveredmethods="1"/>
        <line num="1" count="1" type="stmt"/>
        <line num="2" count="1" type="stmt"/>
        <line num="3" count="1" type="stmt"/>
        <line num="4" count="1" type="stmt"/>
        <line num="5" count="1" type="stmt"/>
        <line num="6" count="1" type="stmt"/>
        <line num="7" count="1" type="stmt"/>
        <line num="8" count="1" type="stmt"/>
        <line num="9" count="1" type="stmt"/>
        <line num="31" count="1" type="stmt"/>
        <line num="32" count="9" type="stmt"/>
        <line num="72" count="9" type="stmt"/>
        <line num="73" count="0" type="cond" truecount="0" falsecount="1"/>
        <line num="74" count="0" type="stmt"/>
        <line num="78" count="0" type="stmt"/>
        <line num="81" count="9" type="stmt"/>
        <line num="184" count="1" type="stmt"/>
        <line num="204" count="1" type="stmt"/>
        <line num="216" count="1" type="stmt"/>
        <line num="218" count="1" type="stmt"/>
      </file>
      <file name="styles.ts" path="/Users/karanagrawal/Projects/kiira-mobile-video-internal/src/components/header/styles.ts">
        <metrics statements="4" coveredstatements="4" conditionals="0" coveredconditionals="0" methods="0" coveredmethods="0"/>
        <line num="1" count="1" type="stmt"/>
        <line num="2" count="1" type="stmt"/>
        <line num="4" count="1" type="stmt"/>
        <line num="90" count="1" type="stmt"/>
      </file>
    </package>
    <package name="src.components.heading">
      <metrics statements="6" coveredstatements="5" conditionals="3" coveredconditionals="0" methods="1" coveredmethods="0"/>
      <file name="index.tsx" path="/Users/karanagrawal/Projects/kiira-mobile-video-internal/src/components/heading/index.tsx">
        <metrics statements="6" coveredstatements="5" conditionals="3" coveredconditionals="0" methods="1" coveredmethods="0"/>
        <line num="1" count="1" type="stmt"/>
        <line num="2" count="1" type="stmt"/>
        <line num="3" count="1" type="stmt"/>
        <line num="5" count="1" type="cond" truecount="0" falsecount="1"/>
        <line num="6" count="0" type="cond" truecount="0" falsecount="2"/>
        <line num="9" count="1" type="stmt"/>
      </file>
    </package>
    <package name="src.components.iPhoneXHelper">
      <metrics statements="11" coveredstatements="7" conditionals="12" coveredconditionals="8" methods="4" coveredmethods="2"/>
      <file name="index.ts" path="/Users/karanagrawal/Projects/kiira-mobile-video-internal/src/components/iPhoneXHelper/index.ts">
        <metrics statements="11" coveredstatements="7" conditionals="12" coveredconditionals="8" methods="4" coveredmethods="2"/>
        <line num="1" count="1" type="stmt"/>
        <line num="3" count="1" type="stmt"/>
        <line num="4" count="1" type="stmt"/>
        <line num="5" count="1" type="stmt"/>
        <line num="16" count="1" type="stmt"/>
        <line num="17" count="0" type="cond" truecount="0" falsecount="1"/>
        <line num="18" count="0" type="stmt"/>
        <line num="20" count="0" type="stmt"/>
        <line num="23" count="1" type="stmt"/>
        <line num="24" count="0" type="stmt"/>
        <line num="29" count="1" type="cond" truecount="1" falsecount="1"/>
      </file>
    </package>
    <package name="src.components.icon">
      <metrics statements="6" coveredstatements="5" conditionals="3" coveredconditionals="0" methods="1" coveredmethods="0"/>
      <file name="index.tsx" path="/Users/karanagrawal/Projects/kiira-mobile-video-internal/src/components/icon/index.tsx">
        <metrics statements="6" coveredstatements="5" conditionals="3" coveredconditionals="0" methods="1" coveredmethods="0"/>
        <line num="1" count="1" type="stmt"/>
        <line num="2" count="1" type="stmt"/>
        <line num="4" count="1" type="cond" truecount="0" falsecount="1"/>
        <line num="5" count="0" type="stmt"/>
        <line num="13" count="1" type="stmt"/>
        <line num="20" count="1" type="stmt"/>
      </file>
    </package>
    <package name="src.components.iconButton">
      <metrics statements="20" coveredstatements="15" conditionals="2" coveredconditionals="0" methods="3" coveredmethods="0"/>
      <file name="index.tsx" path="/Users/karanagrawal/Projects/kiira-mobile-video-internal/src/components/iconButton/index.tsx">
        <metrics statements="16" coveredstatements="11" conditionals="2" coveredconditionals="0" methods="3" coveredmethods="0"/>
        <line num="1" count="1" type="stmt"/>
        <line num="2" count="1" type="stmt"/>
        <line num="3" count="1" type="stmt"/>
        <line num="4" count="1" type="stmt"/>
        <line num="5" count="1" type="stmt"/>
        <line num="6" count="1" type="stmt"/>
        <line num="20" count="1" type="stmt"/>
        <line num="21" count="0" type="stmt"/>
        <line num="34" count="0" type="stmt"/>
        <line num="35" count="0" type="stmt"/>
        <line num="36" count="0" type="stmt"/>
        <line num="39" count="0" type="stmt"/>
        <line num="60" count="1" type="stmt"/>
        <line num="62" count="1" type="stmt"/>
        <line num="76" count="1" type="stmt"/>
        <line num="85" count="1" type="stmt"/>
      </file>
      <file name="styles.ts" path="/Users/karanagrawal/Projects/kiira-mobile-video-internal/src/components/iconButton/styles.ts">
        <metrics statements="4" coveredstatements="4" conditionals="0" coveredconditionals="0" methods="0" coveredmethods="0"/>
        <line num="1" count="1" type="stmt"/>
        <line num="2" count="1" type="stmt"/>
        <line num="4" count="1" type="stmt"/>
        <line num="18" count="1" type="stmt"/>
      </file>
    </package>
    <package name="src.components.icons">
      <metrics statements="1" coveredstatements="1" conditionals="0" coveredconditionals="0" methods="1" coveredmethods="0"/>
      <file name="index.ts" path="/Users/karanagrawal/Projects/kiira-mobile-video-internal/src/components/icons/index.ts">
        <metrics statements="1" coveredstatements="1" conditionals="0" coveredconditionals="0" methods="1" coveredmethods="0"/>
        <line num="1" count="1" type="stmt"/>
      </file>
    </package>
    <package name="src.components.icons.prescriber">
      <metrics statements="14" coveredstatements="12" conditionals="0" coveredconditionals="0" methods="2" coveredmethods="0"/>
      <file name="index.tsx" path="/Users/karanagrawal/Projects/kiira-mobile-video-internal/src/components/icons/prescriber/index.tsx">
        <metrics statements="11" coveredstatements="9" conditionals="0" coveredconditionals="0" methods="2" coveredmethods="0"/>
        <line num="1" count="1" type="stmt"/>
        <line num="2" count="1" type="stmt"/>
        <line num="3" count="1" type="stmt"/>
        <line num="4" count="1" type="stmt"/>
        <line num="5" count="1" type="stmt"/>
        <line num="7" count="1" type="stmt"/>
        <line num="13" count="0" type="stmt"/>
        <line num="19" count="0" type="stmt"/>
        <line num="31" count="1" type="stmt"/>
        <line num="40" count="1" type="stmt"/>
        <line num="46" count="1" type="stmt"/>
      </file>
      <file name="styles.ts" path="/Users/karanagrawal/Projects/kiira-mobile-video-internal/src/components/icons/prescriber/styles.ts">
[...]
        <line num="1700" count="0" type="stmt"/>
        <line num="1701" count="0" type="stmt"/>
        <line num="1702" count="0" type="stmt"/>
        <line num="1703" count="0" type="stmt"/>
        <line num="1706" count="0" type="stmt"/>
        <line num="1708" count="0" type="stmt"/>
        <line num="1712" count="0" type="cond" truecount="0" falsecount="1"/>
        <line num="1713" count="0" type="stmt"/>
        <line num="1717" count="0" type="stmt"/>
        <line num="1722" count="1" type="stmt"/>
        <line num="1723" count="0" type="stmt"/>
        <line num="1724" count="0" type="stmt"/>
        <line num="1726" count="0" type="stmt"/>
        <line num="1727" count="0" type="stmt"/>
        <line num="1728" count="0" type="stmt"/>
        <line num="1729" count="0" type="stmt"/>
        <line num="1730" count="0" type="stmt"/>
        <line num="1734" count="0" type="stmt"/>
        <line num="1736" count="0" type="stmt"/>
        <line num="1737" count="0" type="stmt"/>
        <line num="1742" count="0" type="stmt"/>
        <line num="1743" count="0" type="stmt"/>
        <line num="1744" count="0" type="stmt"/>
        <line num="1746" count="0" type="stmt"/>
        <line num="1747" count="0" type="cond" truecount="0" falsecount="1"/>
        <line num="1748" count="0" type="stmt"/>
        <line num="1749" count="0" type="stmt"/>
        <line num="1750" count="0" type="stmt"/>
        <line num="1752" count="0" type="stmt"/>
        <line num="1755" count="0" type="stmt"/>
        <line num="1759" count="0" type="stmt"/>
        <line num="1760" count="0" type="stmt"/>
        <line num="1761" count="0" type="stmt"/>
        <line num="1763" count="0" type="stmt"/>
        <line num="1764" count="0" type="cond" truecount="0" falsecount="1"/>
        <line num="1765" count="0" type="stmt"/>
        <line num="1766" count="0" type="stmt"/>
        <line num="1767" count="0" type="stmt"/>
        <line num="1769" count="0" type="stmt"/>
        <line num="1772" count="0" type="stmt"/>
        <line num="1779" count="0" type="stmt"/>
        <line num="1780" count="0" type="stmt"/>
        <line num="1782" count="0" type="stmt"/>
        <line num="1783" count="0" type="stmt"/>
        <line num="1786" count="0" type="stmt"/>
        <line num="1787" count="0" type="stmt"/>
        <line num="1789" count="0" type="cond" truecount="0" falsecount="2"/>
        <line num="1790" count="0" type="stmt"/>
        <line num="1795" count="0" type="stmt"/>
        <line num="1801" count="0" type="stmt"/>
        <line num="1802" count="0" type="stmt"/>
        <line num="1806" count="1" type="stmt"/>
        <line num="1811" count="0" type="stmt"/>
        <line num="1812" count="0" type="stmt"/>
        <line num="1813" count="0" type="stmt"/>
        <line num="1814" count="0" type="stmt"/>
        <line num="1816" count="0" type="stmt"/>
        <line num="1827" count="1" type="stmt"/>
        <line num="1828" count="0" type="stmt"/>
        <line num="1829" count="0" type="stmt"/>
        <line num="1833" count="0" type="stmt"/>
        <line num="1837" count="1" type="stmt"/>
        <line num="1838" count="0" type="stmt"/>
        <line num="1839" count="0" type="stmt"/>
        <line num="1840" count="0" type="stmt"/>
        <line num="1843" count="0" type="stmt"/>
        <line num="1844" count="0" type="stmt"/>
        <line num="1848" count="0" type="stmt"/>
        <line num="1850" count="0" type="stmt"/>
        <line num="1855" count="1" type="stmt"/>
        <line num="1856" count="0" type="stmt"/>
        <line num="1857" count="0" type="stmt"/>
        <line num="1859" count="0" type="stmt"/>
        <line num="1860" count="0" type="stmt"/>
        <line num="1861" count="0" type="stmt"/>
        <line num="1865" count="0" type="stmt"/>
        <line num="1867" count="0" type="stmt"/>
        <line num="1872" count="1" type="stmt"/>
        <line num="1873" count="1" type="stmt"/>
        <line num="1874" count="1" type="stmt"/>
        <line num="1877" count="0" type="stmt"/>
        <line num="1878" count="0" type="stmt"/>
        <line num="1880" count="1" type="stmt"/>
        <line num="1884" count="1" type="stmt"/>
        <line num="1885" count="0" type="stmt"/>
        <line num="1886" count="0" type="stmt"/>
        <line num="1889" count="0" type="stmt"/>
        <line num="1891" count="0" type="stmt"/>
        <line num="1895" count="1" type="stmt"/>
        <line num="1900" count="0" type="stmt"/>
        <line num="1901" count="0" type="stmt"/>
        <line num="1907" count="0" type="stmt"/>
        <line num="1911" count="1" type="stmt"/>
        <line num="1916" count="0" type="stmt"/>
        <line num="1917" count="0" type="stmt"/>
        <line num="1922" count="0" type="stmt"/>
        <line num="1924" count="0" type="stmt"/>
        <line num="1928" count="1" type="stmt"/>
        <line num="1929" count="0" type="stmt"/>
        <line num="1930" count="0" type="stmt"/>
        <line num="1931" count="0" type="stmt"/>
        <line num="1933" count="0" type="stmt"/>
        <line num="1937" count="1" type="stmt"/>
        <line num="1938" count="0" type="stmt"/>
        <line num="1939" count="0" type="stmt"/>
        <line num="1945" count="0" type="stmt"/>
        <line num="1947" count="0" type="stmt"/>
        <line num="1951" count="1" type="stmt"/>
        <line num="1952" count="0" type="stmt"/>
        <line num="1953" count="0" type="stmt"/>
        <line num="1957" count="0" type="stmt"/>
        <line num="1959" count="0" type="stmt"/>
      </file>
    </package>
    <package name="src.utils.functions">
      <metrics statements="90" coveredstatements="55" conditionals="31" coveredconditionals="10" methods="43" coveredmethods="17"/>
      <file name="addHashtag.ts" path="/Users/karanagrawal/Projects/kiira-mobile-video-internal/src/utils/functions/addHashtag.ts">
        <metrics statements="2" coveredstatements="1" conditionals="1" coveredconditionals="0" methods="2" coveredmethods="0"/>
        <line num="1" count="1" type="cond" truecount="0" falsecount="1"/>
        <line num="2" count="0" type="stmt"/>
      </file>
      <file name="calculateRating.ts" path="/Users/karanagrawal/Projects/kiira-mobile-video-internal/src/utils/functions/calculateRating.ts">
        <metrics statements="2" coveredstatements="1" conditionals="0" coveredconditionals="0" methods="1" coveredmethods="0"/>
        <line num="1" count="1" type="stmt"/>
        <line num="2" count="0" type="stmt"/>
      </file>
      <file name="cloneChild.ts" path="/Users/karanagrawal/Projects/kiira-mobile-video-internal/src/utils/functions/cloneChild.ts">
        <metrics statements="6" coveredstatements="6" conditionals="4" coveredconditionals="2" methods="2" coveredmethods="2"/>
        <line num="1" count="1" type="stmt"/>
        <line num="3" count="1" type="cond" truecount="1" falsecount="1"/>
        <line num="4" count="24" type="cond" truecount="0" falsecount="1"/>
        <line num="5" count="24" type="stmt"/>
        <line num="6" count="88" type="cond" truecount="1" falsecount="0"/>
        <line num="7" count="11" type="stmt"/>
      </file>
      <file name="cloneChildren.ts" path="/Users/karanagrawal/Projects/kiira-mobile-video-internal/src/utils/functions/cloneChildren.ts">
        <metrics statements="7" coveredstatements="7" conditionals="6" coveredconditionals="3" methods="2" coveredmethods="2"/>
        <line num="1" count="1" type="stmt"/>
        <line num="3" count="1" type="cond" truecount="1" falsecount="2"/>
        <line num="4" count="6" type="cond" truecount="0" falsecount="1"/>
        <line num="5" count="6" type="stmt"/>
        <line num="6" count="22" type="cond" truecount="1" falsecount="0"/>
        <line num="7" count="22" type="cond" truecount="1" falsecount="0"/>
        <line num="8" count="11" type="stmt"/>
      </file>
      <file name="formatLanguages.ts" path="/Users/karanagrawal/Projects/kiira-mobile-video-internal/src/utils/functions/formatLanguages.ts">
        <metrics statements="2" coveredstatements="1" conditionals="1" coveredconditionals="0" methods="2" coveredmethods="0"/>
        <line num="1" count="1" type="cond" truecount="0" falsecount="1"/>
        <line num="2" count="0" type="stmt"/>
      </file>
      <file name="generateIdentifier.ts" path="/Users/karanagrawal/Projects/kiira-mobile-video-internal/src/utils/functions/generateIdentifier.ts">
        <metrics statements="3" coveredstatements="1" conditionals="0" coveredconditionals="0" methods="1" coveredmethods="0"/>
        <line num="1" count="1" type="stmt"/>
        <line num="2" count="0" type="stmt"/>
        <line num="3" count="0" type="stmt"/>
      </file>
      <file name="getNested.ts" path="/Users/karanagrawal/Projects/kiira-mobile-video-internal/src/utils/functions/getNested.ts">
        <metrics statements="2" coveredstatements="1" conditionals="2" coveredconditionals="0" methods="2" coveredmethods="0"/>
        <line num="1" count="1" type="stmt"/>
        <line num="2" count="0" type="cond" truecount="0" falsecount="2"/>
      </file>
      <file name="handleNavigation.ts" path="/Users/karanagrawal/Projects/kiira-mobile-video-internal/src/utils/functions/handleNavigation.ts">
        <metrics statements="5" coveredstatements="3" conditionals="0" coveredconditionals="0" methods="2" coveredmethods="0"/>
        <line num="1" count="1" type="stmt"/>
        <line num="3" count="1" type="stmt"/>
        <line num="4" count="0" type="stmt"/>
        <line num="7" count="1" type="stmt"/>
        <line num="8" count="0" type="stmt"/>
      </file>
      <file name="index.ts" path="/Users/karanagrawal/Projects/kiira-mobile-video-internal/src/utils/functions/index.ts">
        <metrics statements="13" coveredstatements="13" conditionals="0" coveredconditionals="0" methods="13" coveredmethods="4"/>
        <line num="1" count="61" type="stmt"/>
        <line num="2" count="3" type="stmt"/>
        <line num="3" count="1" type="stmt"/>
        <line num="4" count="1" type="stmt"/>
        <line num="5" count="1" type="stmt"/>
        <line num="6" count="25" type="stmt"/>
        <line num="7" count="7" type="stmt"/>
        <line num="8" count="1" type="stmt"/>
        <line num="9" count="1" type="stmt"/>
        <line num="10" count="1" type="stmt"/>
        <line num="11" count="1" type="stmt"/>
        <line num="12" count="1" type="stmt"/>
        <line num="13" count="1" type="stmt"/>
      </file>
      <file name="insertAtIndex.ts" path="/Users/karanagrawal/Projects/kiira-mobile-video-internal/src/utils/functions/insertAtIndex.ts">
        <metrics statements="1" coveredstatements="1" conditionals="0" coveredconditionals="0" methods="1" coveredmethods="0"/>
        <line num="1" count="1" type="stmt"/>
      </file>
      <file name="mergeStyles.ts" path="/Users/karanagrawal/Projects/kiira-mobile-video-internal/src/utils/functions/mergeStyles.ts">
        <metrics statements="8" coveredstatements="8" conditionals="3" coveredconditionals="3" methods="2" coveredmethods="2"/>
        <line num="7" count="1" type="stmt"/>
        <line num="8" count="60" type="stmt"/>
        <line num="9" count="60" type="stmt"/>
        <line num="10" count="186" type="cond" truecount="2" falsecount="0"/>
        <line num="11" count="66" type="cond" truecount="1" falsecount="0"/>
        <line num="12" count="35" type="stmt"/>
        <line num="15" count="120" type="stmt"/>
        <line num="18" count="60" type="stmt"/>
      </file>
      <file name="searchObject.ts" path="/Users/karanagrawal/Projects/kiira-mobile-video-internal/src/utils/functions/searchObject.ts">
        <metrics statements="10" coveredstatements="1" conditionals="7" coveredconditionals="0" methods="2" coveredmethods="0"/>
        <line num="1" count="1" type="stmt"/>
        <line num="2" count="0" type="cond" truecount="0" falsecount="3"/>
        <line num="3" count="0" type="stmt"/>
        <line num="4" count="0" type="cond" truecount="0" falsecount="3"/>
        <line num="5" count="0" type="stmt"/>
        <line num="7" count="0" type="cond" truecount="0" falsecount="1"/>
        <line num="8" count="0" type="stmt"/>
        <line num="10" count="0" type="stmt"/>
        <line num="11" count="0" type="stmt"/>
        <line num="12" count="0" type="stmt"/>
      </file>
      <file name="switchCase.ts" path="/Users/karanagrawal/Projects/kiira-mobile-video-internal/src/utils/functions/switchCase.ts">
        <metrics statements="5" coveredstatements="5" conditionals="4" coveredconditionals="2" methods="7" coveredmethods="7"/>
        <line num="5" count="2" type="cond" truecount="1" falsecount="1"/>
        <line num="7" count="2" type="stmt"/>
        <line num="8" count="2" type="cond" truecount="1" falsecount="1"/>
        <line num="10" count="2" type="stmt"/>
        <line num="11" count="2" type="stmt"/>
      </file>
      <file name="toCamelCase.ts" path="/Users/karanagrawal/Projects/kiira-mobile-video-internal/src/utils/functions/toCamelCase.ts">
        <metrics statements="13" coveredstatements="3" conditionals="1" coveredconditionals="0" methods="2" coveredmethods="0"/>
        <line num="1" count="1" type="stmt"/>
        <line num="3" count="1" type="stmt"/>
        <line num="4" count="0" type="stmt"/>
        <line num="5" count="0" type="stmt"/>
        <line num="6" count="0" type="stmt"/>
        <line num="7" count="0" type="stmt"/>
        <line num="8" count="0" type="cond" truecount="0" falsecount="1"/>
        <line num="9" count="0" type="stmt"/>
        <line num="11" count="0" type="stmt"/>
        <line num="13" count="0" type="stmt"/>
        <line num="16" count="1" type="stmt"/>
        <line num="17" count="0" type="stmt"/>
        <line num="18" count="0" type="stmt"/>
      </file>
      <file name="toString.ts" path="/Users/karanagrawal/Projects/kiira-mobile-video-internal/src/utils/functions/toString.ts">
        <metrics statements="6" coveredstatements="1" conditionals="2" coveredconditionals="0" methods="1" coveredmethods="0"/>
        <line num="1" count="1" type="stmt"/>
        <line num="2" count="0" type="cond" truecount="0" falsecount="1"/>
        <line num="3" count="0" type="cond" truecount="0" falsecount="1"/>
        <line num="4" count="0" type="stmt"/>
        <line num="6" count="0" type="stmt"/>
        <line num="8" count="0" type="stmt"/>
      </file>
      <file name="toWords.ts" path="/Users/karanagrawal/Projects/kiira-mobile-video-internal/src/utils/functions/toWords.ts">
        <metrics statements="5" coveredstatements="2" conditionals="0" coveredconditionals="0" methods="1" coveredmethods="0"/>
        <line num="1" count="1" type="stmt"/>
        <line num="3" count="1" type="stmt"/>
        <line num="4" count="0" type="stmt"/>
        <line num="6" count="0" type="stmt"/>
        <line num="7" count="0" type="stmt"/>
      </file>
    </package>
    <package name="src.utils.helper">
      <metrics statements="37" coveredstatements="19" conditionals="9" coveredconditionals="3" methods="10" coveredmethods="2"/>
      <file name="index.ts" path="/Users/karanagrawal/Projects/kiira-mobile-video-internal/src/utils/helper/index.ts">
        <metrics statements="37" coveredstatements="19" conditionals="9" coveredconditionals="3" methods="10" coveredmethods="2"/>
        <line num="1" count="1" type="stmt"/>
        <line num="3" count="1" type="stmt"/>
        <line num="4" count="0" type="cond" truecount="0" falsecount="2"/>
        <line num="7" count="1" type="stmt"/>
        <line num="8" count="0" type="stmt"/>
        <line num="9" count="0" type="stmt"/>
        <line num="12" count="1" type="stmt"/>
        <line num="13" count="0" type="cond" truecount="0" falsecount="1"/>
        <line num="14" count="0" type="stmt"/>
        <line num="16" count="0" type="stmt"/>
        <line num="19" count="1" type="stmt"/>
        <line num="20" count="0" type="cond" truecount="0" falsecount="1"/>
        <line num="25" count="0" type="stmt"/>
        <line num="27" count="0" type="stmt"/>
        <line num="30" count="1" type="stmt"/>
        <line num="31" count="0" type="cond" truecount="0" falsecount="1"/>
        <line num="32" count="0" type="stmt"/>
        <line num="34" count="0" type="stmt"/>
        <line num="37" count="1" type="stmt"/>
        <line num="38" count="5" type="stmt"/>
        <line num="52" count="1" type="stmt"/>
        <line num="53" count="2" type="stmt"/>
        <line num="54" count="2" type="stmt"/>
        <line num="55" count="2" type="stmt"/>
        <line num="57" count="2" type="cond" truecount="3" falsecount="1"/>
        <line num="58" count="0" type="stmt"/>
        <line num="61" count="2" type="stmt"/>
        <line num="62" count="80" type="stmt"/>
        <line num="65" count="2" type="stmt"/>
        <line num="68" count="1" type="stmt"/>
        <line num="69" count="0" type="stmt"/>
        <line num="72" count="1" type="stmt"/>
        <line num="73" count="0" type="stmt"/>
        <line num="74" count="0" type="stmt"/>
        <line num="75" count="0" type="stmt"/>
        <line num="78" count="1" type="stmt"/>
        <line num="79" count="0" type="stmt"/>
      </file>
    </package>
    <package name="src.utils.hooks">
      <metrics statements="17" coveredstatements="6" conditionals="5" coveredconditionals="0" methods="6" coveredmethods="0"/>
      <file name="index.ts" path="/Users/karanagrawal/Projects/kiira-mobile-video-internal/src/utils/hooks/index.ts">
        <metrics statements="2" coveredstatements="2" conditionals="0" coveredconditionals="0" methods="2" coveredmethods="0"/>
        <line num="1" count="1" type="stmt"/>
        <line num="2" count="1" type="stmt"/>
      </file>
      <file name="useDidMount.ts" path="/Users/karanagrawal/Projects/kiira-mobile-video-internal/src/utils/hooks/useDidMount.ts">
        <metrics statements="7" coveredstatements="2" conditionals="1" coveredconditionals="0" methods="2" coveredmethods="0"/>
        <line num="1" count="1" type="stmt"/>
        <line num="3" count="1" type="stmt"/>
        <line num="4" count="0" type="stmt"/>
        <line num="6" count="0" type="stmt"/>
        <line num="7" count="0" type="cond" truecount="0" falsecount="1"/>
        <line num="8" count="0" type="stmt"/>
        <line num="9" count="0" type="stmt"/>
      </file>
      <file name="useFirebaseFetch.ts" path="/Users/karanagrawal/Projects/kiira-mobile-video-internal/src/utils/hooks/useFirebaseFetch.ts">
        <metrics statements="8" coveredstatements="2" conditionals="4" coveredconditionals="0" methods="2" coveredmethods="0"/>
        <line num="1" count="1" type="stmt"/>
        <line num="4" count="1" type="cond" truecount="0" falsecount="1"/>
        <line num="5" count="0" type="stmt"/>
        <line num="6" count="0" type="stmt"/>
        <line num="7" count="0" type="stmt"/>
        <line num="9" count="0" type="stmt"/>
        <line num="10" count="0" type="cond" truecount="0" falsecount="3"/>
        <line num="14" count="0" type="stmt"/>
      </file>
    </package>
    <package name="src.utils.metrices">
      <metrics statements="6" coveredstatements="6" conditionals="6" coveredconditionals="3" methods="0" coveredmethods="0"/>
      <file name="index.ts" path="/Users/karanagrawal/Projects/kiira-mobile-video-internal/src/utils/metrices/index.ts">
        <metrics statements="6" coveredstatements="6" conditionals="6" coveredconditionals="3" methods="0" coveredmethods="0"/>
        <line num="1" count="1" type="stmt"/>
        <line num="2" count="1" type="stmt"/>
        <line num="7" count="1" type="stmt"/>
        <line num="9" count="1" type="stmt"/>
        <line num="11" count="1" type="stmt"/>
        <line num="19" count="1" type="cond" truecount="1" falsecount="1"/>
      </file>
    </package>
  </project>
</coverage>
