TN:
SF:assets/HPI.png
FNF:0
FNH:0
DA:1,1
LF:1
LH:1
BRF:0
BRH:0
end_of_record
TN:
SF:assets/Onboarding-1-1.jpg
FNF:0
FNH:0
DA:1,1
LF:1
LH:1
BRF:0
BRH:0
end_of_record
TN:
SF:assets/Onboarding-1.jpg
FNF:0
FNH:0
DA:1,1
LF:1
LH:1
BRF:0
BRH:0
end_of_record
TN:
SF:assets/Onboarding-2-1.jpg
FNF:0
FNH:0
DA:1,1
LF:1
LH:1
BRF:0
BRH:0
end_of_record
TN:
SF:assets/Onboarding-2.jpg
FNF:0
FNH:0
DA:1,1
LF:1
LH:1
BRF:0
BRH:0
end_of_record
TN:
SF:assets/Onboarding-3-1.jpg
FNF:0
FNH:0
DA:1,1
LF:1
LH:1
BRF:0
BRH:0
end_of_record
TN:
SF:assets/Onboarding-3.jpg
FNF:0
FNH:0
DA:1,1
LF:1
LH:1
BRF:0
BRH:0
end_of_record
TN:
SF:assets/Onboarding-4-1.jpg
FNF:0
FNH:0
DA:1,1
LF:1
LH:1
BRF:0
BRH:0
end_of_record
TN:
SF:assets/Onboarding-4.jpg
FNF:0
FNH:0
DA:1,1
LF:1
LH:1
BRF:0
BRH:0
end_of_record
TN:
SF:assets/add_icon.png
FNF:0
FNH:0
DA:1,1
LF:1
LH:1
BRF:0
BRH:0
end_of_record
TN:
SF:assets/afterVisit.png
FNF:0
FNH:0
DA:1,1
LF:1
LH:1
BRF:0
BRH:0
end_of_record
TN:
SF:assets/allergies.png
FNF:0
FNH:0
DA:1,1
LF:1
LH:1
BRF:0
BRH:0
end_of_record
TN:
SF:assets/allergies_circle.png
FNF:0
FNH:0
DA:1,1
LF:1
LH:1
BRF:0
BRH:0
end_of_record
TN:
SF:assets/apple_pay.png
FNF:0
FNH:0
DA:1,1
LF:1
LH:1
BRF:0
BRH:0
end_of_record
TN:
SF:assets/back.png
FNF:0
FNH:0
DA:1,1
LF:1
LH:1
BRF:0
BRH:0
end_of_record
TN:
SF:assets/backArrow.png
FNF:0
FNH:0
DA:1,1
LF:1
LH:1
BRF:0
BRH:0
end_of_record
TN:
SF:assets/bandaid.png
FNF:0
FNH:0
DA:1,1
LF:1
LH:1
BRF:0
BRH:0
end_of_record
TN:
SF:assets/bandaid_grey.png
FNF:0
FNH:0
DA:1,1
LF:1
LH:1
BRF:0
BRH:0
end_of_record
TN:
SF:assets/basket.png
FNF:0
FNH:0
DA:1,1
LF:1
LH:1
BRF:0
BRH:0
end_of_record
TN:
SF:assets/bell.png
FNF:0
FNH:0
DA:1,1
LF:1
LH:1
BRF:0
BRH:0
end_of_record
TN:
SF:assets/billing.png
FNF:0
FNH:0
DA:1,1
LF:1
LH:1
BRF:0
BRH:0
end_of_record
TN:
SF:assets/blog-active.png
FNF:0
FNH:0
DA:1,1
LF:1
LH:1
BRF:0
BRH:0
end_of_record
TN:
SF:assets/blog.png
FNF:0
FNH:0
DA:1,1
LF:1
LH:1
BRF:0
BRH:0
end_of_record
TN:
SF:assets/cake.png
FNF:0
FNH:0
DA:1,1
LF:1
LH:1
BRF:0
BRH:0
end_of_record
TN:
SF:assets/camera_blue.png
FNF:0
FNH:0
DA:1,1
LF:1
LH:1
BRF:0
BRH:0
end_of_record
TN:
SF:assets/camera_grey.png
FNF:0
FNH:0
DA:1,1
LF:1
LH:1
BRF:0
BRH:0
end_of_record
TN:
SF:assets/camera_white.png
FNF:0
FNH:0
DA:1,1
LF:1
LH:1
BRF:0
BRH:0
end_of_record
TN:
SF:assets/card.png
FNF:0
FNH:0
DA:1,1
LF:1
LH:1
BRF:0
BRH:0
end_of_record
TN:
SF:assets/chart.png
FNF:0
FNH:0
DA:1,1
LF:1
LH:1
BRF:0
BRH:0
end_of_record
TN:
SF:assets/chat.png
FNF:0
FNH:0
DA:1,1
LF:1
LH:1
BRF:0
BRH:0
end_of_record
TN:
SF:assets/chat_icon_blue.png
FNF:0
FNH:0
DA:1,1
LF:1
LH:1
BRF:0
BRH:0
end_of_record
TN:
SF:assets/check.png
FNF:0
FNH:0
DA:1,1
LF:1
LH:1
BRF:0
BRH:0
end_of_record
TN:
SF:assets/check_blue.png
FNF:0
FNH:0
DA:1,1
LF:1
LH:1
BRF:0
BRH:0
end_of_record
TN:
SF:assets/check_green.png
FNF:0
FNH:0
DA:1,1
LF:1
LH:1
BRF:0
BRH:0
end_of_record
TN:
SF:assets/check_green_box.png
FNF:0
FNH:0
DA:1,1
LF:1
LH:1
BRF:0
BRH:0
end_of_record
TN:
SF:assets/check_grey.png
FNF:0
FNH:0
DA:1,1
LF:1
LH:1
BRF:0
BRH:0
end_of_record
TN:
SF:assets/circleBackButton.png
FNF:0
FNH:0
DA:1,1
LF:1
LH:1
BRF:0
BRH:0
end_of_record
TN:
SF:assets/circleNextButton.png
FNF:0
FNH:0
DA:1,1
LF:1
LH:1
BRF:0
BRH:0
end_of_record
TN:
SF:assets/clipboard.png
FNF:0
FNH:0
DA:1,1
LF:1
LH:1
BRF:0
BRH:0
end_of_record
TN:
SF:assets/credit_card.png
FNF:0
FNH:0
DA:1,1
LF:1
LH:1
BRF:0
BRH:0
end_of_record
TN:
SF:assets/cross.png
FNF:0
FNH:0
DA:1,1
LF:1
LH:1
BRF:0
BRH:0
end_of_record
TN:
SF:assets/downChevron.png
FNF:0
FNH:0
DA:1,1
LF:1
LH:1
BRF:0
BRH:0
end_of_record
TN:
SF:assets/down_arrow.png
FNF:0
FNH:0
DA:1,1
LF:1
LH:1
BRF:0
BRH:0
end_of_record
TN:
SF:assets/editBilling.png
FNF:0
FNH:0
DA:1,1
LF:1
LH:1
BRF:0
BRH:0
end_of_record
TN:
SF:assets/emergencyContact.png
FNF:0
FNH:0
DA:1,1
LF:1
LH:1
BRF:0
BRH:0
end_of_record
TN:
SF:assets/exam.png
FNF:0
FNH:0
DA:1,1
LF:1
LH:1
BRF:0
BRH:0
end_of_record
TN:
SF:assets/eye.png
FNF:0
FNH:0
DA:1,1
LF:1
LH:1
BRF:0
BRH:0
end_of_record
TN:
SF:assets/eye_hide.png
FNF:0
FNH:0
DA:1,1
LF:1
LH:1
BRF:0
BRH:0
end_of_record
TN:
SF:assets/faceIDBlue.png
FNF:0
FNH:0
DA:1,1
LF:1
LH:1
BRF:0
BRH:0
end_of_record
TN:
SF:assets/family.png
FNF:0
FNH:0
DA:1,1
LF:1
LH:1
BRF:0
BRH:0
end_of_record
TN:
SF:assets/filter.png
FNF:0
FNH:0
DA:1,1
LF:1
LH:1
BRF:0
BRH:0
end_of_record
TN:
SF:assets/filter_gray.png
FNF:0
FNH:0
DA:1,1
LF:1
LH:1
BRF:0
BRH:0
end_of_record
TN:
SF:assets/fingerprint.png
FNF:0
FNH:0
DA:1,1
LF:1
LH:1
BRF:0
BRH:0
end_of_record
TN:
SF:assets/gears.png
FNF:0
FNH:0
DA:1,1
LF:1
LH:1
BRF:0
BRH:0
end_of_record
TN:
SF:assets/genders.png
FNF:0
FNH:0
DA:1,1
LF:1
LH:1
BRF:0
BRH:0
end_of_record
TN:
SF:assets/grey_down_arrow.png
FNF:0
FNH:0
DA:1,1
LF:1
LH:1
BRF:0
BRH:0
end_of_record
TN:
SF:assets/healthHistory.png
FNF:0
FNH:0
DA:1,1
LF:1
LH:1
BRF:0
BRH:0
end_of_record
TN:
SF:assets/heart_arrow.png
FNF:0
FNH:0
DA:1,1
LF:1
LH:1
BRF:0
BRH:0
end_of_record
TN:
SF:assets/heart_black.png
FNF:0
FNH:0
DA:1,1
LF:1
LH:1
BRF:0
BRH:0
end_of_record
TN:
SF:assets/home-active.png
FNF:0
FNH:0
DA:1,1
LF:1
LH:1
BRF:0
BRH:0
end_of_record
TN:
SF:assets/home.png
FNF:0
FNH:0
DA:1,1
LF:1
LH:1
BRF:0
BRH:0
end_of_record
TN:
SF:assets/kiira_penguin.png
FNF:0
FNH:0
DA:1,1
LF:1
LH:1
BRF:0
BRH:0
end_of_record
TN:
SF:assets/kiira_penguin_b.png
FNF:0
FNH:0
DA:1,1
LF:1
LH:1
BRF:0
BRH:0
end_of_record
TN:
SF:assets/kiira_penguin_glasses.png
FNF:0
FNH:0
DA:1,1
LF:1
LH:1
BRF:0
BRH:0
end_of_record
TN:
SF:assets/kliit_credits.png
FNF:0
FNH:0
DA:1,1
LF:1
LH:1
BRF:0
BRH:0
end_of_record
TN:
SF:assets/labResults.png
FNF:0
FNH:0
DA:1,1
LF:1
LH:1
BRF:0
BRH:0
end_of_record
TN:
SF:assets/location_black.png
FNF:0
FNH:0
DA:1,1
LF:1
LH:1
BRF:0
BRH:0
end_of_record
TN:
SF:assets/lock.png
FNF:0
FNH:0
DA:1,1
LF:1
LH:1
BRF:0
BRH:0
end_of_record
TN:
SF:assets/logo-sm.png
FNF:0
FNH:0
DA:1,1
LF:1
LH:1
BRF:0
BRH:0
end_of_record
TN:
SF:assets/logo.png
FNF:0
FNH:0
DA:1,1
LF:1
LH:1
BRF:0
BRH:0
end_of_record
TN:
SF:assets/logo2.png
FNF:0
FNH:0
DA:1,1
LF:1
LH:1
BRF:0
BRH:0
end_of_record
TN:
SF:assets/medication.png
FNF:0
FNH:0
DA:1,1
LF:1
LH:1
BRF:0
BRH:0
end_of_record
TN:
SF:assets/medications.png
FNF:0
FNH:0
DA:1,1
LF:1
LH:1
BRF:0
BRH:0
end_of_record
TN:
SF:assets/menu_dot.png
FNF:0
FNH:0
DA:1,1
LF:1
LH:1
BRF:0
BRH:0
end_of_record
TN:
SF:assets/npLock.png
FNF:0
FNH:0
DA:1,1
LF:1
LH:1
BRF:0
BRH:0
end_of_record
TN:
SF:assets/pastVisits.png
FNF:0
FNH:0
DA:1,1
LF:1
LH:1
BRF:0
BRH:0
end_of_record
TN:
SF:assets/paypal.png
FNF:0
FNH:0
DA:1,1
LF:1
LH:1
BRF:0
BRH:0
end_of_record
TN:
SF:assets/pharmacy.png
FNF:0
FNH:0
DA:1,1
LF:1
LH:1
BRF:0
BRH:0
end_of_record
TN:
SF:assets/plus.png
FNF:0
FNH:0
DA:1,1
LF:1
LH:1
BRF:0
BRH:0
end_of_record
TN:
SF:assets/pregnancy.png
FNF:0
FNH:0
DA:1,1
LF:1
LH:1
BRF:0
BRH:0
end_of_record
TN:
SF:assets/prescriber.png
FNF:0
FNH:0
DA:1,1
LF:1
LH:1
BRF:0
BRH:0
end_of_record
TN:
SF:assets/profile-active.png
FNF:0
FNH:0
DA:1,1
LF:1
LH:1
BRF:0
BRH:0
end_of_record
TN:
SF:assets/profile.png
FNF:0
FNH:0
DA:1,1
LF:1
LH:1
BRF:0
BRH:0
end_of_record
TN:
SF:assets/profile_img_placeholder.png
FNF:0
FNH:0
DA:1,1
LF:1
LH:1
BRF:0
BRH:0
end_of_record
TN:
SF:assets/read_msg_icon.png
FNF:0
FNH:0
DA:1,1
LF:1
LH:1
BRF:0
BRH:0
end_of_record
TN:
SF:assets/reminders.png
FNF:0
FNH:0
DA:1,1
LF:1
LH:1
BRF:0
BRH:0
end_of_record
TN:
SF:assets/resolve.png
FNF:0
FNH:0
DA:1,1
LF:1
LH:1
BRF:0
BRH:0
end_of_record
TN:
SF:assets/right_chevron.png
FNF:0
FNH:0
DA:1,1
LF:1
LH:1
BRF:0
BRH:0
end_of_record
TN:
SF:assets/sample.png
FNF:0
FNH:0
DA:1,1
LF:1
LH:1
BRF:0
BRH:0
end_of_record
TN:
SF:assets/send.png
FNF:0
FNH:0
DA:1,1
LF:1
LH:1
BRF:0
BRH:0
end_of_record
TN:
SF:assets/send_message.png
FNF:0
FNH:0
DA:1,1
LF:1
LH:1
BRF:0
BRH:0
end_of_record
TN:
SF:assets/settings.png
FNF:0
FNH:0
DA:1,1
LF:1
LH:1
BRF:0
BRH:0
end_of_record
TN:
SF:assets/share.png
FNF:0
FNH:0
DA:1,1
LF:1
LH:1
BRF:0
BRH:0
end_of_record
TN:
SF:assets/social.png
FNF:0
FNH:0
DA:1,1
LF:1
LH:1
BRF:0
BRH:0
end_of_record
TN:
SF:assets/sos.png
FNF:0
FNH:0
DA:1,1
LF:1
LH:1
BRF:0
BRH:0
end_of_record
TN:
SF:assets/squad.png
FNF:0
FNH:0
DA:1,1
LF:1
LH:1
BRF:0
BRH:0
end_of_record
TN:
SF:assets/star_rating.png
FNF:0
FNH:0
DA:1,1
LF:1
LH:1
BRF:0
BRH:0
end_of_record
TN:
SF:assets/time.png
FNF:0
FNH:0
DA:1,1
LF:1
LH:1
BRF:0
BRH:0
end_of_record
TN:
SF:assets/uncheck.png
FNF:0
FNH:0
DA:1,1
LF:1
LH:1
BRF:0
BRH:0
end_of_record
TN:
SF:assets/uncheck_blue.png
FNF:0
FNH:0
DA:1,1
LF:1
LH:1
BRF:0
BRH:0
end_of_record
TN:
SF:assets/unread_msg_icon.png
FNF:0
FNH:0
DA:1,1
LF:1
LH:1
BRF:0
BRH:0
end_of_record
TN:
SF:assets/vaccines.png
FNF:0
FNH:0
DA:1,1
LF:1
LH:1
BRF:0
BRH:0
end_of_record
TN:
SF:assets/xclose.png
FNF:0
FNH:0
DA:1,1
LF:1
LH:1
BRF:0
BRH:0
end_of_record
TN:
SF:assets/xxIcon.png
FNF:0
FNH:0
DA:1,1
LF:1
LH:1
BRF:0
BRH:0
end_of_record
TN:
SF:src/assets/back-drop.png
FNF:0
FNH:0
DA:1,1
LF:1
LH:1
BRF:0
BRH:0
end_of_record
TN:
SF:src/assets/page-one.png
FNF:0
FNH:0
DA:1,1
LF:1
LH:1
BRF:0
BRH:0
end_of_record
TN:
SF:src/assets/page-three.png
FNF:0
FNH:0
DA:1,1
LF:1
LH:1
BRF:0
BRH:0
end_of_record
TN:
SF:src/assets/page-two.png
FNF:0
FNH:0
DA:1,1
LF:1
LH:1
BRF:0
BRH:0
end_of_record
TN:
SF:src/components/index.ts
FN:1,(anonymous_1)
FN:2,(anonymous_2)
FN:3,(anonymous_3)
FN:4,(anonymous_4)
FN:5,(anonymous_5)
FN:6,(anonymous_6)
FN:7,(anonymous_7)
FN:8,(anonymous_8)
FN:9,(anonymous_9)
FN:10,(anonymous_10)
FN:11,(anonymous_11)
FN:12,(anonymous_12)
FN:13,(anonymous_13)
FN:14,(anonymous_14)
FN:15,(anonymous_15)
FN:16,(anonymous_16)
FN:17,(anonymous_17)
FN:18,(anonymous_18)
FN:19,(anonymous_19)
FN:20,(anonymous_20)
FN:21,(anonymous_21)
FN:22,(anonymous_22)
FN:23,(anonymous_23)
FN:24,(anonymous_24)
FN:25,(anonymous_25)
FN:26,(anonymous_26)
FN:27,(anonymous_27)
FN:28,(anonymous_28)
FN:29,(anonymous_29)
FN:30,(anonymous_30)
FN:31,(anonymous_31)
FN:32,(anonymous_32)
FN:33,(anonymous_33)
FN:34,(anonymous_34)
FN:35,(anonymous_35)
FN:36,(anonymous_36)
FN:37,(anonymous_37)
FN:38,(anonymous_38)
FN:39,(anonymous_39)
FN:40,(anonymous_40)
FN:41,(anonymous_41)
FN:42,(anonymous_42)
FN:43,(anonymous_43)
FN:44,(anonymous_44)
FN:44,(anonymous_45)
FN:45,(anonymous_46)
FNF:46
FNH:5
FNDA:0,(anonymous_1)
FNDA:0,(anonymous_2)
FNDA:0,(anonymous_3)
FNDA:0,(anonymous_4)
FNDA:0,(anonymous_5)
FNDA:0,(anonymous_6)
FNDA:0,(anonymous_7)
FNDA:3,(anonymous_8)
FNDA:1,(anonymous_9)
FNDA:0,(anonymous_10)
FNDA:2,(anonymous_11)
FNDA:0,(anonymous_12)
FNDA:0,(anonymous_13)
FNDA:0,(anonymous_14)
FNDA:3,(anonymous_15)
FNDA:0,(anonymous_16)
FNDA:0,(anonymous_17)
FNDA:0,(anonymous_18)
FNDA:0,(anonymous_19)
FNDA:0,(anonymous_20)
FNDA:0,(anonymous_21)
FNDA:0,(anonymous_22)
FNDA:0,(anonymous_23)
FNDA:0,(anonymous_24)
FNDA:0,(anonymous_25)
FNDA:0,(anonymous_26)
FNDA:0,(anonymous_27)
FNDA:0,(anonymous_28)
FNDA:0,(anonymous_29)
FNDA:0,(anonymous_30)
FNDA:0,(anonymous_31)
FNDA:0,(anonymous_32)
FNDA:0,(anonymous_33)
FNDA:0,(anonymous_34)
FNDA:0,(anonymous_35)
FNDA:2,(anonymous_36)
FNDA:0,(anonymous_37)
FNDA:0,(anonymous_38)
FNDA:0,(anonymous_39)
FNDA:0,(anonymous_40)
FNDA:0,(anonymous_41)
FNDA:0,(anonymous_42)
FNDA:0,(anonymous_43)
FNDA:0,(anonymous_44)
FNDA:0,(anonymous_45)
FNDA:0,(anonymous_46)
DA:1,1
DA:2,1
DA:3,1
DA:4,1
DA:5,1
DA:6,1
DA:7,1
DA:8,4
DA:9,2
DA:10,1
DA:11,3
DA:12,1
DA:13,1
DA:14,1
DA:15,4
DA:16,1
DA:17,1
DA:18,1
DA:19,1
DA:20,1
DA:21,1
DA:22,1
DA:23,1
DA:24,1
DA:25,1
DA:26,1
DA:27,1
DA:28,1
DA:29,1
DA:30,1
DA:31,1
DA:32,1
DA:33,1
DA:34,1
DA:35,1
DA:36,3
DA:37,1
DA:38,1
DA:39,1
DA:40,1
DA:41,1
DA:42,1
DA:43,1
DA:44,1
DA:45,1
LF:45
LH:45
BRF:0
BRH:0
end_of_record
TN:
SF:src/components/styles.ts
FNF:0
FNH:0
DA:1,1
DA:2,1
DA:3,1
DA:5,1
DA:6,1
DA:8,1
DA:501,1
DA:512,1
DA:520,1
DA:545,1
DA:546,1
DA:547,1
DA:548,1
DA:550,1
LF:14
LH:14
BRF:0
BRH:0
end_of_record
TN:
SF:src/components/avatar/actions.ts
FN:3,(anonymous_0)
FNF:1
FNH:0
FNDA:0,(anonymous_0)
DA:1,1
DA:3,1
LF:2
LH:2
BRF:0
BRH:0
end_of_record
TN:
SF:src/components/avatar/index.tsx
FN:16,(anonymous_7)
FN:30,(anonymous_8)
FN:31,(anonymous_9)
FN:37,(anonymous_10)
FN:43,(anonymous_11)
FN:74,(anonymous_12)
FN:81,(anonymous_13)
FN:107,(anonymous_14)
FN:118,(anonymous_15)
FN:184,(anonymous_16)
FN:188,(anonymous_17)
FN:195,(anonymous_18)
FN:200,(anonymous_19)
FN:201,(anonymous_20)
FN:202,(anonymous_21)
FNF:15
FNH:0
FNDA:0,(anonymous_7)
FNDA:0,(anonymous_8)
FNDA:0,(anonymous_9)
FNDA:0,(anonymous_10)
FNDA:0,(anonymous_11)
FNDA:0,(anonymous_12)
FNDA:0,(anonymous_13)
FNDA:0,(anonymous_14)
FNDA:0,(anonymous_15)
FNDA:0,(anonymous_16)
FNDA:0,(anonymous_17)
FNDA:0,(anonymous_18)
FNDA:0,(anonymous_19)
FNDA:0,(anonymous_20)
FNDA:0,(anonymous_21)
DA:1,1
DA:2,1
DA:3,1
DA:4,1
DA:6,1
DA:7,1
DA:8,1
DA:9,1
DA:11,1
DA:12,1
DA:13,1
DA:16,1
DA:30,0
DA:31,0
DA:32,0
DA:33,0
DA:37,0
DA:38,0
DA:39,0
DA:42,0
DA:43,0
DA:44,0
DA:45,0
DA:47,0
DA:74,0
DA:75,0
DA:76,0
DA:81,0
DA:82,0
DA:83,0
DA:84,0
DA:87,0
DA:88,0
DA:91,0
DA:92,0
DA:94,0
DA:97,0
DA:100,0
DA:103,0
DA:107,0
DA:108,0
DA:118,0
DA:119,0
DA:120,0
DA:121,0
DA:122,0
DA:124,0
DA:129,0
DA:157,1
DA:159,1
DA:178,1
DA:195,1
DA:200,1
DA:201,0
DA:202,0
DA:205,1
LF:56
LH:18
BRDA:38,0,0,0
BRDA:82,1,0,0
BRDA:82,1,1,0
BRDA:87,2,0,0
BRDA:87,2,1,0
BRDA:91,3,0,0
BRDA:91,3,1,0
BRDA:119,4,0,0
BRDA:119,4,1,0
BRDA:121,5,0,0
BRDA:121,5,1,0
BRDA:135,6,0,0
BRDA:135,6,1,0
BRDA:135,7,0,0
BRDA:135,7,1,0
BRDA:144,8,0,0
BRDA:144,8,1,0
BRDA:147,9,0,0
BRDA:147,9,1,0
BRF:19
BRH:0
end_of_record
TN:
SF:src/components/avatar/styles.ts
FNF:0
FNH:0
DA:1,1
DA:2,1
DA:4,1
DA:31,1
LF:4
LH:4
BRF:0
BRH:0
end_of_record
TN:
SF:src/components/bold/index.js
FN:5,(anonymous_0)
FNF:1
FNH:0
FNDA:0,(anonymous_0)
DA:5,1
DA:6,0
DA:11,1
LF:3
LH:2
BRF:0
BRH:0
end_of_record
TN:
SF:src/components/button/index.tsx
FN:23,(anonymous_1)
FN:24,(anonymous_2)
FNF:2
FNH:0
FNDA:0,(anonymous_1)
FNDA:0,(anonymous_2)
DA:1,1
DA:2,1
DA:9,1
DA:23,1
DA:24,0
DA:25,0
DA:28,0
DA:41,1
DA:52,1
LF:9
LH:6
BRF:0
BRH:0
end_of_record
TN:
SF:src/components/button/styles.ts
FNF:0
FNH:0
DA:1,1
DA:2,1
DA:4,1
LF:3
LH:3
BRF:0
BRH:0
end_of_record
TN:
SF:src/components/card/index.tsx
FN:7,(anonymous_1)
FNF:1
FNH:0
FNDA:0,(anonymous_1)
DA:1,1
DA:2,1
DA:3,1
DA:4,1
DA:5,1
DA:7,1
DA:8,0
DA:28,0
DA:42,1
DA:50,1
DA:55,1
LF:11
LH:9
BRDA:20,0,0,0
BRDA:20,0,1,0
BRF:2
BRH:0
end_of_record
TN:
SF:src/components/card/styles.ts
FNF:0
FNH:0
DA:1,1
DA:2,1
DA:4,1
LF:3
LH:3
BRF:0
BRH:0
end_of_record
TN:
SF:src/components/carousel/index.ts
FN:1,(anonymous_1)
FN:2,(anonymous_2)
FN:3,(anonymous_3)
FNF:3
FNH:0
FNDA:0,(anonymous_1)
FNDA:0,(anonymous_2)
FNDA:0,(anonymous_3)
DA:1,1
DA:2,1
DA:3,1
LF:3
LH:3
BRF:0
BRH:0
end_of_record
TN:
SF:src/components/carousel/components/carousel/index.tsx
FN:19,(anonymous_7)
FN:47,(anonymous_8)
FN:51,(anonymous_9)
FN:58,(anonymous_10)
FN:59,(anonymous_11)
FN:62,(anonymous_12)
FN:65,(anonymous_13)
FN:73,(anonymous_14)
FN:80,(anonymous_15)
FN:84,(anonymous_16)
FN:88,(anonymous_17)
FN:91,(anonymous_18)
FN:95,(anonymous_19)
FN:101,(anonymous_20)
FN:108,(anonymous_21)
FN:118,(anonymous_22)
FN:147,(anonymous_23)
FN:152,(anonymous_24)
FN:155,(anonymous_25)
FN:169,(anonymous_26)
FN:179,(anonymous_27)
FN:183,(anonymous_28)
FN:198,(anonymous_29)
FN:217,(anonymous_30)
FN:282,(anonymous_31)
FNF:25
FNH:0
FNDA:0,(anonymous_7)
FNDA:0,(anonymous_8)
FNDA:0,(anonymous_9)
FNDA:0,(anonymous_10)
FNDA:0,(anonymous_11)
FNDA:0,(anonymous_12)
FNDA:0,(anonymous_13)
FNDA:0,(anonymous_14)
FNDA:0,(anonymous_15)
FNDA:0,(anonymous_16)
FNDA:0,(anonymous_17)
FNDA:0,(anonymous_18)
FNDA:0,(anonymous_19)
FNDA:0,(anonymous_20)
FNDA:0,(anonymous_21)
FNDA:0,(anonymous_22)
FNDA:0,(anonymous_23)
FNDA:0,(anonymous_24)
FNDA:0,(anonymous_25)
FNDA:0,(anonymous_26)
FNDA:0,(anonymous_27)
FNDA:0,(anonymous_28)
FNDA:0,(anonymous_29)
FNDA:0,(anonymous_30)
FNDA:0,(anonymous_31)
DA:1,1
DA:2,1
DA:10,1
DA:15,1
DA:17,1
DA:19,1
DA:31,0
DA:33,0
DA:34,0
DA:35,0
DA:37,0
DA:38,0
DA:41,0
DA:42,0
DA:43,0
DA:45,0
DA:48,0
DA:49,0
DA:52,0
DA:53,0
DA:54,0
DA:56,0
DA:58,0
DA:60,0
DA:63,0
DA:66,0
DA:71,0
DA:74,0
DA:75,0
DA:80,0
DA:81,0
DA:84,0
DA:85,0
DA:86,0
DA:88,0
DA:91,0
DA:92,0
DA:94,0
DA:95,0
DA:96,0
DA:101,0
DA:102,0
DA:103,0
DA:104,0
DA:108,0
DA:109,0
DA:110,0
DA:111,0
DA:112,0
DA:113,0
DA:114,0
DA:118,0
DA:119,0
DA:120,0
DA:122,0
DA:123,0
DA:128,0
DA:132,0
DA:133,0
DA:137,0
DA:139,0
DA:142,0
DA:144,0
DA:147,0
DA:148,0
DA:149,0
DA:152,0
DA:157,0
DA:158,0
DA:161,0
DA:162,0
DA:165,0
DA:166,0
DA:169,0
DA:170,0
DA:171,0
DA:172,0
DA:176,0
DA:177,0
DA:178,0
DA:180,0
DA:183,0
DA:184,0
DA:185,0
DA:186,0
DA:187,0
DA:188,0
DA:191,0
DA:192,0
DA:193,0
DA:194,0
DA:198,0
DA:199,0
DA:200,0
DA:203,0
DA:204,0
DA:205,0
DA:206,0
DA:207,0
DA:208,0
DA:210,0
DA:213,0
DA:217,0
DA:218,0
DA:219,0
DA:221,0
DA:222,0
DA:223,0
DA:224,0
DA:228,0
DA:233,0
DA:275,1
DA:283,0
DA:291,1
LF:114
LH:8
BRDA:52,0,0,0
BRDA:81,1,0,0
BRDA:81,1,1,0
BRDA:85,2,0,0
BRDA:94,3,0,0
BRDA:102,4,0,0
BRDA:112,5,0,0
BRDA:119,6,0,0
BRDA:128,7,0,0
BRDA:128,7,1,0
BRDA:129,8,0,0
BRDA:129,8,1,0
BRDA:129,8,2,0
BRDA:133,9,0,0
BRDA:133,9,1,0
BRDA:134,10,0,0
BRDA:134,10,1,0
BRDA:134,10,2,0
BRDA:142,11,0,0
BRDA:148,12,0,0
BRDA:148,13,0,0
BRDA:148,13,1,0
BRDA:154,14,0,0
BRDA:155,15,0,0
BRDA:157,16,0,0
BRDA:161,17,0,0
BRDA:165,18,0,0
BRDA:171,19,0,0
BRDA:171,20,0,0
BRDA:171,20,1,0
BRDA:176,21,0,0
BRDA:176,21,1,0
BRDA:199,22,0,0
BRDA:204,23,0,0
BRDA:204,23,1,0
BRDA:205,24,0,0
BRDA:205,24,1,0
BRDA:207,25,0,0
BRDA:207,25,1,0
BRDA:218,26,0,0
BRDA:219,27,0,0
BRDA:221,28,0,0
BRDA:221,28,1,0
BRDA:223,29,0,0
BRDA:264,30,0,0
BRDA:264,30,1,0
BRF:46
BRH:0
end_of_record
TN:
SF:src/components/carousel/components/carousel/styles.ts
FNF:0
FNH:0
DA:1,1
DA:3,1
LF:2
LH:2
BRF:0
BRH:0
end_of_record
TN:
SF:src/components/carousel/components/pageIndicator/index.tsx
FN:6,(anonymous_1)
FN:15,(anonymous_2)
FNF:2
FNH:0
FNDA:0,(anonymous_1)
FNDA:0,(anonymous_2)
DA:1,1
DA:2,1
DA:4,1
DA:6,1
DA:14,0
DA:16,0
DA:53,1
DA:62,1
LF:8
LH:6
BRDA:29,0,0,0
BRDA:29,0,1,0
BRDA:31,1,0,0
BRDA:31,1,1,0
BRDA:35,2,0,0
BRDA:35,2,1,0
BRDA:37,3,0,0
BRDA:37,3,1,0
BRF:8
BRH:0
end_of_record
TN:
SF:src/components/carousel/components/pageIndicator/styles.ts
FNF:0
FNH:0
DA:1,1
DA:3,1
LF:2
LH:2
BRF:0
BRH:0
end_of_record
TN:
SF:src/components/carousel/components/pages/index.tsx
FN:5,(anonymous_6)
FN:15,(anonymous_7)
FNF:2
FNH:0
FNDA:0,(anonymous_6)
FNDA:0,(anonymous_7)
DA:1,1
DA:2,1
DA:5,1
DA:6,0
DA:8,0
DA:9,0
DA:10,0
DA:13,0
DA:16,0
DA:23,1
DA:28,1
LF:11
LH:5
BRDA:8,0,0,0
BRDA:8,1,0,0
BRDA:8,1,1,0
BRF:3
BRH:0
end_of_record
TN:
SF:src/components/carousel/helpers/index.ts
FN:4,(anonymous_0)
FN:8,(anonymous_1)
FN:21,(anonymous_2)
FNF:3
FNH:0
FNDA:0,(anonymous_0)
FNDA:0,(anonymous_1)
FNDA:0,(anonymous_2)
DA:1,1
DA:4,1
DA:5,0
DA:8,1
DA:13,0
DA:15,0
DA:16,0
DA:18,0
DA:21,1
DA:25,0
DA:26,0
LF:11
LH:4
BRDA:15,0,0,0
BRDA:16,1,0,0
BRDA:16,1,1,0
BRDA:26,2,0,0
BRDA:26,2,1,0
BRDA:26,3,0,0
BRDA:26,3,1,0
BRF:7
BRH:0
end_of_record
TN:
SF:src/components/checkBox/index.tsx
FN:9,(anonymous_7)
FN:12,(anonymous_8)
FN:16,(anonymous_9)
FN:57,(anonymous_10)
FNF:4
FNH:0
FNDA:0,(anonymous_7)
FNDA:0,(anonymous_8)
FNDA:0,(anonymous_9)
FNDA:0,(anonymous_10)
DA:1,1
DA:2,1
DA:3,1
DA:4,1
DA:5,1
DA:6,1
DA:7,1
DA:9,1
DA:10,0
DA:12,0
DA:13,0
DA:16,0
DA:17,0
DA:18,0
DA:21,0
DA:23,0
DA:28,0
DA:44,1
DA:54,1
DA:61,1
LF:20
LH:11
BRDA:34,0,0,0
BRDA:34,0,1,0
BRF:2
BRH:0
end_of_record
TN:
SF:src/components/checkBox/styles.ts
FNF:0
FNH:0
DA:1,1
DA:2,1
DA:4,1
LF:3
LH:3
BRF:0
BRH:0
end_of_record
TN:
SF:src/components/column/index.tsx
FN:4,(anonymous_1)
FNF:1
FNH:0
FNDA:0,(anonymous_1)
DA:1,1
DA:2,1
DA:4,1
DA:5,0
DA:12,1
DA:19,1
LF:6
LH:5
BRDA:4,0,0,0
BRDA:6,1,0,0
BRDA:6,1,1,0
BRF:3
BRH:0
end_of_record
TN:
SF:src/components/conditional/index.ts
FN:1,(anonymous_0)
FNF:1
FNH:0
FNDA:0,(anonymous_0)
DA:1,1
DA:2,0
DA:5,1
LF:3
LH:2
BRDA:2,0,0,0
BRDA:2,0,1,0
BRF:2
BRH:0
end_of_record
TN:
SF:src/components/container/index.tsx
FN:8,(anonymous_7)
FNF:1
FNH:1
FNDA:3,(anonymous_7)
DA:1,1
DA:2,1
DA:3,1
DA:4,1
DA:5,1
DA:6,1
DA:8,1
DA:16,3
DA:17,3
DA:38,3
DA:62,1
DA:74,1
DA:82,1
LF:13
LH:13
BRF:0
BRH:0
end_of_record
TN:
SF:src/components/container/styles.ts
FNF:0
FNH:0
DA:1,1
DA:2,1
DA:4,1
DA:21,1
LF:4
LH:4
BRF:0
BRH:0
end_of_record
TN:
SF:src/components/customButton/index.tsx
FN:14,(anonymous_1)
FNF:1
FNH:1
FNDA:1,(anonymous_1)
DA:1,1
DA:2,1
DA:3,1
DA:14,1
DA:22,1
DA:32,1
LF:6
LH:6
BRF:0
BRH:0
end_of_record
TN:
SF:src/components/customInputText/index.tsx
FN:9,(anonymous_7)
FN:26,(anonymous_8)
FN:40,(anonymous_9)
FN:57,(anonymous_10)
FNF:4
FNH:0
FNDA:0,(anonymous_7)
FNDA:0,(anonymous_8)
FNDA:0,(anonymous_9)
FNDA:0,(anonymous_10)
DA:1,1
DA:2,1
DA:3,1
DA:10,0
DA:12,0
DA:13,0
DA:15,0
DA:16,0
DA:17,0
DA:20,0
DA:27,0
DA:33,0
DA:41,0
DA:57,1
DA:58,0
DA:59,0
DA:69,1
LF:17
LH:5
BRDA:15,0,0,0
BRDA:28,1,0,0
BRDA:28,1,1,0
BRDA:34,2,0,0
BRDA:34,2,1,0
BRF:5
BRH:0
end_of_record
TN:
SF:src/components/customInputText/style.ts
FNF:0
FNH:0
DA:1,1
DA:2,1
DA:4,1
DA:29,1
LF:4
LH:4
BRF:0
BRH:0
end_of_record
TN:
SF:src/components/customLoader/reducer.ts
FN:7,(anonymous_0)
FNF:1
FNH:1
FNDA:2,(anonymous_0)
DA:1,1
DA:3,1
DA:7,1
DA:8,2
DA:10,0
DA:16,0
DA:22,2
DA:26,1
LF:8
LH:6
BRDA:7,0,0,2
BRDA:8,1,0,0
BRDA:8,1,1,0
BRDA:8,1,2,2
BRDA:13,2,0,0
BRDA:13,2,1,0
BRF:6
BRH:2
end_of_record
TN:
SF:src/components/customModal/action.ts
FN:7,(anonymous_0)
FN:12,(anonymous_1)
FN:17,(anonymous_2)
FN:23,(anonymous_3)
FNF:4
FNH:0
FNDA:0,(anonymous_0)
FNDA:0,(anonymous_1)
FNDA:0,(anonymous_2)
FNDA:0,(anonymous_3)
DA:1,1
DA:7,1
DA:12,1
DA:17,1
DA:23,1
LF:5
LH:5
BRF:0
BRH:0
end_of_record
TN:
SF:src/components/customModal/reducer.ts
FN:24,(anonymous_0)
FNF:1
FNH:1
FNDA:2,(anonymous_0)
DA:1,1
DA:7,1
DA:24,1
DA:25,2
DA:27,0
DA:33,0
DA:40,0
DA:58,2
DA:62,1
LF:9
LH:6
BRDA:24,0,0,2
BRDA:25,1,0,0
BRDA:25,1,1,0
BRDA:25,1,2,0
BRDA:25,1,3,2
BRDA:43,2,0,0
BRDA:43,2,1,0
BRF:7
BRH:2
end_of_record
TN:
SF:src/components/customText/index.tsx
FN:11,(anonymous_1)
FNF:1
FNH:1
FNDA:3,(anonymous_1)
DA:1,1
DA:2,1
DA:3,1
DA:11,1
DA:12,3
DA:21,1
LF:6
LH:6
BRF:0
BRH:0
end_of_record
TN:
SF:src/components/customText/style.ts
FNF:0
FNH:0
DA:1,1
DA:3,1
DA:9,1
LF:3
LH:3
BRF:0
BRH:0
end_of_record
TN:
SF:src/components/customToast/reducer.ts
FN:10,(anonymous_0)
FNF:1
FNH:1
FNDA:2,(anonymous_0)
DA:1,1
DA:3,1
DA:10,1
DA:11,2
DA:13,0
DA:21,0
DA:26,2
DA:30,1
LF:8
LH:6
BRDA:10,0,0,2
BRDA:11,1,0,0
BRDA:11,1,1,0
BRDA:11,1,2,2
BRDA:18,2,0,0
BRDA:18,2,1,0
BRF:6
BRH:2
end_of_record
TN:
SF:src/components/divider/index.tsx
FN:6,(anonymous_1)
FNF:1
FNH:0
FNDA:0,(anonymous_1)
DA:1,1
DA:2,1
DA:3,1
DA:4,1
DA:6,1
DA:7,0
DA:11,0
DA:14,1
DA:20,1
DA:24,1
LF:10
LH:8
BRF:0
BRH:0
end_of_record
TN:
SF:src/components/divider/styles.ts
FNF:0
FNH:0
DA:1,1
DA:2,1
DA:4,1
LF:3
LH:3
BRF:0
BRH:0
end_of_record
TN:
SF:src/components/dot/index.tsx
FN:5,(anonymous_1)
FNF:1
FNH:0
FNDA:0,(anonymous_1)
DA:1,1
DA:2,1
DA:3,1
DA:5,1
DA:6,0
DA:13,1
DA:15,1
LF:7
LH:6
BRF:0
BRH:0
end_of_record
TN:
SF:src/components/expertHeader/index.tsx
FN:7,(anonymous_1)
FN:12,(anonymous_2)
FNF:2
FNH:0
FNDA:0,(anonymous_1)
FNDA:0,(anonymous_2)
DA:1,1
DA:2,1
DA:3,1
DA:4,1
DA:5,1
DA:7,1
DA:8,0
DA:12,0
DA:25,1
DA:29,1
LF:10
LH:8
BRF:0
BRH:0
end_of_record
TN:
SF:src/components/expertHeader/style.ts
FNF:0
FNH:0
DA:1,1
DA:2,1
DA:3,1
DA:5,1
DA:31,1
LF:5
LH:5
BRF:0
BRH:0
end_of_record
TN:
SF:src/components/footerNavigation/index.tsx
FN:7,(anonymous_1)
FN:57,(anonymous_2)
FN:58,(anonymous_3)
FNF:3
FNH:0
FNDA:0,(anonymous_1)
FNDA:0,(anonymous_2)
FNDA:0,(anonymous_3)
DA:1,1
DA:2,1
DA:3,1
DA:4,1
DA:5,1
DA:7,1
DA:17,0
DA:39,1
DA:50,1
DA:61,1
LF:10
LH:9
BRF:0
BRH:0
end_of_record
TN:
SF:src/components/footerNavigation/styles.ts
FNF:0
FNH:0
DA:1,1
DA:3,1
LF:2
LH:2
BRF:0
BRH:0
end_of_record
TN:
SF:src/components/header/index.tsx
FN:31,(anonymous_7)
FN:72,(anonymous_8)
FNF:2
FNH:1
FNDA:3,(anonymous_7)
FNDA:0,(anonymous_8)
DA:1,1
DA:2,1
DA:3,1
DA:4,1
DA:5,1
DA:6,1
DA:7,1
DA:8,1
DA:9,1
DA:31,1
DA:32,3
DA:72,3
DA:73,0
DA:74,0
DA:78,0
DA:81,3
DA:184,1
DA:204,1
DA:216,1
DA:218,1
LF:20
LH:17
BRDA:73,0,0,0
BRDA:83,1,0,3
BRDA:83,1,1,0
BRDA:83,1,2,0
BRDA:92,2,0,3
BRDA:92,2,1,0
BRDA:92,2,2,0
BRDA:103,3,0,0
BRDA:103,3,1,0
BRDA:120,4,0,3
BRDA:120,4,1,0
BRDA:121,5,0,3
BRDA:121,5,1,3
BRDA:121,6,0,0
BRDA:121,6,1,3
BRDA:124,7,0,3
BRDA:124,7,1,0
BRDA:134,8,0,3
BRDA:134,8,1,0
BRDA:141,9,0,0
BRDA:141,9,1,0
BRDA:141,10,0,0
BRDA:141,10,1,0
BRDA:144,11,0,3
BRDA:144,11,1,0
BRDA:153,12,0,3
BRDA:153,12,1,0
BRDA:162,13,0,3
BRDA:162,13,1,0
BRDA:171,14,0,3
BRDA:171,14,1,0
BRF:31
BRH:12
end_of_record
TN:
SF:src/components/header/styles.ts
FNF:0
FNH:0
DA:1,1
DA:2,1
DA:4,1
DA:90,1
LF:4
LH:4
BRF:0
BRH:0
end_of_record
TN:
SF:src/components/heading/index.tsx
FN:5,(anonymous_1)
FNF:1
FNH:0
FNDA:0,(anonymous_1)
DA:1,1
DA:2,1
DA:3,1
DA:5,1
DA:6,0
DA:9,1
LF:6
LH:5
BRDA:5,0,0,0
BRDA:6,1,0,0
BRDA:6,1,1,0
BRF:3
BRH:0
end_of_record
TN:
SF:src/components/iPhoneXHelper/index.ts
FN:3,(anonymous_0)
FN:16,(anonymous_1)
FN:23,(anonymous_2)
FN:29,(anonymous_3)
FNF:4
FNH:2
FNDA:1,(anonymous_0)
FNDA:0,(anonymous_1)
FNDA:0,(anonymous_2)
FNDA:1,(anonymous_3)
DA:1,1
DA:3,1
DA:4,1
DA:5,1
DA:16,1
DA:17,0
DA:18,0
DA:20,0
DA:23,1
DA:24,0
DA:29,1
LF:11
LH:7
BRDA:6,0,0,1
BRDA:6,0,1,1
BRDA:6,0,2,1
BRDA:6,0,3,1
BRDA:6,0,4,1
BRDA:6,0,5,1
BRDA:6,0,6,1
BRDA:17,1,0,0
BRDA:25,2,0,0
BRDA:25,2,1,0
BRDA:29,3,0,0
BRDA:29,3,1,1
BRF:12
BRH:8
end_of_record
TN:
SF:src/components/icon/index.tsx
FN:4,(anonymous_1)
FNF:1
FNH:0
FNDA:0,(anonymous_1)
DA:1,1
DA:2,1
DA:4,1
DA:5,0
DA:13,1
DA:20,1
LF:6
LH:5
BRDA:4,0,0,0
BRDA:7,1,0,0
BRDA:7,1,1,0
BRF:3
BRH:0
end_of_record
TN:
SF:src/components/iconButton/index.tsx
FN:20,(anonymous_7)
FN:34,(anonymous_8)
FN:82,(anonymous_9)
FNF:3
FNH:0
FNDA:0,(anonymous_7)
FNDA:0,(anonymous_8)
FNDA:0,(anonymous_9)
DA:1,1
DA:2,1
DA:3,1
DA:4,1
DA:5,1
DA:6,1
DA:20,1
DA:21,0
DA:34,0
DA:35,0
DA:36,0
DA:39,0
DA:60,1
DA:62,1
DA:76,1
DA:85,1
LF:16
LH:11
BRDA:47,0,0,0
BRDA:47,0,1,0
BRF:2
BRH:0
end_of_record
TN:
SF:src/components/iconButton/styles.ts
FNF:0
FNH:0
DA:1,1
DA:2,1
DA:4,1
DA:18,1
LF:4
LH:4
BRF:0
BRH:0
end_of_record
TN:
SF:src/components/icons/index.ts
FN:1,(anonymous_1)
FNF:1
FNH:0
FNDA:0,(anonymous_1)
DA:1,1
LF:1
LH:1
BRF:0
BRH:0
end_of_record
TN:
SF:src/components/icons/prescriber/index.tsx
FN:7,(anonymous_1)
FN:43,(anonymous_2)
FNF:2
FNH:0
FNDA:0,(anonymous_1)
FNDA:0,(anonymous_2)
DA:1,1
DA:2,1
DA:3,1
DA:4,1
DA:5,1
DA:7,1
DA:13,0
DA:19,0
DA:31,1
DA:40,1
DA:46,1
LF:11
LH:9
BRF:0
BRH:0
end_of_record
TN:
SF:src/components/icons/prescriber/styles.ts
FNF:0
FNH:0
DA:1,1
DA:2,1
DA:4,1
LF:3
LH:3
BRF:0
BRH:0
end_of_record
TN:
SF:src/components/input/index.tsx
FN:16,(anonymous_1)
FNF:1
FNH:0
FNDA:0,(anonymous_1)
DA:1,1
DA:2,1
DA:3,1
DA:4,1
DA:16,1
DA:24,0
DA:37,1
DA:49,1
LF:8
LH:7
BRDA:22,0,0,0
BRDA:26,1,0,0
BRDA:26,1,1,0
BRF:3
BRH:0
end_of_record
TN:
SF:src/components/line/index.tsx
FN:5,(anonymous_1)
FNF:1
FNH:0
FNDA:0,(anonymous_1)
DA:1,1
DA:2,1
DA:3,1
DA:5,1
DA:6,0
DA:7,0
DA:13,0
DA:19,1
DA:29,1
LF:9
LH:6
BRDA:5,0,0,0
BRDA:5,1,0,0
BRDA:6,2,0,0
BRDA:6,2,1,0
BRDA:8,3,0,0
BRDA:8,3,1,0
BRDA:14,4,0,0
BRDA:14,4,1,0
BRF:8
BRH:0
end_of_record
TN:
SF:src/components/linking/index.tsx
FN:13,(anonymous_7)
FN:37,(anonymous_8)
FN:53,(anonymous_9)
FNF:3
FNH:0
FNDA:0,(anonymous_7)
FNDA:0,(anonymous_8)
FNDA:0,(anonymous_9)
DA:1,1
DA:2,1
DA:3,1
DA:11,1
DA:13,1
DA:22,0
DA:36,0
DA:38,0
DA:39,0
DA:40,0
DA:41,0
DA:43,0
DA:49,0
DA:53,0
DA:64,1
DA:76,1
DA:86,1
LF:17
LH:8
BRDA:38,0,0,0
BRDA:38,0,1,0
BRDA:40,1,0,0
BRDA:40,1,1,0
BRDA:57,2,0,0
BRDA:57,2,1,0
BRF:6
BRH:0
end_of_record
TN:
SF:src/components/linking/styles.ts
FNF:0
FNH:0
DA:1,1
DA:2,1
DA:4,1
LF:3
LH:3
BRF:0
BRH:0
end_of_record
TN:
SF:src/components/listItem/index.tsx
FN:7,(anonymous_1)
FN:25,(anonymous_2)
FNF:2
FNH:0
FNDA:0,(anonymous_1)
FNDA:0,(anonymous_2)
DA:1,1
DA:2,1
DA:3,1
DA:4,1
DA:5,1
DA:7,1
DA:18,0
DA:20,0
DA:25,0
DA:26,0
DA:27,0
DA:31,0
DA:51,1
DA:64,1
DA:71,1
LF:15
LH:9
BRDA:26,0,0,0
BRDA:35,1,0,0
BRDA:35,1,1,0
BRDA:35,2,0,0
BRDA:35,2,1,0
BRDA:35,3,0,0
BRDA:35,3,1,0
BRDA:35,4,0,0
BRDA:35,4,1,0
BRDA:35,5,0,0
BRDA:35,5,1,0
BRDA:40,6,0,0
BRDA:40,6,1,0
BRDA:42,7,0,0
BRDA:42,7,1,0
BRF:15
BRH:0
end_of_record
TN:
SF:src/components/listItem/styles.ts
FNF:0
FNH:0
DA:1,1
DA:2,1
DA:4,1
LF:3
LH:3
BRF:0
BRH:0
end_of_record
TN:
SF:src/components/modal/index.tsx
FN:6,(anonymous_1)
FN:43,(anonymous_2)
FNF:2
FNH:0
FNDA:0,(anonymous_1)
FNDA:0,(anonymous_2)
DA:1,1
DA:2,1
DA:3,1
DA:4,1
DA:6,1
DA:13,0
DA:17,0
DA:30,1
DA:41,1
DA:47,1
LF:10
LH:8
BRF:0
BRH:0
end_of_record
TN:
SF:src/components/modal/styles.ts
FNF:0
FNH:0
DA:1,1
DA:2,1
DA:4,1
LF:3
LH:3
BRF:0
BRH:0
end_of_record
TN:
SF:src/components/modalConfirm/index.tsx
FN:7,(anonymous_1)
FNF:1
FNH:0
FNDA:0,(anonymous_1)
DA:1,1
DA:2,1
DA:3,1
DA:4,1
DA:5,1
DA:7,1
DA:15,0
DA:35,1
LF:8
LH:7
BRF:0
BRH:0
end_of_record
TN:
SF:src/components/modalConfirm/styles.ts
FNF:0
FNH:0
DA:1,1
DA:2,1
DA:4,1
LF:3
LH:3
BRF:0
BRH:0
end_of_record
TN:
SF:src/components/modalDatePicker/index.tsx
FN:10,(anonymous_7)
FN:23,(anonymous_8)
FN:28,(anonymous_9)
FN:45,(anonymous_10)
FN:79,(anonymous_11)
FNF:5
FNH:0
FNDA:0,(anonymous_7)
FNDA:0,(anonymous_8)
FNDA:0,(anonymous_9)
FNDA:0,(anonymous_10)
FNDA:0,(anonymous_11)
DA:1,1
DA:2,1
DA:3,1
DA:4,1
DA:5,1
DA:6,1
DA:7,1
DA:8,1
DA:10,1
DA:20,0
DA:21,0
DA:23,0
DA:24,0
DA:25,0
DA:28,0
DA:29,0
DA:30,0
DA:33,0
DA:40,0
DA:46,0
DA:62,1
DA:77,1
DA:86,1
LF:23
LH:12
BRF:0
BRH:0
end_of_record
TN:
SF:src/components/modalDatePicker/styles.ts
FNF:0
FNH:0
DA:1,1
DA:2,1
DA:4,1
LF:3
LH:3
BRF:0
BRH:0
end_of_record
TN:
SF:src/components/modalPicker/index.tsx
FN:10,(anonymous_7)
FN:21,(anonymous_8)
FN:25,(anonymous_9)
FN:43,(anonymous_10)
FN:77,(anonymous_11)
FNF:5
FNH:0
FNDA:0,(anonymous_7)
FNDA:0,(anonymous_8)
FNDA:0,(anonymous_9)
FNDA:0,(anonymous_10)
FNDA:0,(anonymous_11)
DA:1,1
DA:2,1
DA:3,1
DA:4,1
DA:5,1
DA:6,1
DA:7,1
DA:8,1
DA:10,1
DA:19,0
DA:21,0
DA:22,0
DA:25,0
DA:26,0
DA:27,0
DA:30,0
DA:37,0
DA:44,0
DA:61,1
DA:75,1
DA:82,1
LF:21
LH:12
BRF:0
BRH:0
end_of_record
TN:
SF:src/components/modalPicker/styles.ts
FNF:0
FNH:0
DA:1,1
DA:2,1
DA:4,1
DA:6,1
LF:4
LH:4
BRF:0
BRH:0
end_of_record
TN:
SF:src/components/navItem/index.tsx
FN:20,(anonymous_1)
FN:29,(anonymous_2)
FN:38,(anonymous_3)
FNF:3
FNH:0
FNDA:0,(anonymous_1)
FNDA:0,(anonymous_2)
FNDA:0,(anonymous_3)
DA:1,1
DA:2,1
DA:3,1
DA:5,1
DA:6,1
DA:7,1
DA:9,1
DA:20,1
DA:28,0
DA:29,0
DA:33,0
DA:38,0
DA:56,1
DA:98,1
LF:14
LH:10
BRF:0
BRH:0
end_of_record
TN:
SF:src/components/polarButton/index.tsx
FN:10,(anonymous_7)
FN:20,(anonymous_8)
FNF:2
FNH:0
FNDA:0,(anonymous_7)
FNDA:0,(anonymous_8)
DA:1,1
DA:2,1
DA:3,1
DA:4,1
DA:5,1
DA:6,1
DA:7,1
DA:8,1
DA:10,1
DA:17,0
DA:18,0
DA:20,0
DA:21,0
DA:24,0
DA:38,0
DA:51,1
DA:61,1
DA:67,1
LF:18
LH:12
BRDA:18,0,0,0
BRDA:18,0,1,0
BRDA:21,1,0,0
BRDA:21,1,1,0
BRDA:45,2,0,0
BRDA:45,2,1,0
BRF:6
BRH:0
end_of_record
TN:
SF:src/components/polarButton/styles.ts
FNF:0
FNH:0
DA:1,1
DA:2,1
DA:4,1
DA:25,1
LF:4
LH:4
BRF:0
BRH:0
end_of_record
TN:
SF:src/components/profileCard/index.tsx
FN:21,(anonymous_7)
FN:37,(anonymous_8)
FN:41,(anonymous_9)
FN:114,(anonymous_10)
FNF:4
FNH:0
FNDA:0,(anonymous_7)
FNDA:0,(anonymous_8)
FNDA:0,(anonymous_9)
FNDA:0,(anonymous_10)
DA:1,1
DA:2,1
DA:13,1
DA:14,1
DA:15,1
DA:16,1
DA:17,1
DA:18,1
DA:19,1
DA:21,1
DA:35,0
DA:37,0
DA:38,0
DA:41,0
DA:42,0
DA:45,0
DA:57,0
DA:95,1
DA:112,1
DA:126,1
LF:20
LH:13
BRDA:74,0,0,0
BRDA:74,0,1,0
BRDA:77,1,0,0
BRDA:77,1,1,0
BRF:4
BRH:0
end_of_record
TN:
SF:src/components/profileCard/styles.ts
FNF:0
FNH:0
DA:1,1
DA:2,1
DA:4,1
DA:42,1
LF:4
LH:4
BRF:0
BRH:0
end_of_record
TN:
SF:src/components/question/index.tsx
FN:18,(anonymous_1)
FN:34,(anonymous_2)
FNF:2
FNH:0
FNDA:0,(anonymous_1)
FNDA:0,(anonymous_2)
DA:1,1
DA:2,1
DA:3,1
DA:4,1
DA:6,1
DA:18,1
DA:27,0
DA:34,0
DA:63,1
DA:133,1
LF:10
LH:8
BRDA:36,0,0,0
BRDA:36,0,1,0
BRDA:41,1,0,0
BRDA:41,1,1,0
BRDA:48,2,0,0
BRDA:48,2,1,0
BRF:6
BRH:0
end_of_record
TN:
SF:src/components/radioButton/index.tsx
FN:7,(anonymous_6)
FN:19,(anonymous_7)
FN:23,(anonymous_8)
FN:32,(anonymous_9)
FN:102,(anonymous_10)
FNF:5
FNH:0
FNDA:0,(anonymous_6)
FNDA:0,(anonymous_7)
FNDA:0,(anonymous_8)
FNDA:0,(anonymous_9)
FNDA:0,(anonymous_10)
DA:1,1
DA:2,1
DA:3,1
DA:4,1
DA:5,1
DA:7,1
DA:16,0
DA:17,0
DA:19,0
DA:20,0
DA:23,0
DA:24,0
DA:25,0
DA:32,0
DA:33,0
DA:36,0
DA:60,0
DA:81,1
DA:99,1
DA:111,1
LF:20
LH:9
BRDA:20,0,0,0
BRDA:20,0,1,0
BRF:2
BRH:0
end_of_record
TN:
SF:src/components/radioButton/styles.ts
FNF:0
FNH:0
DA:1,1
DA:2,1
DA:4,1
DA:37,1
LF:4
LH:4
BRF:0
BRH:0
end_of_record
TN:
SF:src/components/radioGroup/index.tsx
FN:33,(anonymous_7)
FN:46,(anonymous_8)
FN:52,(anonymous_9)
FN:58,(anonymous_10)
FN:62,(anonymous_11)
FN:86,(anonymous_12)
FN:96,(anonymous_13)
FN:97,(anonymous_14)
FN:102,(anonymous_15)
FN:148,(anonymous_16)
FNF:10
FNH:0
FNDA:0,(anonymous_7)
FNDA:0,(anonymous_8)
FNDA:0,(anonymous_9)
FNDA:0,(anonymous_10)
FNDA:0,(anonymous_11)
FNDA:0,(anonymous_12)
FNDA:0,(anonymous_13)
FNDA:0,(anonymous_14)
FNDA:0,(anonymous_15)
FNDA:0,(anonymous_16)
DA:1,1
DA:2,1
DA:13,1
DA:14,1
DA:15,1
DA:16,1
DA:17,1
DA:33,1
DA:43,0
DA:44,0
DA:46,0
DA:47,0
DA:48,0
DA:52,0
DA:53,0
DA:54,0
DA:58,0
DA:59,0
DA:62,0
DA:63,0
DA:64,0
DA:66,0
DA:67,0
DA:71,0
DA:86,0
DA:87,0
DA:92,0
DA:96,0
DA:98,0
DA:102,0
DA:111,1
DA:143,1
DA:153,1
LF:33
LH:11
BRDA:41,0,0,0
BRDA:47,1,0,0
BRDA:53,2,0,0
BRDA:66,3,0,0
BRDA:87,4,0,0
BRDA:87,4,1,0
BRDA:100,5,0,0
BRDA:100,5,1,0
BRDA:103,6,0,0
BRDA:103,6,1,0
BRF:10
BRH:0
end_of_record
TN:
SF:src/components/radioGroup/styles.ts
FNF:0
FNH:0
DA:1,1
DA:2,1
DA:4,1
DA:15,1
LF:4
LH:4
BRF:0
BRH:0
end_of_record
TN:
SF:src/components/radioGroupQuery/index.tsx
FN:35,(anonymous_7)
FN:52,(anonymous_8)
FN:60,(anonymous_9)
FN:66,(anonymous_10)
FN:70,(anonymous_11)
FN:79,(anonymous_12)
FN:133,(anonymous_13)
FN:139,(anonymous_14)
FN:154,(anonymous_15)
FN:155,(anonymous_16)
FN:161,(anonymous_17)
FN:172,(anonymous_18)
FN:219,(anonymous_19)
FNF:13
FNH:0
FNDA:0,(anonymous_7)
FNDA:0,(anonymous_8)
FNDA:0,(anonymous_9)
FNDA:0,(anonymous_10)
FNDA:0,(anonymous_11)
FNDA:0,(anonymous_12)
FNDA:0,(anonymous_13)
FNDA:0,(anonymous_14)
FNDA:0,(anonymous_15)
FNDA:0,(anonymous_16)
FNDA:0,(anonymous_17)
FNDA:0,(anonymous_18)
FNDA:0,(anonymous_19)
DA:1,1
DA:2,1
DA:13,1
DA:14,1
DA:15,1
DA:16,1
DA:17,1
DA:18,1
DA:19,1
DA:35,1
DA:47,0
DA:48,0
DA:49,0
DA:52,0
DA:53,0
DA:54,0
DA:56,0
DA:60,0
DA:61,0
DA:62,0
DA:66,0
DA:67,0
DA:70,0
DA:71,0
DA:72,0
DA:74,0
DA:75,0
DA:79,0
DA:80,0
DA:81,0
DA:82,0
DA:83,0
DA:84,0
DA:87,0
DA:91,0
DA:92,0
DA:95,0
DA:96,0
DA:99,0
DA:133,0
DA:134,0
DA:139,0
DA:140,0
DA:149,0
DA:154,0
DA:156,0
DA:161,0
DA:172,0
DA:182,1
DA:214,1
DA:224,1
LF:51
LH:13
BRDA:44,0,0,0
BRDA:45,1,0,0
BRDA:53,2,0,0
BRDA:61,3,0,0
BRDA:74,4,0,0
BRDA:83,5,0,0
BRDA:83,5,1,0
BRDA:91,6,0,0
BRDA:134,7,0,0
BRDA:134,7,1,0
BRDA:156,8,0,0
BRDA:156,8,1,0
BRDA:159,9,0,0
BRDA:159,9,1,0
BRDA:162,10,0,0
BRDA:162,10,1,0
BRDA:165,11,0,0
BRDA:165,11,1,0
BRDA:171,12,0,0
BRDA:171,12,1,0
BRF:20
BRH:0
end_of_record
TN:
SF:src/components/radioGroupQuery/styles.ts
FNF:0
FNH:0
DA:1,1
DA:2,1
DA:4,1
DA:24,1
LF:4
LH:4
BRF:0
BRH:0
end_of_record
TN:
SF:src/components/ratingModal/index.tsx
FN:10,(anonymous_7)
FN:26,(anonymous_8)
FN:30,(anonymous_9)
FN:34,(anonymous_10)
FN:108,(anonymous_11)
FNF:5
FNH:0
FNDA:0,(anonymous_7)
FNDA:0,(anonymous_8)
FNDA:0,(anonymous_9)
FNDA:0,(anonymous_10)
FNDA:0,(anonymous_11)
DA:1,1
DA:2,1
DA:3,1
DA:4,1
DA:5,1
DA:6,1
DA:7,1
DA:8,1
DA:10,1
DA:23,0
DA:24,0
DA:26,0
DA:27,0
DA:30,0
DA:31,0
DA:34,0
DA:35,0
DA:36,0
DA:38,0
DA:41,0
DA:49,0
DA:86,1
DA:105,1
DA:118,1
DA:120,1
LF:25
LH:13
BRDA:35,0,0,0
BRF:1
BRH:0
end_of_record
TN:
SF:src/components/ratingModal/styles.ts
FNF:0
FNH:0
DA:1,1
DA:2,1
DA:4,1
DA:31,1
LF:4
LH:4
BRF:0
BRH:0
end_of_record
TN:
SF:src/components/ratings/index.tsx
FN:11,(anonymous_7)
FN:31,(anonymous_8)
FN:43,(anonymous_9)
FNF:3
FNH:0
FNDA:0,(anonymous_7)
FNDA:0,(anonymous_8)
FNDA:0,(anonymous_9)
DA:1,1
DA:2,1
DA:3,1
DA:4,1
DA:5,1
DA:6,1
DA:7,1
DA:9,1
DA:11,1
DA:18,0
DA:31,0
DA:32,0
DA:33,0
DA:34,0
DA:36,0
DA:39,0
DA:44,0
DA:45,0
DA:70,1
DA:83,1
DA:91,1
LF:21
LH:12
BRDA:34,0,0,0
BRDA:34,0,1,0
BRDA:41,1,0,0
BRDA:41,1,1,0
BRF:4
BRH:0
end_of_record
TN:
SF:src/components/ratings/styles.ts
FNF:0
FNH:0
DA:1,1
DA:2,1
DA:4,1
DA:20,1
LF:4
LH:4
BRF:0
BRH:0
end_of_record
TN:
SF:src/components/row/index.tsx
FN:4,(anonymous_1)
FNF:1
FNH:0
FNDA:0,(anonymous_1)
DA:1,1
DA:2,1
DA:4,1
DA:5,0
DA:12,1
DA:18,1
LF:6
LH:5
BRDA:4,0,0,0
BRDA:6,1,0,0
BRDA:6,1,1,0
BRF:3
BRH:0
end_of_record
TN:
SF:src/components/screen/index.tsx
FN:6,(anonymous_1)
FNF:1
FNH:0
FNDA:0,(anonymous_1)
DA:1,1
DA:2,1
DA:3,1
DA:4,1
DA:6,1
DA:7,0
DA:20,1
DA:32,1
LF:8
LH:7
BRDA:6,0,0,0
BRDA:6,1,0,0
BRDA:9,2,0,0
BRDA:9,2,1,0
BRDA:12,3,0,0
BRDA:12,3,1,0
BRF:6
BRH:0
end_of_record
TN:
SF:src/components/searchBar/index.tsx
FN:8,(anonymous_1)
FN:49,(anonymous_2)
FNF:2
FNH:1
FNDA:2,(anonymous_1)
FNDA:0,(anonymous_2)
DA:1,1
DA:2,1
DA:3,1
DA:4,1
DA:5,1
DA:6,1
DA:8,1
DA:14,2
DA:23,2
DA:39,1
DA:47,1
DA:53,1
DA:55,1
LF:13
LH:13
BRF:0
BRH:0
end_of_record
TN:
SF:src/components/searchBar/styles.ts
FNF:0
FNH:0
DA:1,1
DA:2,1
DA:4,1
LF:3
LH:3
BRF:0
BRH:0
end_of_record
TN:
SF:src/components/tab/index.tsx
FN:6,(anonymous_1)
FNF:1
FNH:0
FNDA:0,(anonymous_1)
DA:1,1
DA:2,1
DA:3,1
DA:4,1
DA:6,1
DA:7,0
DA:16,1
LF:7
LH:6
BRF:0
BRH:0
end_of_record
TN:
SF:src/components/tabs/index.tsx
FN:29,(anonymous_7)
FN:44,(anonymous_8)
FN:57,(anonymous_9)
FN:60,(anonymous_10)
FN:65,(anonymous_11)
FNF:5
FNH:0
FNDA:0,(anonymous_7)
FNDA:0,(anonymous_8)
FNDA:0,(anonymous_9)
FNDA:0,(anonymous_10)
FNDA:0,(anonymous_11)
DA:1,1
DA:2,1
DA:3,1
DA:5,1
DA:7,1
DA:20,1
DA:29,1
DA:30,0
DA:32,0
DA:33,0
DA:35,0
DA:42,0
DA:44,0
DA:45,0
DA:46,0
DA:47,0
DA:51,0
DA:57,0
DA:61,0
DA:65,0
DA:73,1
DA:90,1
LF:22
LH:9
BRDA:29,0,0,0
BRDA:46,1,0,0
BRDA:63,2,0,0
BRDA:63,2,1,0
BRDA:64,3,0,0
BRDA:64,3,1,0
BRF:6
BRH:0
end_of_record
TN:
SF:src/components/text/index.tsx
FN:7,(anonymous_1)
FNF:1
FNH:0
FNDA:0,(anonymous_1)
DA:1,1
DA:2,1
DA:3,1
DA:5,1
DA:7,1
DA:8,0
DA:15,1
DA:23,1
LF:8
LH:7
BRDA:7,0,0,0
BRDA:9,1,0,0
BRDA:9,1,1,0
BRF:3
BRH:0
end_of_record
TN:
SF:src/components/textButton/index.tsx
FN:38,(anonymous_7)
FN:54,(anonymous_8)
FN:126,(anonymous_9)
FNF:3
FNH:0
FNDA:0,(anonymous_7)
FNDA:0,(anonymous_8)
FNDA:0,(anonymous_9)
DA:1,1
DA:2,1
DA:12,1
DA:18,1
DA:19,1
DA:20,1
DA:38,1
DA:54,0
DA:55,0
DA:58,0
DA:84,0
DA:104,1
DA:106,1
DA:125,1
DA:138,1
LF:15
LH:11
BRDA:51,0,0,0
BRDA:88,1,0,0
BRDA:88,1,1,0
BRDA:93,2,0,0
BRDA:93,2,1,0
BRF:5
BRH:0
end_of_record
TN:
SF:src/components/textButton/styles.ts
FNF:0
FNH:0
DA:1,1
DA:2,1
DA:4,1
DA:36,1
LF:4
LH:4
BRF:0
BRH:0
end_of_record
TN:
SF:src/components/textInput/index.tsx
FN:10,(anonymous_7)
FN:26,(anonymous_8)
FN:32,(anonymous_9)
FN:114,(anonymous_10)
FNF:4
FNH:0
FNDA:0,(anonymous_7)
FNDA:0,(anonymous_8)
FNDA:0,(anonymous_9)
FNDA:0,(anonymous_10)
DA:1,1
DA:2,1
DA:3,1
DA:4,1
DA:5,1
DA:6,1
DA:7,1
DA:8,1
DA:10,1
DA:26,0
DA:27,0
DA:28,0
DA:32,0
DA:33,0
DA:34,0
DA:38,0
DA:66,0
DA:96,1
DA:113,1
DA:126,1
LF:20
LH:12
BRDA:27,0,0,0
BRDA:33,1,0,0
BRDA:68,2,0,0
BRDA:68,2,1,0
BRDA:76,3,0,0
BRDA:76,3,1,0
BRDA:86,4,0,0
BRDA:86,4,1,0
BRF:8
BRH:0
end_of_record
TN:
SF:src/components/textInput/styles.ts
FNF:0
FNH:0
DA:1,1
DA:2,1
DA:4,1
DA:35,1
LF:4
LH:4
BRF:0
BRH:0
end_of_record
TN:
SF:src/components/timeDisplay/index.tsx
FN:7,(anonymous_1)
FNF:1
FNH:0
FNDA:0,(anonymous_1)
DA:1,1
DA:2,1
DA:3,1
DA:4,1
DA:5,1
DA:7,1
DA:8,0
DA:17,0
DA:27,1
DA:34,1
DA:39,1
DA:41,1
LF:12
LH:10
BRF:0
BRH:0
end_of_record
TN:
SF:src/components/timeDisplay/styles.ts
FNF:0
FNH:0
DA:1,1
DA:2,1
DA:4,1
LF:3
LH:3
BRF:0
BRH:0
end_of_record
TN:
SF:src/i18n/en.ts
FNF:0
FNH:0
DA:1,1
LF:1
LH:1
BRF:0
BRH:0
end_of_record
TN:
SF:src/i18n/es.ts
FNF:0
FNH:0
DA:1,1
LF:1
LH:1
BRF:0
BRH:0
end_of_record
TN:
SF:src/i18n/index.ts
FNF:0
FNH:0
DA:1,1
DA:2,1
DA:4,1
DA:9,1
LF:4
LH:4
BRF:0
BRH:0
end_of_record
TN:
SF:src/models/index.ts
FN:1,(anonymous_1)
FNF:1
FNH:0
FNDA:0,(anonymous_1)
DA:1,1
LF:1
LH:1
BRF:0
BRH:0
end_of_record
TN:
SF:src/models/chat/topics.ts
FNF:0
FNH:0
DA:1,1
LF:1
LH:1
BRF:0
BRH:0
end_of_record
TN:
SF:src/navigation/index.tsx
FN:120,(anonymous_1)
FN:142,(anonymous_2)
FN:175,(anonymous_3)
FN:203,(anonymous_4)
FN:267,(anonymous_5)
FN:296,(anonymous_6)
FN:326,(anonymous_7)
FN:328,(anonymous_8)
FN:360,(anonymous_9)
FN:421,(anonymous_10)
FN:449,(anonymous_11)
FN:508,(anonymous_12)
FN:509,(anonymous_13)
FN:511,(anonymous_14)
FN:519,(anonymous_15)
FN:528,(anonymous_16)
FN:529,(anonymous_17)
FN:536,(anonymous_18)
FN:539,(anonymous_19)
FN:584,(anonymous_20)
FN:590,(anonymous_21)
FN:595,(anonymous_22)
FN:647,(anonymous_23)
FN:662,(anonymous_24)
FN:678,(anonymous_25)
FNF:25
FNH:0
FNDA:0,(anonymous_1)
FNDA:0,(anonymous_2)
FNDA:0,(anonymous_3)
FNDA:0,(anonymous_4)
FNDA:0,(anonymous_5)
FNDA:0,(anonymous_6)
FNDA:0,(anonymous_7)
FNDA:0,(anonymous_8)
FNDA:0,(anonymous_9)
FNDA:0,(anonymous_10)
FNDA:0,(anonymous_11)
FNDA:0,(anonymous_12)
FNDA:0,(anonymous_13)
FNDA:0,(anonymous_14)
FNDA:0,(anonymous_15)
FNDA:0,(anonymous_16)
FNDA:0,(anonymous_17)
FNDA:0,(anonymous_18)
FNDA:0,(anonymous_19)
FNDA:0,(anonymous_20)
FNDA:0,(anonymous_21)
FNDA:0,(anonymous_22)
FNDA:0,(anonymous_23)
FNDA:0,(anonymous_24)
FNDA:0,(anonymous_25)
DA:1,1
DA:2,1
DA:3,1
DA:4,1
DA:5,1
DA:6,1
DA:7,1
DA:8,1
DA:9,1
DA:10,1
DA:11,1
DA:12,1
DA:13,1
DA:14,1
DA:15,1
DA:16,1
DA:17,1
DA:18,1
DA:19,1
DA:20,1
DA:21,1
DA:22,1
DA:23,1
DA:24,1
DA:25,1
DA:26,1
DA:27,1
DA:28,1
DA:29,1
DA:30,1
DA:31,1
DA:32,1
DA:33,1
DA:34,1
DA:35,1
DA:36,1
DA:37,1
DA:38,1
DA:39,1
DA:40,1
DA:41,1
DA:42,1
DA:43,1
DA:44,1
DA:45,1
DA:46,1
DA:47,1
DA:48,1
DA:49,1
DA:50,1
DA:51,1
DA:52,1
DA:53,1
DA:54,1
DA:55,1
DA:56,1
DA:57,1
DA:58,1
DA:59,1
DA:60,1
DA:61,1
DA:62,1
DA:63,1
DA:64,1
DA:65,1
DA:66,1
DA:67,1
DA:68,1
DA:69,1
DA:70,1
DA:71,1
DA:72,1
DA:73,1
DA:74,1
DA:75,1
DA:76,1
DA:77,1
DA:78,1
DA:79,1
DA:80,1
DA:81,1
DA:82,1
DA:83,1
DA:84,1
DA:85,1
DA:86,1
DA:87,1
DA:88,1
DA:89,1
DA:90,1
DA:91,1
DA:92,1
DA:93,1
DA:94,1
DA:95,1
DA:96,1
DA:97,1
DA:98,1
DA:99,1
DA:101,1
DA:103,1
DA:113,1
DA:114,1
DA:116,1
DA:120,0
DA:137,1
DA:143,0
DA:176,0
DA:204,0
DA:262,1
DA:268,0
DA:297,0
DA:326,0
DA:329,0
DA:361,0
DA:416,1
DA:422,0
DA:450,0
DA:502,1
DA:508,0
DA:509,0
DA:511,0
DA:519,0
DA:528,0
DA:529,0
DA:536,0
DA:539,0
DA:547,1
DA:559,1
DA:584,0
DA:590,0
DA:595,0
DA:617,1
DA:631,1
DA:645,1
DA:647,1
DA:648,0
DA:649,0
DA:650,0
DA:651,0
DA:657,0
DA:660,1
DA:662,1
DA:663,0
DA:664,0
DA:665,0
DA:666,0
DA:672,0
DA:676,1
DA:678,1
DA:679,0
DA:680,0
DA:681,0
DA:682,0
DA:688,0
DA:691,1
DA:692,1
LF:157
LH:120
BRDA:150,0,0,0
BRDA:150,0,1,0
BRDA:152,1,0,0
BRDA:152,1,1,0
BRDA:162,2,0,0
BRDA:162,2,1,0
BRDA:164,3,0,0
BRDA:164,3,1,0
BRDA:182,4,0,0
BRDA:182,4,1,0
BRDA:184,5,0,0
BRDA:184,5,1,0
BRDA:191,6,0,0
BRDA:191,6,1,0
BRDA:193,7,0,0
BRDA:193,7,1,0
BRDA:211,8,0,0
BRDA:211,8,1,0
BRDA:213,9,0,0
BRDA:213,9,1,0
BRDA:224,10,0,0
BRDA:224,10,1,0
BRDA:229,11,0,0
BRDA:229,11,1,0
BRDA:274,12,0,0
BRDA:274,12,1,0
BRDA:275,13,0,0
BRDA:275,13,1,0
BRDA:284,14,0,0
BRDA:284,14,1,0
BRDA:303,15,0,0
BRDA:303,15,1,0
BRDA:304,16,0,0
BRDA:304,16,1,0
BRDA:316,17,0,0
BRDA:316,17,1,0
BRDA:335,18,0,0
BRDA:335,18,1,0
BRDA:336,19,0,0
BRDA:336,19,1,0
BRDA:348,20,0,0
BRDA:348,20,1,0
BRDA:368,21,0,0
BRDA:368,21,1,0
BRDA:369,22,0,0
BRDA:369,22,1,0
BRDA:381,23,0,0
BRDA:381,23,1,0
BRDA:427,24,0,0
BRDA:427,24,1,0
BRDA:428,25,0,0
BRDA:428,25,1,0
BRDA:437,26,0,0
BRDA:437,26,1,0
BRDA:455,27,0,0
BRDA:455,27,1,0
BRDA:456,28,0,0
BRDA:456,28,1,0
BRDA:468,29,0,0
BRDA:468,29,1,0
BRDA:648,30,0,0
BRDA:648,31,0,0
BRDA:648,31,1,0
BRDA:663,32,0,0
BRDA:663,33,0,0
BRDA:663,33,1,0
BRDA:679,34,0,0
BRDA:679,35,0,0
BRDA:679,35,1,0
BRF:69
BRH:0
end_of_record
TN:
SF:src/navigation/navigationService.ts
FN:6,(anonymous_0)
FN:10,(anonymous_1)
FN:14,(anonymous_2)
FN:18,(anonymous_3)
FN:24,(anonymous_4)
FN:28,(anonymous_5)
FN:34,(anonymous_6)
FN:38,(anonymous_7)
FNF:8
FNH:1
FNDA:1,(anonymous_0)
FNDA:0,(anonymous_1)
FNDA:0,(anonymous_2)
FNDA:0,(anonymous_3)
FNDA:0,(anonymous_4)
FNDA:0,(anonymous_5)
FNDA:0,(anonymous_6)
FNDA:0,(anonymous_7)
DA:1,1
DA:7,1
DA:11,0
DA:15,0
DA:19,0
DA:25,0
DA:29,0
DA:35,0
DA:39,0
DA:40,0
DA:50,1
LF:11
LH:3
BRF:0
BRH:0
end_of_record
TN:
SF:src/redux/actions/agreements.ts
FN:3,(anonymous_0)
FNF:1
FNH:0
FNDA:0,(anonymous_0)
DA:1,1
DA:3,1
LF:2
LH:2
BRF:0
BRH:0
end_of_record
TN:
SF:src/redux/actions/experts.ts
FN:3,(anonymous_0)
FNF:1
FNH:0
FNDA:0,(anonymous_0)
DA:1,1
DA:3,1
LF:2
LH:2
BRF:0
BRH:0
end_of_record
TN:
SF:src/redux/actions/favoriteExperts.ts
FN:3,(anonymous_0)
FN:8,(anonymous_1)
FNF:2
FNH:0
FNDA:0,(anonymous_0)
FNDA:0,(anonymous_1)
DA:1,1
DA:3,1
DA:8,1
LF:3
LH:3
BRF:0
BRH:0
end_of_record
TN:
SF:src/redux/actions/healthHistory.ts
FN:3,(anonymous_0)
FN:8,(anonymous_1)
FNF:2
FNH:0
FNDA:0,(anonymous_0)
FNDA:0,(anonymous_1)
DA:1,1
DA:3,1
DA:8,1
LF:3
LH:3
BRF:0
BRH:0
end_of_record
TN:
SF:src/redux/actions/index.ts
FN:1,(anonymous_0)
FN:1,(anonymous_1)
FN:2,(anonymous_2)
FN:2,(anonymous_3)
FN:3,(anonymous_4)
FN:4,(anonymous_5)
FN:5,(anonymous_6)
FN:5,(anonymous_7)
FN:6,(anonymous_8)
FN:7,(anonymous_9)
FN:8,(anonymous_10)
FN:9,(anonymous_11)
FN:10,(anonymous_12)
FN:10,(anonymous_13)
FN:11,(anonymous_14)
FN:12,(anonymous_15)
FN:13,(anonymous_16)
FN:13,(anonymous_17)
FN:14,(anonymous_18)
FN:14,(anonymous_19)
FN:15,(anonymous_20)
FN:15,(anonymous_21)
FN:16,(anonymous_22)
FN:17,(anonymous_23)
FN:17,(anonymous_24)
FNF:25
FNH:0
FNDA:0,(anonymous_0)
FNDA:0,(anonymous_1)
FNDA:0,(anonymous_2)
FNDA:0,(anonymous_3)
FNDA:0,(anonymous_4)
FNDA:0,(anonymous_5)
FNDA:0,(anonymous_6)
FNDA:0,(anonymous_7)
FNDA:0,(anonymous_8)
FNDA:0,(anonymous_9)
FNDA:0,(anonymous_10)
FNDA:0,(anonymous_11)
FNDA:0,(anonymous_12)
FNDA:0,(anonymous_13)
FNDA:0,(anonymous_14)
FNDA:0,(anonymous_15)
FNDA:0,(anonymous_16)
FNDA:0,(anonymous_17)
FNDA:0,(anonymous_18)
FNDA:0,(anonymous_19)
FNDA:0,(anonymous_20)
FNDA:0,(anonymous_21)
FNDA:0,(anonymous_22)
FNDA:0,(anonymous_23)
FNDA:0,(anonymous_24)
DA:1,1
DA:2,1
DA:3,1
DA:4,1
DA:5,1
DA:6,1
DA:7,1
DA:8,1
DA:9,1
DA:10,1
DA:11,1
DA:12,1
DA:13,1
DA:14,1
DA:15,1
DA:16,1
DA:17,1
LF:17
LH:17
BRF:0
BRH:0
end_of_record
TN:
SF:src/redux/actions/language.ts
FN:3,(anonymous_0)
FNF:1
FNH:0
FNDA:0,(anonymous_0)
DA:1,1
DA:3,1
LF:2
LH:2
BRF:0
BRH:0
end_of_record
TN:
SF:src/redux/actions/licenses.ts
FN:3,(anonymous_0)
FNF:1
FNH:0
FNDA:0,(anonymous_0)
DA:1,1
DA:3,1
LF:2
LH:2
BRF:0
BRH:0
end_of_record
TN:
SF:src/redux/actions/medicalHistory.ts
FN:3,(anonymous_0)
FNF:1
FNH:0
FNDA:0,(anonymous_0)
DA:1,1
DA:3,1
LF:2
LH:2
BRF:0
BRH:0
end_of_record
TN:
SF:src/redux/actions/messaging.ts
FN:3,(anonymous_0)
FN:8,(anonymous_1)
FNF:2
FNH:0
FNDA:0,(anonymous_0)
FNDA:0,(anonymous_1)
DA:1,1
DA:3,1
DA:8,1
LF:3
LH:3
BRF:0
BRH:0
end_of_record
TN:
SF:src/redux/actions/navigator.ts
FN:3,(anonymous_0)
FN:8,(anonymous_1)
FNF:2
FNH:0
FNDA:0,(anonymous_0)
FNDA:0,(anonymous_1)
DA:1,1
DA:3,1
DA:8,1
LF:3
LH:3
BRF:0
BRH:0
end_of_record
TN:
SF:src/redux/actions/plan.ts
FN:3,(anonymous_0)
FN:8,(anonymous_1)
FNF:2
FNH:0
FNDA:0,(anonymous_0)
FNDA:0,(anonymous_1)
DA:1,1
DA:3,1
DA:8,1
LF:3
LH:3
BRF:0
BRH:0
end_of_record
TN:
SF:src/redux/actions/plans.ts
FN:3,(anonymous_0)
FNF:1
FNH:0
FNDA:0,(anonymous_0)
DA:1,1
DA:3,1
LF:2
LH:2
BRF:0
BRH:0
end_of_record
TN:
SF:src/redux/actions/privacyPolicy.ts
FN:3,(anonymous_0)
FNF:1
FNH:0
FNDA:0,(anonymous_0)
DA:1,1
DA:3,1
LF:2
LH:2
BRF:0
BRH:0
end_of_record
TN:
SF:src/redux/actions/questions.ts
FN:3,(anonymous_0)
FN:8,(anonymous_1)
FNF:2
FNH:0
FNDA:0,(anonymous_0)
FNDA:0,(anonymous_1)
DA:1,1
DA:3,1
DA:8,1
LF:3
LH:3
BRF:0
BRH:0
end_of_record
TN:
SF:src/redux/actions/subscritption.ts
FN:3,(anonymous_0)
FN:8,(anonymous_1)
FNF:2
FNH:0
FNDA:0,(anonymous_0)
FNDA:0,(anonymous_1)
DA:1,1
DA:3,1
DA:8,1
LF:3
LH:3
BRF:0
BRH:0
end_of_record
TN:
SF:src/redux/actions/termsAndConditions.ts
FN:3,(anonymous_0)
FNF:1
FNH:0
FNDA:0,(anonymous_0)
DA:1,1
DA:3,1
LF:2
LH:2
BRF:0
BRH:0
end_of_record
TN:
SF:src/redux/actions/twillio.ts
FN:8,(anonymous_0)
FN:13,(anonymous_1)
FN:18,(anonymous_2)
FN:23,(anonymous_3)
FNF:4
FNH:0
FNDA:0,(anonymous_0)
FNDA:0,(anonymous_1)
FNDA:0,(anonymous_2)
FNDA:0,(anonymous_3)
DA:1,1
DA:8,1
DA:13,1
DA:18,1
DA:23,1
LF:5
LH:5
BRF:0
BRH:0
end_of_record
TN:
SF:src/redux/actions/user.ts
FN:3,(anonymous_0)
FN:7,(anonymous_1)
FNF:2
FNH:0
FNDA:0,(anonymous_0)
FNDA:0,(anonymous_1)
DA:1,1
DA:3,1
DA:7,1
LF:3
LH:3
BRF:0
BRH:0
end_of_record
TN:
SF:src/redux/models/index.ts
FNF:0
FNH:0
DA:1,1
LF:1
LH:1
BRF:0
BRH:0
end_of_record
TN:
SF:src/redux/reducers/account.ts
FN:10,(anonymous_0)
FN:13,(anonymous_1)
FN:16,(anonymous_2)
FN:19,(anonymous_3)
FN:22,(anonymous_4)
FN:30,(anonymous_5)
FNF:6
FNH:0
FNDA:0,(anonymous_0)
FNDA:0,(anonymous_1)
FNDA:0,(anonymous_2)
FNDA:0,(anonymous_3)
FNDA:0,(anonymous_4)
FNDA:0,(anonymous_5)
DA:1,1
DA:4,1
DA:6,1
DA:11,0
DA:14,0
DA:17,0
DA:20,0
DA:23,0
DA:28,1
DA:30,1
DA:32,1
LF:11
LH:6
BRF:0
BRH:0
end_of_record
TN:
SF:src/redux/reducers/activate.ts
FN:10,(anonymous_0)
FN:18,(anonymous_1)
FNF:2
FNH:0
FNDA:0,(anonymous_0)
FNDA:0,(anonymous_1)
DA:1,1
DA:4,1
DA:6,1
DA:11,0
DA:16,1
DA:18,1
DA:20,1
LF:7
LH:6
BRF:0
BRH:0
end_of_record
TN:
SF:src/redux/reducers/agreements.ts
FN:16,(anonymous_1)
FN:20,(anonymous_2)
FN:27,(anonymous_3)
FNF:3
FNH:0
FNDA:0,(anonymous_1)
FNDA:0,(anonymous_2)
FNDA:0,(anonymous_3)
DA:1,1
DA:6,1
DA:7,1
DA:9,1
DA:15,1
DA:16,0
DA:20,0
DA:27,0
LF:8
LH:5
BRF:0
BRH:0
end_of_record
TN:
SF:src/redux/reducers/appointments.ts
FN:47,(anonymous_0)
FN:50,(anonymous_1)
FN:56,(anonymous_2)
FN:62,(anonymous_3)
FN:65,(anonymous_4)
FN:68,(anonymous_5)
FN:71,(anonymous_6)
FN:77,(anonymous_7)
FN:83,(anonymous_8)
FN:89,(anonymous_9)
FN:95,(anonymous_10)
FN:101,(anonymous_11)
FN:107,(anonymous_12)
FN:113,(anonymous_13)
FN:116,(anonymous_14)
FN:119,(anonymous_15)
FN:122,(anonymous_16)
FN:125,(anonymous_17)
FN:131,(anonymous_18)
FN:137,(anonymous_19)
FN:140,(anonymous_20)
FN:146,(anonymous_21)
FN:152,(anonymous_22)
FN:158,(anonymous_23)
FNF:24
FNH:0
FNDA:0,(anonymous_0)
FNDA:0,(anonymous_1)
FNDA:0,(anonymous_2)
FNDA:0,(anonymous_3)
FNDA:0,(anonymous_4)
FNDA:0,(anonymous_5)
FNDA:0,(anonymous_6)
FNDA:0,(anonymous_7)
FNDA:0,(anonymous_8)
FNDA:0,(anonymous_9)
FNDA:0,(anonymous_10)
FNDA:0,(anonymous_11)
FNDA:0,(anonymous_12)
FNDA:0,(anonymous_13)
FNDA:0,(anonymous_14)
FNDA:0,(anonymous_15)
FNDA:0,(anonymous_16)
FNDA:0,(anonymous_17)
FNDA:0,(anonymous_18)
FNDA:0,(anonymous_19)
FNDA:0,(anonymous_20)
FNDA:0,(anonymous_21)
FNDA:0,(anonymous_22)
FNDA:0,(anonymous_23)
DA:1,1
DA:3,1
DA:43,1
DA:48,0
DA:51,0
DA:57,0
DA:63,0
DA:66,0
DA:69,0
DA:72,0
DA:78,0
DA:84,0
DA:90,0
DA:96,0
DA:102,0
DA:108,0
DA:114,0
DA:117,0
DA:120,0
DA:123,0
DA:126,0
DA:132,0
DA:138,0
DA:141,0
DA:147,0
DA:153,0
DA:159,0
DA:171,1
DA:198,1
LF:29
LH:5
BRF:0
BRH:0
end_of_record
TN:
SF:src/redux/reducers/ask.ts
FN:18,(anonymous_0)
FNF:1
FNH:1
FNDA:2,(anonymous_0)
DA:1,1
DA:11,1
DA:18,1
DA:19,2
DA:21,0
DA:26,0
DA:31,0
DA:36,0
DA:41,0
DA:50,0
DA:55,0
DA:60,2
DA:65,1
LF:13
LH:6
BRDA:18,0,0,2
BRDA:19,1,0,0
BRDA:19,1,1,0
BRDA:19,1,2,0
BRDA:19,1,3,0
BRDA:19,1,4,0
BRDA:19,1,5,0
BRDA:19,1,6,0
BRDA:19,1,7,2
BRF:9
BRH:2
end_of_record
TN:
SF:src/redux/reducers/assessment.ts
FN:50,(anonymous_1)
FN:53,(anonymous_2)
FN:56,(anonymous_3)
FN:59,(anonymous_4)
FN:60,(anonymous_5)
FN:63,(anonymous_6)
FN:66,(anonymous_7)
FN:69,(anonymous_8)
FN:86,(anonymous_9)
FNF:9
FNH:0
FNDA:0,(anonymous_1)
FNDA:0,(anonymous_2)
FNDA:0,(anonymous_3)
FNDA:0,(anonymous_4)
FNDA:0,(anonymous_5)
FNDA:0,(anonymous_6)
FNDA:0,(anonymous_7)
FNDA:0,(anonymous_8)
FNDA:0,(anonymous_9)
DA:1,1
DA:2,1
DA:3,1
DA:5,1
DA:6,1
DA:8,1
DA:9,1
DA:21,1
DA:46,1
DA:51,0
DA:54,0
DA:57,0
DA:59,0
DA:61,0
DA:64,0
DA:67,0
DA:70,0
DA:75,1
DA:86,1
DA:88,1
LF:20
LH:12
BRF:0
BRH:0
end_of_record
TN:
SF:src/redux/reducers/chat.ts
FN:22,(anonymous_7)
FNF:1
FNH:1
FNDA:2,(anonymous_7)
DA:1,1
DA:2,1
DA:4,1
DA:22,1
DA:23,2
DA:25,0
DA:31,0
DA:37,0
DA:45,0
DA:57,0
DA:64,0
DA:71,0
DA:84,0
DA:91,0
DA:96,0
DA:101,2
DA:105,1
LF:17
LH:7
BRDA:22,0,0,2
BRDA:23,1,0,0
BRDA:23,1,1,0
BRDA:23,1,2,0
BRDA:23,1,3,0
BRDA:23,1,4,0
BRDA:23,1,5,0
BRDA:23,1,6,0
BRDA:23,1,7,0
BRDA:23,1,8,0
BRDA:23,1,9,0
BRDA:23,1,10,2
BRF:12
BRH:2
end_of_record
TN:
SF:src/redux/reducers/chooseExpert.ts
FN:15,(anonymous_0)
FN:18,(anonymous_1)
FN:19,(anonymous_2)
FNF:3
FNH:1
FNDA:2,(anonymous_0)
FNDA:0,(anonymous_1)
FNDA:0,(anonymous_2)
DA:1,1
DA:2,1
DA:9,1
DA:15,1
DA:16,2
DA:17,2
DA:19,0
DA:21,0
DA:43,1
LF:9
LH:7
BRDA:15,0,0,2
BRF:1
BRH:1
end_of_record
TN:
SF:src/redux/reducers/experts.ts
FN:17,(anonymous_1)
FN:20,(anonymous_2)
FN:23,(anonymous_3)
FN:25,(anonymous_4)
FNF:4
FNH:0
FNDA:0,(anonymous_1)
FNDA:0,(anonymous_2)
FNDA:0,(anonymous_3)
FNDA:0,(anonymous_4)
DA:1,1
DA:2,1
DA:3,1
DA:4,1
DA:10,1
DA:16,1
DA:18,0
DA:21,0
DA:22,0
DA:23,0
DA:26,0
DA:27,0
LF:12
LH:6
BRF:0
BRH:0
end_of_record
TN:
SF:src/redux/reducers/favoriteExperts.ts
FN:18,(anonymous_0)
FN:21,(anonymous_1)
FN:25,(anonymous_2)
FN:32,(anonymous_3)
FN:35,(anonymous_4)
FN:39,(anonymous_5)
FNF:6
FNH:0
FNDA:0,(anonymous_0)
FNDA:0,(anonymous_1)
FNDA:0,(anonymous_2)
FNDA:0,(anonymous_3)
FNDA:0,(anonymous_4)
FNDA:0,(anonymous_5)
DA:1,1
DA:2,1
DA:11,1
DA:17,1
DA:19,0
DA:21,0
DA:26,0
DA:27,0
DA:33,0
DA:35,0
DA:40,0
DA:41,0
LF:12
LH:4
BRF:0
BRH:0
end_of_record
TN:
SF:src/redux/reducers/forgotPassword.ts
FN:15,(anonymous_0)
FN:18,(anonymous_1)
FN:24,(anonymous_2)
FN:39,(anonymous_3)
FNF:4
FNH:0
FNDA:0,(anonymous_0)
FNDA:0,(anonymous_1)
FNDA:0,(anonymous_2)
FNDA:0,(anonymous_3)
DA:1,1
DA:7,1
DA:11,1
DA:16,0
DA:19,0
DA:25,0
DA:33,1
DA:39,1
DA:41,1
LF:9
LH:6
BRF:0
BRH:0
end_of_record
TN:
SF:src/redux/reducers/healthHistory.ts
FN:89,(anonymous_0)
FN:92,(anonymous_1)
FN:96,(anonymous_2)
FN:103,(anonymous_3)
FN:106,(anonymous_4)
FN:111,(anonymous_5)
FNF:6
FNH:0
FNDA:0,(anonymous_0)
FNDA:0,(anonymous_1)
FNDA:0,(anonymous_2)
FNDA:0,(anonymous_3)
FNDA:0,(anonymous_4)
FNDA:0,(anonymous_5)
DA:1,1
DA:2,1
DA:11,1
DA:88,1
DA:90,0
DA:92,0
DA:97,0
DA:98,0
DA:104,0
DA:107,0
DA:108,0
DA:109,0
DA:112,0
DA:113,0
LF:14
LH:4
BRF:0
BRH:0
end_of_record
TN:
SF:src/redux/reducers/index.ts
FNF:0
FNH:0
DA:1,1
DA:2,1
DA:3,1
DA:4,1
DA:5,1
DA:6,1
DA:7,1
DA:8,1
DA:9,1
DA:10,1
DA:11,1
DA:12,1
DA:13,1
DA:14,1
DA:15,1
DA:16,1
DA:17,1
DA:18,1
DA:19,1
DA:20,1
DA:21,1
DA:22,1
DA:23,1
DA:24,1
DA:25,1
DA:26,1
DA:27,1
DA:28,1
DA:29,1
DA:30,1
DA:31,1
DA:32,1
DA:33,1
DA:34,1
DA:35,1
DA:36,1
DA:37,1
DA:38,1
DA:39,1
DA:40,1
DA:41,1
DA:43,1
LF:42
LH:42
BRF:0
BRH:0
end_of_record
TN:
SF:src/redux/reducers/language.ts
FN:10,(anonymous_1)
FNF:1
FNH:0
FNDA:0,(anonymous_1)
DA:1,1
DA:2,1
DA:3,1
DA:5,1
DA:9,1
DA:10,0
LF:6
LH:5
BRF:0
BRH:0
end_of_record
TN:
SF:src/redux/reducers/licenses.ts
FN:19,(anonymous_1)
FN:22,(anonymous_2)
FN:26,(anonymous_3)
FNF:3
FNH:0
FNDA:0,(anonymous_1)
FNDA:0,(anonymous_2)
FNDA:0,(anonymous_3)
DA:1,1
DA:2,1
DA:4,1
DA:10,1
DA:18,1
DA:20,0
DA:23,0
DA:24,0
DA:27,0
DA:28,0
LF:10
LH:5
BRF:0
BRH:0
end_of_record
TN:
SF:src/redux/reducers/login.ts
FN:12,(anonymous_0)
FN:15,(anonymous_1)
FN:18,(anonymous_2)
FN:26,(anonymous_3)
FNF:4
FNH:0
FNDA:0,(anonymous_0)
FNDA:0,(anonymous_1)
FNDA:0,(anonymous_2)
FNDA:0,(anonymous_3)
DA:1,1
DA:4,1
DA:8,1
DA:13,0
DA:16,0
DA:19,0
DA:24,1
DA:26,1
DA:28,1
LF:9
LH:6
BRF:0
BRH:0
end_of_record
TN:
SF:src/redux/reducers/medicalHistory.ts
FN:15,(anonymous_0)
FN:18,(anonymous_1)
FN:21,(anonymous_2)
FNF:3
FNH:0
FNDA:0,(anonymous_0)
FNDA:0,(anonymous_1)
FNDA:0,(anonymous_2)
DA:1,1
DA:2,1
DA:8,1
DA:14,1
DA:16,0
DA:19,0
DA:22,0
LF:7
LH:4
BRF:0
BRH:0
end_of_record
TN:
SF:src/redux/reducers/messaging.ts
FN:10,(anonymous_0)
FN:14,(anonymous_1)
FNF:2
FNH:0
FNDA:0,(anonymous_0)
FNDA:0,(anonymous_1)
DA:1,1
DA:2,1
DA:4,1
DA:9,1
DA:11,0
DA:12,0
DA:15,0
LF:7
LH:4
BRF:0
BRH:0
end_of_record
TN:
SF:src/redux/reducers/navigator.ts
FN:10,(anonymous_0)
FN:13,(anonymous_1)
FNF:2
FNH:0
FNDA:0,(anonymous_0)
FNDA:0,(anonymous_1)
DA:1,1
DA:2,1
DA:4,1
DA:9,1
DA:11,0
DA:14,0
LF:6
LH:4
BRF:0
BRH:0
end_of_record
TN:
SF:src/redux/reducers/plan.ts
FN:20,(anonymous_0)
FN:23,(anonymous_1)
FN:27,(anonymous_2)
FN:34,(anonymous_3)
FN:38,(anonymous_4)
FN:42,(anonymous_5)
FNF:6
FNH:0
FNDA:0,(anonymous_0)
FNDA:0,(anonymous_1)
FNDA:0,(anonymous_2)
FNDA:0,(anonymous_3)
FNDA:0,(anonymous_4)
FNDA:0,(anonymous_5)
DA:1,1
DA:2,1
DA:11,1
DA:19,1
DA:21,0
DA:23,0
DA:28,0
DA:29,0
DA:34,0
DA:38,0
DA:42,0
LF:11
LH:4
BRF:0
BRH:0
end_of_record
TN:
SF:src/redux/reducers/plans.ts
FN:15,(anonymous_0)
FN:18,(anonymous_1)
FN:22,(anonymous_2)
FNF:3
FNH:0
FNDA:0,(anonymous_0)
FNDA:0,(anonymous_1)
FNDA:0,(anonymous_2)
DA:1,1
DA:2,1
DA:8,1
DA:14,1
DA:16,0
DA:18,0
DA:23,0
DA:24,0
LF:8
LH:4
BRF:0
BRH:0
end_of_record
TN:
SF:src/redux/reducers/privacyPolicy.ts
FN:15,(anonymous_0)
FN:18,(anonymous_1)
FN:22,(anonymous_2)
FNF:3
FNH:0
FNDA:0,(anonymous_0)
FNDA:0,(anonymous_1)
FNDA:0,(anonymous_2)
DA:1,1
DA:2,1
DA:8,1
DA:14,1
DA:16,0
DA:18,0
DA:23,0
DA:24,0
LF:8
LH:4
BRF:0
BRH:0
end_of_record
TN:
SF:src/redux/reducers/questions.ts
FN:25,(anonymous_0)
FN:28,(anonymous_1)
FN:34,(anonymous_2)
FN:43,(anonymous_3)
FN:46,(anonymous_4)
FN:52,(anonymous_5)
FNF:6
FNH:0
FNDA:0,(anonymous_0)
FNDA:0,(anonymous_1)
FNDA:0,(anonymous_2)
FNDA:0,(anonymous_3)
FNDA:0,(anonymous_4)
FNDA:0,(anonymous_5)
DA:1,1
DA:2,1
DA:11,1
DA:24,1
DA:26,0
DA:29,0
DA:35,0
DA:44,0
DA:47,0
DA:53,0
LF:10
LH:4
BRF:0
BRH:0
end_of_record
TN:
SF:src/redux/reducers/subscription.ts
FN:29,(anonymous_0)
FN:32,(anonymous_1)
FN:36,(anonymous_2)
FN:43,(anonymous_3)
FN:46,(anonymous_4)
FN:50,(anonymous_5)
FNF:6
FNH:0
FNDA:0,(anonymous_0)
FNDA:0,(anonymous_1)
FNDA:0,(anonymous_2)
FNDA:0,(anonymous_3)
FNDA:0,(anonymous_4)
FNDA:0,(anonymous_5)
DA:1,1
DA:2,1
DA:11,1
DA:28,1
DA:30,0
DA:32,0
DA:37,0
DA:38,0
DA:44,0
DA:46,0
DA:51,0
DA:52,0
LF:12
LH:4
BRF:0
BRH:0
end_of_record
TN:
SF:src/redux/reducers/termsAndConditions.ts
FN:15,(anonymous_0)
FN:18,(anonymous_1)
FN:22,(anonymous_2)
FNF:3
FNH:0
FNDA:0,(anonymous_0)
FNDA:0,(anonymous_1)
FNDA:0,(anonymous_2)
DA:1,1
DA:2,1
DA:8,1
DA:14,1
DA:16,0
DA:18,0
DA:23,0
DA:24,0
LF:8
LH:4
BRF:0
BRH:0
end_of_record
TN:
SF:src/redux/reducers/twillio.ts
FN:23,(anonymous_0)
FN:27,(anonymous_1)
FNF:2
FNH:0
FNDA:0,(anonymous_0)
FNDA:0,(anonymous_1)
DA:1,1
DA:2,1
DA:13,1
DA:22,1
DA:23,0
DA:27,0
LF:6
LH:4
BRF:0
BRH:0
end_of_record
TN:
SF:src/redux/reducers/user.ts
FN:26,(anonymous_1)
FN:29,(anonymous_2)
FN:34,(anonymous_3)
FN:41,(anonymous_4)
FN:44,(anonymous_5)
FN:50,(anonymous_6)
FNF:6
FNH:0
FNDA:0,(anonymous_1)
FNDA:0,(anonymous_2)
FNDA:0,(anonymous_3)
FNDA:0,(anonymous_4)
FNDA:0,(anonymous_5)
FNDA:0,(anonymous_6)
DA:1,1
DA:2,1
DA:3,1
DA:4,1
DA:19,1
DA:25,1
DA:27,0
DA:30,0
DA:31,0
DA:32,0
DA:35,0
DA:36,0
DA:42,0
DA:45,0
DA:46,0
DA:47,0
DA:51,0
DA:52,0
LF:18
LH:6
BRF:0
BRH:0
end_of_record
TN:
SF:src/redux/types/index.ts
FNF:0
FNH:0
DA:2,1
DA:3,1
DA:4,1
DA:8,1
DA:9,1
DA:12,1
DA:13,1
DA:16,1
DA:17,1
DA:18,1
DA:21,1
DA:22,1
DA:23,1
DA:24,1
DA:27,1
DA:28,1
DA:29,1
DA:32,1
DA:33,1
DA:34,1
DA:37,1
DA:38,1
DA:39,1
DA:40,1
DA:41,1
DA:43,1
DA:45,1
DA:46,1
DA:47,1
DA:48,1
DA:50,1
DA:53,1
DA:54,1
DA:56,1
DA:59,1
DA:60,1
DA:61,1
DA:62,1
DA:63,1
DA:66,1
DA:69,1
DA:70,1
DA:71,1
DA:74,1
DA:77,1
DA:78,1
DA:79,1
DA:80,1
DA:81,1
DA:82,1
DA:83,1
DA:84,1
DA:85,1
DA:86,1
DA:87,1
DA:88,1
DA:89,1
DA:90,1
DA:91,1
DA:92,1
DA:93,1
DA:94,1
DA:96,1
DA:97,1
DA:99,1
DA:101,1
DA:102,1
DA:103,1
DA:104,1
DA:105,1
DA:106,1
DA:107,1
DA:109,1
DA:110,1
DA:111,1
DA:112,1
DA:113,1
DA:115,1
DA:116,1
DA:117,1
DA:118,1
DA:119,1
DA:120,1
DA:121,1
DA:122,1
DA:123,1
DA:124,1
DA:125,1
DA:127,1
DA:128,1
DA:129,1
DA:130,1
DA:131,1
DA:132,1
DA:135,1
DA:136,1
DA:138,1
DA:140,1
DA:141,1
DA:143,1
DA:144,1
DA:145,1
DA:149,1
DA:150,1
DA:154,1
DA:155,1
DA:159,1
DA:160,1
DA:161,1
DA:162,1
DA:163,1
DA:164,1
DA:165,1
DA:166,1
DA:167,1
DA:168,1
DA:169,1
DA:170,1
DA:171,1
DA:172,1
DA:173,1
DA:174,1
DA:175,1
DA:176,1
DA:177,1
DA:178,1
DA:179,1
DA:180,1
DA:181,1
DA:182,1
DA:184,1
DA:185,1
DA:187,1
DA:188,1
DA:190,1
DA:191,1
DA:193,1
DA:194,1
DA:195,1
DA:196,1
DA:198,1
DA:199,1
DA:200,1
DA:201,1
DA:203,1
DA:204,1
DA:205,1
DA:206,1
DA:208,1
DA:209,1
DA:210,1
DA:211,1
DA:213,1
DA:214,1
DA:215,1
DA:216,1
DA:218,1
DA:219,1
DA:220,1
DA:222,1
DA:225,1
DA:226,1
DA:227,1
DA:228,1
DA:230,1
DA:231,1
DA:233,1
DA:235,1
DA:238,1
DA:239,1
DA:241,1
DA:243,1
DA:246,1
DA:247,1
DA:249,1
DA:251,1
DA:254,1
DA:256,1
DA:257,1
DA:259,1
DA:262,1
DA:266,1
DA:268,1
DA:269,1
DA:270,1
DA:271,1
DA:273,1
DA:274,1
DA:275,1
DA:276,1
DA:278,1
DA:279,1
DA:280,1
DA:281,1
DA:283,1
DA:284,1
DA:285,1
DA:286,1
DA:288,1
DA:289,1
DA:290,1
DA:291,1
DA:293,1
DA:294,1
DA:295,1
DA:296,1
DA:298,1
DA:299,1
DA:301,1
DA:303,1
DA:306,1
DA:307,1
DA:308,1
DA:309,1
DA:311,1
DA:312,1
DA:313,1
DA:314,1
DA:316,1
DA:317,1
DA:318,1
DA:319,1
DA:321,1
DA:322,1
DA:323,1
DA:324,1
DA:326,1
DA:327,1
DA:328,1
DA:330,1
DA:332,1
DA:333,1
DA:334,1
DA:335,1
DA:337,1
DA:338,1
DA:339,1
DA:341,1
DA:344,1
DA:345,1
DA:347,1
DA:349,1
DA:352,1
DA:353,1
DA:354,1
DA:355,1
DA:357,1
DA:358,1
DA:360,1
DA:362,1
DA:365,1
DA:366,1
DA:367,1
DA:368,1
DA:370,1
DA:371,1
DA:372,1
DA:374,1
DA:375,1
DA:376,1
LF:260
LH:260
BRF:0
BRH:0
end_of_record
TN:
SF:src/screens/auth/styles.ts
FNF:0
FNH:0
DA:1,1
DA:2,1
DA:3,1
DA:7,1
DA:8,1
DA:9,1
DA:10,1
DA:12,1
DA:14,1
DA:324,1
LF:10
LH:10
BRDA:130,0,0,0
BRDA:130,0,1,1
BRDA:172,1,0,1
BRDA:172,1,1,0
BRDA:183,2,0,1
BRDA:183,2,1,0
BRDA:255,3,0,1
BRDA:255,3,1,0
BRF:8
BRH:4
end_of_record
TN:
SF:src/screens/auth/KiiraWelcome/index.tsx
FN:17,(anonymous_1)
FN:19,(anonymous_2)
FN:23,(anonymous_3)
FN:27,(anonymous_4)
FN:36,(anonymous_5)
FN:42,(anonymous_6)
FN:48,(anonymous_7)
FN:56,(anonymous_8)
FN:63,(anonymous_9)
FN:91,(anonymous_10)
FNF:10
FNH:0
FNDA:0,(anonymous_1)
FNDA:0,(anonymous_2)
FNDA:0,(anonymous_3)
FNDA:0,(anonymous_4)
FNDA:0,(anonymous_5)
FNDA:0,(anonymous_6)
FNDA:0,(anonymous_7)
FNDA:0,(anonymous_8)
FNDA:0,(anonymous_9)
FNDA:0,(anonymous_10)
DA:1,1
DA:2,1
DA:10,1
DA:11,1
DA:13,1
DA:14,1
DA:15,1
DA:17,1
DA:18,0
DA:19,0
DA:20,0
DA:23,0
DA:24,0
DA:28,0
DA:36,0
DA:37,0
DA:42,0
DA:43,0
DA:48,0
DA:49,0
DA:56,0
DA:57,0
DA:63,0
DA:64,0
DA:71,0
DA:92,0
DA:105,1
LF:27
LH:9
BRDA:100,0,0,0
BRDA:100,0,1,0
BRF:2
BRH:0
end_of_record
TN:
SF:src/screens/auth/activate/index.tsx
FN:23,(anonymous_7)
FN:26,(anonymous_8)
FN:31,(anonymous_9)
FN:35,(anonymous_10)
FN:48,(anonymous_11)
FN:59,(anonymous_12)
FN:69,(anonymous_13)
FN:79,(anonymous_14)
FN:89,(anonymous_15)
FN:96,(anonymous_16)
FN:132,(anonymous_17)
FNF:11
FNH:0
FNDA:0,(anonymous_7)
FNDA:0,(anonymous_8)
FNDA:0,(anonymous_9)
FNDA:0,(anonymous_10)
FNDA:0,(anonymous_11)
FNDA:0,(anonymous_12)
FNDA:0,(anonymous_13)
FNDA:0,(anonymous_14)
FNDA:0,(anonymous_15)
FNDA:0,(anonymous_16)
FNDA:0,(anonymous_17)
DA:1,1
DA:2,1
DA:11,1
DA:12,1
DA:13,1
DA:15,1
DA:16,1
DA:17,1
DA:18,1
DA:19,1
DA:20,1
DA:23,1
DA:24,0
DA:25,0
DA:26,0
DA:27,0
DA:29,0
DA:31,0
DA:32,0
DA:36,0
DA:48,0
DA:49,0
DA:59,0
DA:60,0
DA:69,0
DA:70,0
DA:79,0
DA:80,0
DA:89,0
DA:90,0
DA:97,0
DA:98,0
DA:99,0
DA:100,0
DA:102,0
DA:105,0
DA:113,0
DA:132,0
DA:154,1
LF:39
LH:13
BRDA:97,0,0,0
BRDA:97,0,1,0
BRDA:99,1,0,0
BRDA:99,1,1,0
BRDA:136,2,0,0
BRDA:136,2,1,0
BRDA:149,3,0,0
BRDA:149,3,1,0
BRF:8
BRH:0
end_of_record
TN:
SF:src/screens/auth/chatBot/action.ts
FN:3,(anonymous_0)
FNF:1
FNH:0
FNDA:0,(anonymous_0)
DA:1,1
DA:3,1
LF:2
LH:2
BRF:0
BRH:0
end_of_record
TN:
SF:src/screens/auth/chatBot/chatModal.tsx
FN:4,(anonymous_7)
FN:12,(anonymous_8)
FN:20,(anonymous_9)
FNF:3
FNH:0
FNDA:0,(anonymous_7)
FNDA:0,(anonymous_8)
FNDA:0,(anonymous_9)
DA:1,1
DA:2,1
DA:4,1
DA:5,0
DA:6,0
DA:7,0
DA:9,0
DA:13,0
DA:14,0
DA:15,0
DA:21,0
DA:27,1
LF:12
LH:4
BRDA:9,0,0,0
BRDA:9,0,1,0
BRF:2
BRH:0
end_of_record
TN:
SF:src/screens/auth/chatBot/index.tsx
FN:37,(anonymous_7)
FN:58,(anonymous_8)
FN:62,(anonymous_9)
FN:145,(anonymous_10)
FN:46,(anonymous_11)
FN:47,(anonymous_12)
FN:149,(anonymous_13)
FN:224,(anonymous_14)
FN:556,(anonymous_15)
FN:989,(anonymous_16)
FN:1004,(anonymous_17)
FN:1008,(anonymous_18)
FN:1009,(anonymous_19)
FN:1010,(anonymous_20)
FNF:14
FNH:0
FNDA:0,(anonymous_7)
FNDA:0,(anonymous_8)
FNDA:0,(anonymous_9)
FNDA:0,(anonymous_10)
FNDA:0,(anonymous_11)
FNDA:0,(anonymous_12)
FNDA:0,(anonymous_13)
FNDA:0,(anonymous_14)
FNDA:0,(anonymous_15)
FNDA:0,(anonymous_16)
FNDA:0,(anonymous_17)
FNDA:0,(anonymous_18)
FNDA:0,(anonymous_19)
FNDA:0,(anonymous_20)
DA:1,1
DA:2,1
DA:3,1
DA:4,1
DA:5,1
DA:6,1
DA:7,1
DA:8,1
DA:9,1
DA:10,1
DA:11,1
DA:38,0
DA:39,0
DA:47,0
DA:48,0
DA:49,0
DA:50,0
DA:51,0
DA:53,0
DA:58,0
DA:59,0
DA:62,0
DA:63,0
DA:80,0
DA:82,0
DA:83,0
DA:84,0
DA:85,0
DA:86,0
DA:87,0
DA:88,0
DA:89,0
DA:91,0
DA:141,0
DA:145,0
DA:146,0
DA:150,0
DA:151,0
DA:153,0
DA:225,0
DA:226,0
DA:228,0
DA:557,0
DA:558,0
DA:560,0
DA:987,0
DA:990,0
DA:1004,1
DA:1008,1
DA:1009,0
DA:1010,0
DA:1013,1
LF:52
LH:14
BRDA:82,0,0,0
BRDA:82,0,1,0
BRDA:84,1,0,0
BRDA:84,1,1,0
BRDA:86,2,0,0
BRDA:86,2,1,0
BRDA:88,3,0,0
BRDA:88,3,1,0
BRDA:93,4,0,0
BRDA:93,4,1,0
BRDA:95,5,0,0
BRDA:95,5,1,0
BRDA:104,6,0,0
BRDA:104,6,1,0
BRDA:106,7,0,0
BRDA:106,7,1,0
BRDA:108,8,0,0
BRDA:108,8,1,0
BRDA:112,9,0,0
BRDA:112,9,1,0
BRDA:115,10,0,0
BRDA:115,10,1,0
BRDA:123,11,0,0
BRDA:123,11,1,0
BRDA:124,12,0,0
BRDA:124,12,1,0
BRDA:125,13,0,0
BRDA:125,13,1,0
BRDA:129,14,0,0
BRDA:129,14,1,0
BRDA:130,15,0,0
BRDA:130,15,1,0
BRDA:131,16,0,0
BRDA:131,16,1,0
BRDA:132,17,0,0
BRDA:132,17,1,0
BRDA:133,18,0,0
BRDA:133,18,1,0
BRDA:49,19,0,0
BRDA:49,19,1,0
BRDA:225,20,0,0
BRDA:225,20,1,0
BRDA:557,21,0,0
BRDA:557,21,1,0
BRDA:987,22,0,0
BRDA:987,22,1,0
BRDA:994,23,0,0
BRDA:994,23,1,0
BRDA:994,24,0,0
BRDA:994,24,1,0
BRF:50
BRH:0
end_of_record
TN:
SF:src/screens/auth/chatBot/reducer.ts
FN:3,(anonymous_0)
FNF:1
FNH:1
FNDA:2,(anonymous_0)
DA:1,1
DA:3,1
DA:4,2
DA:6,2
DA:12,1
LF:5
LH:5
BRDA:3,0,0,2
BRDA:4,1,0,2
BRF:2
BRH:2
end_of_record
TN:
SF:src/screens/auth/chatBot/Header/index.tsx
FN:6,(anonymous_1)
FNF:1
FNH:0
FNDA:0,(anonymous_1)
DA:1,1
DA:2,1
DA:3,1
DA:4,1
DA:6,1
DA:7,0
DA:9,0
DA:20,1
LF:8
LH:6
BRF:0
BRH:0
end_of_record
TN:
SF:src/screens/auth/chatBot/Header/style.ts
FNF:0
FNH:0
DA:1,1
DA:2,1
DA:4,1
DA:13,1
LF:4
LH:4
BRF:0
BRH:0
end_of_record
TN:
SF:src/screens/auth/chatBot/Review/index.tsx
FN:11,(anonymous_7)
FN:29,(anonymous_8)
FNF:2
FNH:0
FNDA:0,(anonymous_7)
FNDA:0,(anonymous_8)
DA:1,1
DA:2,1
DA:3,1
DA:4,1
DA:11,1
DA:12,0
DA:27,0
DA:29,0
DA:46,0
DA:48,0
DA:79,0
DA:82,0
DA:86,0
DA:90,0
DA:91,0
DA:97,0
DA:98,0
DA:105,0
DA:257,1
DA:261,1
DA:265,1
LF:21
LH:8
BRDA:58,0,0,0
BRDA:58,0,1,0
BRDA:59,1,0,0
BRDA:59,1,1,0
BRDA:59,2,0,0
BRDA:59,2,1,0
BRDA:60,3,0,0
BRDA:60,3,1,0
BRDA:82,4,0,0
BRDA:82,4,1,0
BRDA:82,5,0,0
BRDA:82,5,1,0
BRDA:86,6,0,0
BRDA:86,6,1,0
BRDA:86,7,0,0
BRDA:86,7,1,0
BRDA:90,8,0,0
BRDA:92,9,0,0
BRDA:92,9,1,0
BRDA:92,10,0,0
BRDA:92,10,1,0
BRDA:97,11,0,0
BRDA:99,12,0,0
BRDA:99,12,1,0
BRDA:99,13,0,0
BRDA:99,13,1,0
BRDA:125,14,0,0
BRDA:125,14,1,0
BRDA:125,15,0,0
BRDA:125,15,1,0
BRDA:128,16,0,0
BRDA:128,16,1,0
BRDA:150,17,0,0
BRDA:150,17,1,0
BRDA:150,18,0,0
BRDA:150,18,1,0
BRDA:154,19,0,0
BRDA:154,19,1,0
BRDA:161,20,0,0
BRDA:161,20,1,0
BRDA:161,21,0,0
BRDA:161,21,1,0
BRDA:165,22,0,0
BRDA:165,22,1,0
BRDA:172,23,0,0
BRDA:172,23,1,0
BRDA:172,24,0,0
BRDA:172,24,1,0
BRDA:175,25,0,0
BRDA:175,25,1,0
BRDA:179,26,0,0
BRDA:179,26,1,0
BRDA:183,27,0,0
BRDA:183,27,1,0
BRDA:183,28,0,0
BRDA:183,28,1,0
BRDA:187,29,0,0
BRDA:187,29,1,0
BRDA:194,30,0,0
BRDA:194,30,1,0
BRDA:194,31,0,0
BRDA:194,31,1,0
BRDA:198,32,0,0
BRDA:198,32,1,0
BRDA:205,33,0,0
BRDA:205,33,1,0
BRDA:205,34,0,0
BRDA:205,34,1,0
BRDA:209,35,0,0
BRDA:209,35,1,0
BRDA:216,36,0,0
BRDA:216,36,1,0
BRDA:216,37,0,0
BRDA:216,37,1,0
BRDA:220,38,0,0
BRDA:220,38,1,0
BRDA:229,39,0,0
BRDA:229,39,1,0
BRDA:229,40,0,0
BRDA:229,40,1,0
BRDA:233,41,0,0
BRDA:233,41,1,0
BRDA:242,42,0,0
BRDA:242,42,1,0
BRDA:242,43,0,0
BRDA:242,43,1,0
BRDA:246,44,0,0
BRDA:246,44,1,0
BRF:88
BRH:0
end_of_record
TN:
SF:src/screens/auth/chatBot/Review/styles.ts
FNF:0
FNH:0
DA:1,1
DA:2,1
DA:4,1
DA:6,1
DA:56,1
LF:5
LH:5
BRF:0
BRH:0
end_of_record
TN:
SF:src/screens/auth/forgotPassword/index.tsx
FN:22,(anonymous_7)
FN:24,(anonymous_8)
FN:26,(anonymous_9)
FN:31,(anonymous_10)
FN:38,(anonymous_11)
FN:41,(anonymous_12)
FN:54,(anonymous_13)
FN:64,(anonymous_14)
FN:77,(anonymous_15)
FN:83,(anonymous_16)
FN:98,(anonymous_17)
FN:104,(anonymous_18)
FNF:12
FNH:0
FNDA:0,(anonymous_7)
FNDA:0,(anonymous_8)
FNDA:0,(anonymous_9)
FNDA:0,(anonymous_10)
FNDA:0,(anonymous_11)
FNDA:0,(anonymous_12)
FNDA:0,(anonymous_13)
FNDA:0,(anonymous_14)
FNDA:0,(anonymous_15)
FNDA:0,(anonymous_16)
FNDA:0,(anonymous_17)
FNDA:0,(anonymous_18)
DA:1,1
DA:2,1
DA:9,1
DA:10,1
DA:11,1
DA:13,1
DA:14,1
DA:18,1
DA:19,1
DA:20,1
DA:22,1
DA:23,0
DA:24,0
DA:25,0
DA:26,0
DA:29,0
DA:31,0
DA:32,0
DA:33,0
DA:34,0
DA:38,0
DA:39,0
DA:42,0
DA:54,0
DA:55,0
DA:64,0
DA:65,0
DA:77,0
DA:78,0
DA:83,0
DA:98,0
DA:99,0
DA:105,0
DA:106,0
DA:107,0
DA:108,0
DA:110,0
DA:113,0
DA:121,0
DA:140,1
LF:40
LH:12
BRDA:32,0,0,0
BRDA:87,1,0,0
BRDA:87,1,1,0
BRDA:105,2,0,0
BRDA:105,2,1,0
BRDA:107,3,0,0
BRDA:107,3,1,0
BRDA:135,4,0,0
BRDA:135,4,1,0
BRF:9
BRH:0
end_of_record
TN:
SF:src/screens/auth/landing/index.tsx
FN:16,(anonymous_7)
FN:17,(anonymous_8)
FN:24,(anonymous_9)
FN:46,(anonymous_10)
FN:58,(anonymous_11)
FN:59,(anonymous_12)
FN:70,(anonymous_13)
FN:74,(anonymous_14)
FNF:8
FNH:0
FNDA:0,(anonymous_7)
FNDA:0,(anonymous_8)
FNDA:0,(anonymous_9)
FNDA:0,(anonymous_10)
FNDA:0,(anonymous_11)
FNDA:0,(anonymous_12)
FNDA:0,(anonymous_13)
FNDA:0,(anonymous_14)
DA:1,1
DA:2,1
DA:3,1
DA:9,1
DA:10,1
DA:11,1
DA:12,1
DA:13,1
DA:14,1
DA:16,1
DA:17,0
DA:18,0
DA:19,0
DA:25,0
DA:26,0
DA:27,0
DA:29,0
DA:31,0
DA:37,0
DA:39,0
DA:41,0
DA:47,0
DA:51,0
DA:58,0
DA:59,0
DA:60,0
DA:61,0
DA:66,0
DA:71,0
DA:75,0
DA:82,1
LF:31
LH:11
BRDA:18,0,0,0
BRDA:26,1,0,0
BRDA:27,2,0,0
BRDA:27,2,1,0
BRDA:27,2,2,0
BRDA:27,2,3,0
BRDA:60,3,0,0
BRF:7
BRH:0
end_of_record
TN:
SF:src/screens/auth/landing/styles.ts
FNF:0
FNH:0
DA:1,1
DA:2,1
DA:4,1
DA:12,1
LF:4
LH:4
BRF:0
BRH:0
end_of_record
TN:
SF:src/screens/auth/landing/model/index.ts
FNF:0
FNH:0
DA:3,1
LF:1
LH:1
BRF:0
BRH:0
end_of_record
TN:
SF:src/screens/auth/landing/sections/index.ts
FN:1,(anonymous_1)
FNF:1
FNH:0
FNDA:0,(anonymous_1)
DA:1,1
LF:1
LH:1
BRF:0
BRH:0
end_of_record
TN:
SF:src/screens/auth/landing/sections/page/index.tsx
FN:20,(anonymous_1)
FN:24,(anonymous_2)
FN:37,(anonymous_3)
FN:52,(anonymous_4)
FN:58,(anonymous_5)
FNF:5
FNH:0
FNDA:0,(anonymous_1)
FNDA:0,(anonymous_2)
FNDA:0,(anonymous_3)
FNDA:0,(anonymous_4)
FNDA:0,(anonymous_5)
DA:1,1
DA:2,1
DA:3,1
DA:4,1
DA:11,1
DA:20,1
DA:21,0
DA:24,1
DA:25,0
DA:37,0
DA:52,0
DA:58,0
DA:67,1
LF:13
LH:8
BRF:0
BRH:0
end_of_record
TN:
SF:src/screens/auth/landing/sections/page/styles.ts
FNF:0
FNH:0
DA:1,1
DA:2,1
DA:4,1
LF:3
LH:3
BRF:0
BRH:0
end_of_record
TN:
SF:src/screens/auth/login/index.tsx
FN:28,(anonymous_7)
FN:30,(anonymous_8)
FN:32,(anonymous_9)
FN:39,(anonymous_10)
FN:40,(anonymous_11)
FN:45,(anonymous_12)
FN:49,(anonymous_13)
FN:56,(anonymous_14)
FN:61,(anonymous_15)
FN:87,(anonymous_16)
FN:105,(anonymous_17)
FN:108,(anonymous_18)
FN:122,(anonymous_19)
FN:135,(anonymous_20)
FN:143,(anonymous_21)
FN:158,(anonymous_22)
FN:177,(anonymous_23)
FN:194,(anonymous_24)
FN:200,(anonymous_25)
FN:220,(anonymous_26)
FN:223,(anonymous_27)
FNF:21
FNH:0
FNDA:0,(anonymous_7)
FNDA:0,(anonymous_8)
FNDA:0,(anonymous_9)
FNDA:0,(anonymous_10)
FNDA:0,(anonymous_11)
FNDA:0,(anonymous_12)
FNDA:0,(anonymous_13)
FNDA:0,(anonymous_14)
FNDA:0,(anonymous_15)
FNDA:0,(anonymous_16)
FNDA:0,(anonymous_17)
FNDA:0,(anonymous_18)
FNDA:0,(anonymous_19)
FNDA:0,(anonymous_20)
FNDA:0,(anonymous_21)
FNDA:0,(anonymous_22)
FNDA:0,(anonymous_23)
FNDA:0,(anonymous_24)
FNDA:0,(anonymous_25)
FNDA:0,(anonymous_26)
FNDA:0,(anonymous_27)
DA:1,1
DA:2,1
DA:10,1
DA:11,1
DA:12,1
DA:14,1
DA:15,1
DA:16,1
DA:17,1
DA:18,1
DA:19,1
DA:26,1
DA:28,1
DA:29,0
DA:30,0
DA:31,0
DA:32,0
DA:35,0
DA:36,0
DA:37,0
DA:39,0
DA:40,0
DA:41,0
DA:45,0
DA:46,0
DA:49,0
DA:50,0
DA:51,0
DA:52,0
DA:56,0
DA:57,0
DA:70,0
DA:71,0
DA:73,0
DA:74,0
DA:75,0
DA:79,0
DA:81,0
DA:88,0
DA:89,0
DA:92,0
DA:96,0
DA:99,0
DA:100,0
DA:105,0
DA:106,0
DA:109,0
DA:122,0
DA:123,0
DA:135,0
DA:136,0
DA:143,0
DA:158,0
DA:177,0
DA:178,0
DA:194,0
DA:195,0
DA:201,0
DA:202,0
DA:203,0
DA:204,0
DA:205,0
DA:206,0
DA:208,0
DA:212,0
DA:220,0
DA:221,0
DA:224,0
DA:234,0
DA:254,1
LF:70
LH:14
BRDA:50,0,0,0
BRDA:70,1,0,0
BRDA:70,1,1,0
BRDA:73,2,0,0
BRDA:74,3,0,0
BRDA:74,3,1,0
BRDA:74,4,0,0
BRDA:74,4,1,0
BRDA:88,5,0,0
BRDA:92,6,0,0
BRDA:99,7,0,0
BRDA:147,8,0,0
BRDA:147,8,1,0
BRDA:163,9,0,0
BRDA:163,9,1,0
BRDA:201,10,0,0
BRDA:201,10,1,0
BRDA:203,11,0,0
BRDA:203,11,1,0
BRDA:205,12,0,0
BRDA:205,12,1,0
BRDA:249,13,0,0
BRDA:249,13,1,0
BRF:23
BRH:0
end_of_record
TN:
SF:src/screens/auth/welcome/index.tsx
FN:21,(anonymous_7)
FN:41,(anonymous_8)
FN:45,(anonymous_9)
FN:53,(anonymous_10)
FN:60,(anonymous_11)
FN:64,(anonymous_12)
FN:72,(anonymous_13)
FN:79,(anonymous_14)
FN:83,(anonymous_15)
FN:91,(anonymous_16)
FN:99,(anonymous_17)
FN:105,(anonymous_18)
FN:128,(anonymous_19)
FN:151,(anonymous_20)
FN:174,(anonymous_21)
FN:184,(anonymous_22)
FN:200,(anonymous_23)
FN:229,(anonymous_24)
FN:248,(anonymous_25)
FN:284,(anonymous_26)
FN:301,(anonymous_27)
FN:320,(anonymous_28)
FN:336,(anonymous_29)
FN:370,(anonymous_30)
FNF:24
FNH:0
FNDA:0,(anonymous_7)
FNDA:0,(anonymous_8)
FNDA:0,(anonymous_9)
FNDA:0,(anonymous_10)
FNDA:0,(anonymous_11)
FNDA:0,(anonymous_12)
FNDA:0,(anonymous_13)
FNDA:0,(anonymous_14)
FNDA:0,(anonymous_15)
FNDA:0,(anonymous_16)
FNDA:0,(anonymous_17)
FNDA:0,(anonymous_18)
FNDA:0,(anonymous_19)
FNDA:0,(anonymous_20)
FNDA:0,(anonymous_21)
FNDA:0,(anonymous_22)
FNDA:0,(anonymous_23)
FNDA:0,(anonymous_24)
FNDA:0,(anonymous_25)
FNDA:0,(anonymous_26)
FNDA:0,(anonymous_27)
FNDA:0,(anonymous_28)
FNDA:0,(anonymous_29)
FNDA:0,(anonymous_30)
DA:1,1
DA:2,1
DA:11,1
DA:12,1
DA:13,1
DA:14,1
DA:15,1
DA:16,1
DA:17,1
DA:18,1
DA:19,1
DA:21,1
DA:23,0
DA:25,0
DA:26,0
DA:27,0
DA:28,0
DA:39,0
DA:40,0
DA:41,0
DA:42,0
DA:46,0
DA:47,0
DA:51,0
DA:54,0
DA:55,0
DA:60,0
DA:61,0
DA:65,0
DA:66,0
DA:70,0
DA:73,0
DA:74,0
DA:79,0
DA:80,0
DA:84,0
DA:85,0
DA:89,0
DA:92,0
DA:93,0
DA:99,0
DA:100,0
DA:105,0
DA:128,0
DA:151,0
DA:174,0
DA:175,0
DA:184,0
DA:185,0
DA:186,0
DA:187,0
DA:188,0
DA:190,0
DA:195,0
DA:196,0
DA:200,0
DA:201,0
DA:202,0
DA:203,0
DA:206,0
DA:207,0
DA:210,0
DA:211,0
DA:213,0
DA:216,0
DA:219,0
DA:222,0
DA:226,0
DA:229,0
DA:249,0
DA:285,0
DA:302,0
DA:321,0
DA:337,0
DA:370,0
DA:378,1
LF:76
LH:13
BRDA:109,0,0,0
BRDA:109,0,1,0
BRDA:114,1,0,0
BRDA:114,1,1,0
BRDA:132,2,0,0
BRDA:132,2,1,0
BRDA:137,3,0,0
BRDA:137,3,1,0
BRDA:155,4,0,0
BRDA:155,4,1,0
BRDA:160,5,0,0
BRDA:160,5,1,0
BRDA:185,6,0,0
BRDA:185,6,1,0
BRDA:187,7,0,0
BRDA:187,7,1,0
BRDA:201,8,0,0
BRDA:201,8,1,0
BRDA:206,9,0,0
BRDA:206,9,1,0
BRDA:210,10,0,0
BRDA:210,10,1,0
BRDA:259,11,0,0
BRDA:259,11,1,0
BRDA:265,12,0,0
BRDA:265,12,1,0
BRDA:277,13,0,0
BRDA:277,13,1,0
BRDA:294,14,0,0
BRDA:294,14,1,0
BRDA:313,15,0,0
BRDA:313,15,1,0
BRDA:329,16,0,0
BRDA:329,16,1,0
BRDA:345,17,0,0
BRDA:345,17,1,0
BRDA:346,18,0,0
BRDA:346,18,1,0
BRDA:347,19,0,0
BRDA:347,19,1,0
BRDA:352,20,0,0
BRDA:352,20,1,0
BRDA:352,20,2,0
BRDA:352,20,3,0
BRDA:352,20,4,0
BRDA:352,20,5,0
BRDA:360,21,0,0
BRDA:360,21,1,0
BRDA:360,22,0,0
BRDA:360,22,1,0
BRDA:360,22,2,0
BRDA:360,22,3,0
BRDA:360,22,4,0
BRDA:360,22,5,0
BRF:54
BRH:0
end_of_record
TN:
SF:src/screens/auth/welcome/styles.ts
FNF:0
FNH:0
DA:1,1
DA:2,1
DA:3,1
DA:4,1
DA:6,1
DA:7,1
DA:9,1
DA:10,1
DA:14,1
DA:191,1
LF:10
LH:10
BRF:0
BRH:0
end_of_record
TN:
SF:src/screens/auth/welcome/AdditionalInformation/index.tsx
FN:12,(anonymous_7)
FN:29,(anonymous_8)
FN:33,(anonymous_9)
FN:41,(anonymous_10)
FN:48,(anonymous_11)
FN:52,(anonymous_12)
FN:60,(anonymous_13)
FN:67,(anonymous_14)
FN:71,(anonymous_15)
FN:79,(anonymous_16)
FN:86,(anonymous_17)
FN:103,(anonymous_18)
FN:122,(anonymous_19)
FN:147,(anonymous_20)
FN:178,(anonymous_21)
FN:195,(anonymous_22)
FN:206,(anonymous_23)
FN:238,(anonymous_24)
FN:252,(anonymous_25)
FN:285,(anonymous_26)
FNF:20
FNH:0
FNDA:0,(anonymous_7)
FNDA:0,(anonymous_8)
FNDA:0,(anonymous_9)
FNDA:0,(anonymous_10)
FNDA:0,(anonymous_11)
FNDA:0,(anonymous_12)
FNDA:0,(anonymous_13)
FNDA:0,(anonymous_14)
FNDA:0,(anonymous_15)
FNDA:0,(anonymous_16)
FNDA:0,(anonymous_17)
FNDA:0,(anonymous_18)
FNDA:0,(anonymous_19)
FNDA:0,(anonymous_20)
FNDA:0,(anonymous_21)
FNDA:0,(anonymous_22)
FNDA:0,(anonymous_23)
FNDA:0,(anonymous_24)
FNDA:0,(anonymous_25)
FNDA:0,(anonymous_26)
DA:1,1
DA:2,1
DA:3,1
DA:4,1
DA:5,1
DA:6,1
DA:7,1
DA:8,1
DA:9,1
DA:10,1
DA:12,1
DA:13,0
DA:14,0
DA:15,0
DA:16,0
DA:17,0
DA:18,0
DA:19,0
DA:27,0
DA:29,0
DA:30,0
DA:34,0
DA:35,0
DA:39,0
DA:42,0
DA:43,0
DA:48,0
DA:49,0
DA:53,0
DA:54,0
DA:58,0
DA:61,0
DA:62,0
DA:67,0
DA:68,0
DA:72,0
DA:73,0
DA:77,0
DA:80,0
DA:81,0
DA:86,0
DA:87,0
DA:88,0
DA:89,0
DA:91,0
DA:92,0
DA:94,0
DA:100,0
DA:103,0
DA:122,0
DA:147,0
DA:179,0
DA:196,0
DA:197,0
DA:206,0
DA:239,0
DA:253,0
DA:286,0
DA:287,0
DA:338,0
DA:339,0
DA:343,0
DA:346,0
DA:351,0
DA:352,0
DA:360,0
DA:361,0
DA:370,1
LF:68
LH:12
BRDA:89,0,0,0
BRDA:91,1,0,0
BRDA:126,2,0,0
BRDA:126,2,1,0
BRDA:132,3,0,0
BRDA:132,3,1,0
BRDA:151,4,0,0
BRDA:151,4,1,0
BRDA:156,5,0,0
BRDA:156,5,1,0
BRDA:171,6,0,0
BRDA:171,6,1,0
BRDA:188,7,0,0
BRDA:188,7,1,0
BRDA:210,8,0,0
BRDA:210,8,1,0
BRDA:216,9,0,0
BRDA:216,9,1,0
BRDA:231,10,0,0
BRDA:231,10,1,0
BRDA:246,11,0,0
BRDA:246,11,1,0
BRDA:247,12,0,0
BRDA:247,12,1,0
BRDA:248,13,0,0
BRDA:248,13,1,0
BRDA:262,14,0,0
BRDA:262,14,1,0
BRDA:262,14,2,0
BRDA:262,14,3,0
BRDA:262,14,4,0
BRDA:262,14,5,0
BRDA:262,14,6,0
BRDA:271,15,0,0
BRDA:271,15,1,0
BRDA:272,16,0,0
BRDA:272,16,1,0
BRDA:272,16,2,0
BRDA:272,16,3,0
BRDA:272,16,4,0
BRDA:272,16,5,0
BRDA:272,16,6,0
BRDA:292,17,0,0
BRDA:292,17,1,0
BRDA:298,18,0,0
BRDA:298,18,1,0
BRDA:301,19,0,0
BRDA:301,19,1,0
BRDA:305,20,0,0
BRDA:305,20,1,0
BRDA:308,21,0,0
BRDA:308,21,1,0
BRDA:314,22,0,0
BRDA:314,22,1,0
BRDA:318,23,0,0
BRDA:318,23,1,0
BRDA:322,24,0,0
BRDA:322,24,1,0
BRDA:327,25,0,0
BRDA:327,25,1,0
BRDA:338,26,0,0
BRDA:347,27,0,0
BRDA:347,27,1,0
BRDA:351,28,0,0
BRDA:354,29,0,0
BRDA:354,29,1,0
BRF:66
BRH:0
end_of_record
TN:
SF:src/screens/common/billingAndInsurance/editModal.tsx
FN:11,(anonymous_7)
FN:15,(anonymous_8)
FN:22,(anonymous_9)
FN:30,(anonymous_10)
FN:39,(anonymous_11)
FN:61,(anonymous_12)
FN:88,(anonymous_13)
FNF:7
FNH:0
FNDA:0,(anonymous_7)
FNDA:0,(anonymous_8)
FNDA:0,(anonymous_9)
FNDA:0,(anonymous_10)
FNDA:0,(anonymous_11)
FNDA:0,(anonymous_12)
FNDA:0,(anonymous_13)
DA:1,1
DA:2,1
DA:4,1
DA:5,1
DA:6,1
DA:9,1
DA:11,1
DA:13,0
DA:14,0
DA:15,0
DA:19,0
DA:31,0
DA:40,0
DA:62,0
DA:89,0
DA:99,1
LF:16
LH:8
BRDA:46,0,0,0
BRDA:46,0,1,0
BRDA:68,1,0,0
BRDA:68,1,1,0
BRF:4
BRH:0
end_of_record
TN:
SF:src/screens/common/billingAndInsurance/index.tsx
FN:12,(anonymous_7)
FN:14,(anonymous_8)
FN:15,(anonymous_9)
FN:22,(anonymous_10)
FN:25,(anonymous_11)
FN:29,(anonymous_12)
FN:55,(anonymous_13)
FNF:7
FNH:0
FNDA:0,(anonymous_7)
FNDA:0,(anonymous_8)
FNDA:0,(anonymous_9)
FNDA:0,(anonymous_10)
FNDA:0,(anonymous_11)
FNDA:0,(anonymous_12)
FNDA:0,(anonymous_13)
DA:1,1
DA:2,1
DA:3,1
DA:5,1
DA:6,1
DA:7,1
DA:8,1
DA:9,1
DA:10,1
DA:12,1
DA:13,0
DA:14,0
DA:15,0
DA:16,0
DA:17,0
DA:18,0
DA:19,0
DA:21,0
DA:22,0
DA:25,0
DA:26,0
DA:29,0
DA:30,0
DA:31,0
DA:32,0
DA:34,0
DA:35,0
DA:36,0
DA:43,0
DA:46,0
DA:49,0
DA:55,0
DA:107,1
LF:33
LH:11
BRDA:16,0,0,0
BRDA:16,0,1,0
BRDA:16,1,0,0
BRDA:16,1,1,0
BRDA:17,2,0,0
BRDA:17,2,1,0
BRDA:17,3,0,0
BRDA:17,3,1,0
BRDA:18,4,0,0
BRDA:18,4,1,0
BRDA:18,5,0,0
BRDA:18,5,1,0
BRDA:30,6,0,0
BRDA:58,7,0,0
BRDA:58,7,1,0
BRDA:68,8,0,0
BRDA:68,8,1,0
BRDA:70,9,0,0
BRDA:70,9,1,0
BRDA:73,10,0,0
BRDA:73,10,1,0
BRDA:74,11,0,0
BRDA:74,11,1,0
BRDA:75,12,0,0
BRDA:75,12,1,0
BRDA:79,13,0,0
BRDA:79,13,1,0
BRDA:81,14,0,0
BRDA:81,14,1,0
BRDA:85,15,0,0
BRDA:85,15,1,0
BRDA:86,16,0,0
BRDA:86,16,1,0
BRDA:87,17,0,0
BRDA:87,17,1,0
BRDA:91,18,0,0
BRDA:91,18,1,0
BRF:37
BRH:0
end_of_record
TN:
SF:src/screens/common/billingAndInsurance/styles.ts
FNF:0
FNH:0
DA:1,1
DA:2,1
DA:3,1
DA:5,1
DA:6,1
DA:8,1
LF:6
LH:6
BRDA:120,0,0,0
BRDA:120,0,1,1
BRF:2
BRH:1
end_of_record
TN:
SF:src/screens/common/billingAndInsurance/billModel/billModel.tsx
FN:10,(anonymous_7)
FN:17,(anonymous_8)
FNF:2
FNH:0
FNDA:0,(anonymous_7)
FNDA:0,(anonymous_8)
DA:1,1
DA:2,1
DA:7,1
DA:8,1
DA:10,1
DA:12,0
DA:13,0
DA:14,0
DA:15,0
DA:17,0
DA:18,0
DA:21,0
DA:42,1
LF:13
LH:6
BRDA:31,0,0,0
BRDA:31,0,1,0
BRF:2
BRH:0
end_of_record
TN:
SF:src/screens/common/billingAndInsurance/billModel/styles.ts
FNF:0
FNH:0
DA:1,1
DA:2,1
DA:3,1
DA:5,1
DA:6,1
DA:8,1
LF:6
LH:6
BRF:0
BRH:0
end_of_record
TN:
SF:src/screens/common/emergencyContact/editModal.tsx
FN:8,(anonymous_7)
FN:19,(anonymous_8)
FN:23,(anonymous_9)
FN:35,(anonymous_10)
FN:100,(anonymous_11)
FN:108,(anonymous_12)
FN:117,(anonymous_13)
FN:140,(anonymous_14)
FN:161,(anonymous_15)
FN:182,(anonymous_16)
FN:204,(anonymous_17)
FNF:11
FNH:0
FNDA:0,(anonymous_7)
FNDA:0,(anonymous_8)
[...]
FNDA:0,sendEmailVerification
FNDA:0,uploadImage
FNDA:0,(anonymous_25)
FNDA:0,(anonymous_26)
FNDA:0,getAppointmentsAsync
FNDA:0,getAppointmentsByDayAsync
FNDA:0,(anonymous_29)
FNDA:0,(anonymous_30)
FNDA:0,getAppointmentDatesAsync
FNDA:0,(anonymous_32)
FNDA:0,(anonymous_33)
FNDA:0,(anonymous_34)
FNDA:0,(anonymous_35)
FNDA:0,makeAppointment
FNDA:0,(anonymous_37)
FNDA:0,(anonymous_38)
FNDA:0,(anonymous_39)
FNDA:0,(anonymous_40)
FNDA:0,(anonymous_41)
FNDA:0,(anonymous_42)
FNDA:0,cancelAppointmentData
FNDA:0,(anonymous_44)
FNDA:0,(anonymous_45)
FNDA:0,cancelAppointmentAsync
FNDA:0,(anonymous_47)
FNDA:0,(anonymous_48)
FNDA:0,(anonymous_49)
FNDA:0,(anonymous_50)
FNDA:0,(anonymous_51)
FNDA:0,changeAppointmentAsync
FNDA:0,(anonymous_53)
FNDA:0,(anonymous_54)
FNDA:0,(anonymous_55)
FNDA:0,(anonymous_56)
FNDA:0,(anonymous_57)
FNDA:0,getUserData
FNDA:0,getLicensesAsync
FNDA:0,getDataFromTable
FNDA:0,(anonymous_61)
FNDA:0,(anonymous_62)
FNDA:0,getCollectionData
FNDA:0,(anonymous_64)
FNDA:0,(anonymous_65)
FNDA:0,(anonymous_66)
FNDA:0,getCollectionDataWithCondition
FNDA:0,(anonymous_68)
FNDA:0,(anonymous_69)
FNDA:0,(anonymous_70)
FNDA:0,getQuestionsData
FNDA:0,getExpertQuestionsData
FNDA:0,logout
FNDA:0,(anonymous_74)
FNDA:0,(anonymous_75)
FNDA:0,resetPassword
FNDA:0,getFilterDataWithCondition
FNDA:0,(anonymous_78)
FNDA:0,(anonymous_79)
FNDA:0,(anonymous_80)
FNDA:0,(anonymous_81)
FNDA:0,(anonymous_82)
FNDA:0,(anonymous_83)
FNDA:0,(anonymous_84)
FNDA:0,(anonymous_85)
FNDA:0,(anonymous_86)
FNDA:0,reAunthenticate
FNDA:0,(anonymous_88)
FNDA:0,(anonymous_89)
FNDA:0,changePassword
FNDA:0,(anonymous_91)
FNDA:0,(anonymous_92)
FNDA:0,(anonymous_93)
FNDA:0,(anonymous_94)
FNDA:0,(anonymous_95)
FNDA:0,(anonymous_96)
FNDA:0,resolvedQuestion
FNDA:0,(anonymous_98)
FNDA:0,(anonymous_99)
FNDA:0,(anonymous_100)
FNDA:0,(anonymous_101)
FNDA:0,(anonymous_102)
FNDA:0,(anonymous_103)
FNDA:0,(anonymous_104)
FNDA:0,saveQuestion
FNDA:0,(anonymous_106)
FNDA:0,(anonymous_107)
FNDA:0,(anonymous_108)
FNDA:0,(anonymous_109)
FNDA:0,updateQuestion
FNDA:0,updateReadMessageStatus
FNDA:0,(anonymous_112)
FNDA:0,(anonymous_113)
FNDA:0,(anonymous_114)
FNDA:0,(anonymous_115)
FNDA:0,(anonymous_116)
FNDA:0,makeid
FNDA:0,checkSecretKey
FNDA:0,(anonymous_119)
FNDA:0,(anonymous_120)
FNDA:0,(anonymous_121)
FNDA:0,checkReferedUserData
FNDA:0,(anonymous_123)
FNDA:0,(anonymous_124)
FNDA:0,(anonymous_125)
FNDA:0,setDataTesting
FNDA:0,(anonymous_127)
FNDA:0,(anonymous_128)
FNDA:0,getRecentExpertsData
FNDA:0,getExpertsData
FNDA:0,getFiltersDataWithCondition
FNDA:0,(anonymous_132)
FNDA:0,(anonymous_133)
FNDA:0,(anonymous_134)
FNDA:0,(anonymous_135)
FNDA:0,(anonymous_136)
FNDA:0,(anonymous_137)
FNDA:0,(anonymous_138)
FNDA:0,(anonymous_139)
FNDA:0,(anonymous_140)
FNDA:0,addNewPaymentCard
FNDA:0,getPaymentMethods
FNDA:0,(anonymous_143)
FNDA:0,payAmount
FNDA:0,payIntent
FNDA:0,payAmountWithToken
FNDA:0,updateCredits
FNDA:0,getPayPalAccessToken
FNDA:0,(anonymous_149)
FNDA:0,(anonymous_150)
FNDA:0,(anonymous_151)
FNDA:0,(anonymous_152)
FNDA:0,addHealthHistory
FNDA:0,getHealthHistory
FNDA:0,getMedicalHistoryAsync
FNDA:0,(anonymous_156)
FNDA:0,(anonymous_157)
FNDA:0,(anonymous_158)
FNDA:0,getAppointments
FNDA:0,(anonymous_160)
FNDA:0,(anonymous_161)
FNDA:0,(anonymous_162)
FNDA:0,(anonymous_163)
FNDA:0,(anonymous_164)
FNDA:0,(anonymous_165)
FNDA:0,(anonymous_166)
FNDA:0,(anonymous_167)
FNDA:0,(anonymous_168)
FNDA:0,(anonymous_169)
FNDA:0,saveAndLock
FNDA:0,lockPaitentRecord
FNDA:0,(anonymous_172)
FNDA:0,lockExpertRecord
FNDA:0,(anonymous_174)
FNDA:0,saveMedicalHistory
FNDA:0,setVideoVisitRating
FNDA:0,sendVisitRecap
FNDA:0,(anonymous_178)
FNDA:0,(anonymous_179)
FNDA:0,(anonymous_180)
FNDA:0,(anonymous_181)
FNDA:0,(anonymous_182)
FNDA:0,(anonymous_183)
FNDA:0,getOrganizationInfo
FNDA:0,authorizeVideo
FNDA:0,addClaimsToUser
FNDA:0,sendNotification
FNDA:0,usePromoCode
FNDA:0,sendAppointmentNotification
FNDA:0,sendSms
DA:1,1
DA:2,1
DA:3,1
DA:4,1
DA:5,1
DA:6,1
DA:7,1
DA:10,1
DA:12,1
DA:13,0
DA:14,0
DA:15,0
DA:17,0
DA:20,0
DA:21,0
DA:24,0
DA:25,0
DA:29,1
DA:30,0
DA:31,0
DA:34,0
DA:35,0
DA:38,0
DA:39,0
DA:40,0
DA:41,0
DA:44,0
DA:45,0
DA:49,1
DA:50,0
DA:51,0
DA:52,0
DA:54,0
DA:57,0
DA:58,0
DA:61,0
DA:62,0
DA:66,1
DA:67,0
DA:68,0
DA:72,0
DA:73,0
DA:74,0
DA:76,0
DA:79,0
DA:80,0
DA:83,0
DA:84,0
DA:88,1
DA:89,0
DA:90,0
DA:91,0
DA:93,0
DA:96,0
DA:97,0
DA:100,0
DA:101,0
DA:105,1
DA:106,0
DA:107,0
DA:108,0
DA:109,0
DA:111,0
DA:114,0
DA:115,0
DA:118,0
DA:119,0
DA:123,1
DA:124,0
DA:125,0
DA:126,0
DA:127,0
DA:129,0
DA:132,0
DA:133,0
DA:136,0
DA:137,0
DA:141,1
DA:142,0
DA:143,0
DA:144,0
DA:145,0
DA:147,0
DA:148,0
DA:152,1
DA:153,0
DA:154,0
DA:155,0
DA:157,0
DA:161,0
DA:164,0
DA:165,0
DA:166,0
DA:170,0
DA:173,0
DA:174,0
DA:178,1
DA:179,0
DA:180,0
DA:181,0
DA:182,0
DA:184,0
DA:188,1
DA:189,0
DA:191,0
DA:192,0
DA:194,0
DA:209,0
DA:210,0
DA:211,0
DA:212,0
DA:213,0
DA:214,0
DA:216,0
DA:220,1
DA:221,0
DA:222,0
DA:223,0
DA:226,0
DA:227,0
DA:229,0
DA:244,0
DA:245,0
DA:246,0
DA:248,0
DA:251,0
DA:266,0
DA:267,0
DA:269,0
DA:272,0
DA:274,0
DA:278,1
DA:279,0
DA:291,0
DA:293,0
DA:294,0
DA:295,0
DA:297,0
DA:301,0
DA:302,0
DA:303,0
DA:305,0
DA:327,0
DA:328,0
DA:329,0
DA:331,0
DA:334,0
DA:335,0
DA:336,0
DA:338,0
DA:347,0
DA:350,0
DA:351,0
DA:353,0
DA:354,0
DA:359,0
DA:365,0
DA:369,0
DA:371,0
DA:372,0
DA:384,0
DA:391,0
DA:394,0
DA:395,0
DA:399,1
DA:400,0
DA:401,0
DA:402,0
DA:405,0
DA:406,0
DA:407,0
DA:408,0
DA:410,0
DA:424,0
DA:427,0
DA:428,0
DA:429,0
DA:430,0
DA:433,0
DA:438,0
DA:446,0
DA:449,0
DA:450,0
DA:451,0
DA:452,0
DA:455,0
DA:460,0
DA:461,0
DA:465,0
DA:466,0
DA:470,1
DA:471,0
DA:472,0
DA:473,0
DA:475,0
DA:488,0
DA:489,0
DA:491,0
DA:492,0
DA:495,0
DA:496,0
DA:499,0
DA:502,0
DA:503,0
DA:504,0
DA:505,0
DA:508,0
DA:513,0
DA:516,0
DA:517,0
DA:518,0
DA:519,0
DA:522,0
DA:528,0
DA:531,0
DA:532,0
DA:536,1
DA:537,0
DA:538,0
DA:539,0
DA:541,0
DA:555,0
DA:556,0
DA:557,0
DA:559,0
DA:560,0
DA:563,0
DA:566,0
DA:567,0
DA:568,0
DA:569,0
DA:570,0
DA:572,0
DA:575,0
DA:580,0
DA:584,0
DA:585,0
DA:586,0
DA:589,0
DA:590,0
DA:592,0
DA:594,0
DA:604,0
DA:607,0
DA:611,1
DA:612,0
DA:613,0
DA:614,0
DA:616,0
DA:617,0
DA:621,1
DA:622,0
DA:623,0
DA:624,0
DA:626,0
DA:627,0
DA:631,1
DA:632,0
DA:633,0
DA:634,0
DA:636,0
DA:639,0
DA:640,0
DA:643,0
DA:644,0
DA:648,1
DA:649,0
DA:650,0
DA:651,0
DA:653,0
DA:654,0
DA:655,0
DA:657,0
DA:661,0
DA:664,0
DA:665,0
DA:666,0
DA:667,0
DA:671,0
DA:674,0
DA:675,0
DA:679,1
DA:680,0
DA:681,0
DA:685,0
DA:687,0
DA:688,0
DA:689,0
DA:691,0
DA:695,0
DA:698,0
DA:699,0
DA:700,0
DA:701,0
DA:705,0
DA:708,0
DA:709,0
DA:713,1
DA:714,0
DA:716,0
DA:717,0
DA:723,0
DA:728,0
DA:730,0
DA:731,0
DA:735,1
DA:736,0
DA:737,0
DA:741,0
DA:743,0
DA:744,0
DA:748,1
DA:749,0
DA:750,0
DA:754,0
DA:757,0
DA:760,0
DA:763,0
DA:767,0
DA:768,0
DA:772,1
DA:773,0
DA:774,0
DA:775,0
DA:777,0
DA:778,0
DA:782,1
DA:783,0
DA:784,0
DA:785,0
DA:786,0
DA:787,0
DA:788,0
DA:790,0
DA:793,0
DA:794,0
DA:795,0
DA:801,0
DA:802,0
DA:804,0
DA:805,0
DA:809,0
DA:812,0
DA:813,0
DA:817,0
DA:821,0
DA:826,0
DA:827,0
DA:829,0
DA:830,0
DA:831,0
DA:835,0
DA:838,0
DA:839,0
DA:840,0
DA:844,0
DA:848,0
DA:854,0
DA:857,0
DA:861,0
DA:864,0
DA:865,0
DA:866,0
DA:867,0
DA:871,0
DA:872,0
DA:875,0
DA:876,0
DA:880,1
DA:881,0
DA:882,0
DA:883,0
DA:887,0
DA:890,0
DA:893,0
DA:896,0
DA:897,0
DA:898,0
DA:899,0
DA:903,0
DA:904,0
DA:907,0
DA:908,0
DA:912,1
DA:913,0
DA:914,0
DA:915,0
DA:918,0
DA:919,0
DA:922,0
DA:925,0
DA:926,0
DA:927,0
DA:928,0
DA:931,0
DA:932,0
DA:936,1
DA:937,0
DA:938,0
DA:944,0
DA:945,0
DA:951,0
DA:956,0
DA:960,1
DA:961,0
DA:966,0
DA:969,1
DA:970,0
DA:971,0
DA:974,1
DA:975,0
DA:978,0
DA:981,1
DA:982,0
DA:983,0
DA:989,0
DA:992,0
DA:995,0
DA:996,0
DA:997,0
DA:998,0
DA:1002,0
DA:1006,0
DA:1009,0
DA:1010,0
DA:1014,1
DA:1015,0
DA:1021,0
DA:1024,0
DA:1025,0
DA:1029,0
DA:1034,1
DA:1035,0
DA:1038,1
DA:1039,0
DA:1045,1
DA:1046,0
DA:1047,0
DA:1052,0
DA:1053,0
DA:1054,0
DA:1060,0
DA:1065,0
DA:1068,0
DA:1069,0
DA:1070,0
DA:1071,0
DA:1076,0
DA:1081,0
DA:1082,0
DA:1083,0
DA:1084,0
DA:1089,0
DA:1093,0
DA:1096,0
DA:1097,0
DA:1101,1
DA:1102,0
DA:1103,0
DA:1106,0
DA:1107,0
DA:1109,0
DA:1113,1
DA:1114,0
DA:1115,0
DA:1116,0
DA:1122,0
DA:1124,0
DA:1125,0
DA:1129,0
DA:1132,0
DA:1133,0
DA:1136,0
DA:1139,0
DA:1140,0
DA:1141,0
DA:1142,0
DA:1146,0
DA:1147,0
DA:1148,0
DA:1149,0
DA:1152,0
DA:1155,0
DA:1156,0
DA:1159,1
DA:1160,0
DA:1162,0
DA:1165,0
DA:1168,1
DA:1169,0
DA:1170,0
DA:1174,0
DA:1177,0
DA:1178,0
DA:1180,0
DA:1185,0
DA:1188,0
DA:1189,0
DA:1190,0
DA:1191,0
DA:1196,0
DA:1199,0
DA:1200,0
DA:1204,1
DA:1205,0
DA:1206,0
DA:1210,0
DA:1213,0
DA:1214,0
DA:1216,0
DA:1221,0
DA:1224,0
DA:1225,0
DA:1226,0
DA:1227,0
DA:1232,0
DA:1235,0
DA:1236,0
DA:1240,1
DA:1241,0
DA:1242,0
DA:1243,0
DA:1249,0
DA:1252,0
DA:1255,0
DA:1256,0
DA:1257,0
DA:1258,0
DA:1262,0
DA:1266,0
DA:1269,0
DA:1270,0
DA:1274,1
DA:1275,0
DA:1276,0
DA:1279,0
DA:1281,0
DA:1285,1
DA:1286,0
DA:1287,0
DA:1288,0
DA:1289,0
DA:1290,0
DA:1291,0
DA:1293,0
DA:1295,0
DA:1299,1
DA:1300,0
DA:1301,0
DA:1302,0
DA:1303,0
DA:1304,0
DA:1305,0
DA:1307,0
DA:1310,0
DA:1311,0
DA:1312,0
DA:1318,0
DA:1319,0
DA:1321,0
DA:1322,0
DA:1326,0
DA:1329,0
DA:1330,0
DA:1334,0
DA:1338,0
DA:1343,0
DA:1344,0
DA:1346,0
DA:1347,0
DA:1348,0
DA:1352,0
DA:1355,0
DA:1356,0
DA:1357,0
DA:1361,0
DA:1365,0
DA:1371,0
DA:1374,0
DA:1379,0
DA:1382,0
DA:1383,0
DA:1384,0
DA:1385,0
DA:1389,0
DA:1390,0
DA:1393,0
DA:1394,0
DA:1398,1
DA:1399,0
DA:1400,0
DA:1402,0
DA:1408,0
DA:1410,0
DA:1411,0
DA:1412,0
DA:1416,1
DA:1417,0
DA:1418,0
DA:1421,0
DA:1422,0
DA:1424,0
DA:1430,0
DA:1436,0
DA:1437,0
DA:1438,0
DA:1442,1
DA:1443,0
DA:1444,0
DA:1445,0
DA:1452,0
DA:1454,0
DA:1455,0
DA:1459,1
DA:1460,0
DA:1461,0
DA:1465,0
DA:1467,0
DA:1468,0
DA:1472,1
DA:1473,0
DA:1474,0
DA:1475,0
DA:1481,0
DA:1483,0
DA:1484,0
DA:1488,1
DA:1493,0
DA:1502,0
DA:1503,0
DA:1504,0
DA:1505,0
DA:1512,0
DA:1514,0
DA:1521,0
DA:1524,0
DA:1525,0
DA:1529,1
DA:1530,0
DA:1531,0
DA:1534,0
DA:1536,0
DA:1537,0
DA:1541,1
DA:1542,0
DA:1543,0
DA:1544,0
DA:1545,0
DA:1546,0
DA:1547,0
DA:1548,0
DA:1550,0
DA:1551,0
DA:1555,0
DA:1557,0
DA:1562,1
DA:1563,0
DA:1564,0
DA:1565,0
DA:1566,0
DA:1568,0
DA:1572,1
DA:1573,0
DA:1574,0
DA:1575,0
DA:1576,0
DA:1578,0
DA:1582,1
DA:1583,0
DA:1584,0
DA:1585,0
DA:1586,0
DA:1587,0
DA:1589,0
DA:1593,1
DA:1594,0
DA:1595,0
DA:1596,0
DA:1597,0
DA:1598,0
DA:1599,0
DA:1600,0
DA:1602,0
DA:1607,1
DA:1608,0
DA:1609,0
DA:1610,0
DA:1611,0
DA:1613,0
DA:1617,1
DA:1618,0
DA:1619,0
DA:1620,0
DA:1621,0
DA:1625,0
DA:1626,0
DA:1627,0
DA:1629,0
DA:1632,0
DA:1637,1
DA:1638,0
DA:1639,0
DA:1640,0
DA:1641,0
DA:1642,0
DA:1643,0
DA:1645,0
DA:1650,1
DA:1656,0
DA:1657,0
DA:1658,0
DA:1659,0
DA:1662,0
DA:1664,0
DA:1668,0
DA:1669,0
DA:1673,0
DA:1678,1
DA:1679,0
DA:1680,0
DA:1682,0
DA:1683,0
DA:1684,0
DA:1685,0
DA:1686,0
DA:1690,0
DA:1692,0
DA:1693,0
DA:1698,0
DA:1699,0
DA:1700,0
DA:1702,0
DA:1703,0
DA:1704,0
DA:1705,0
DA:1706,0
DA:1708,0
DA:1711,0
DA:1715,0
DA:1716,0
DA:1717,0
DA:1719,0
DA:1720,0
DA:1721,0
DA:1722,0
DA:1723,0
DA:1725,0
DA:1728,0
DA:1735,0
DA:1736,0
DA:1738,0
DA:1739,0
DA:1742,0
DA:1743,0
DA:1745,0
DA:1746,0
DA:1751,0
DA:1757,0
DA:1758,0
DA:1762,1
DA:1767,0
DA:1768,0
DA:1769,0
DA:1770,0
DA:1772,0
DA:1783,1
DA:1784,0
DA:1785,0
DA:1789,0
DA:1793,1
DA:1794,0
DA:1795,0
DA:1796,0
DA:1799,0
DA:1800,0
DA:1804,0
DA:1806,0
DA:1811,1
DA:1812,0
DA:1813,0
DA:1815,0
DA:1816,0
DA:1817,0
DA:1821,0
DA:1823,0
DA:1828,1
DA:1829,0
DA:1830,0
DA:1833,0
DA:1834,0
DA:1836,0
DA:1840,1
DA:1841,0
DA:1842,0
DA:1845,0
DA:1847,0
DA:1851,1
DA:1856,0
DA:1857,0
DA:1863,0
DA:1867,1
DA:1872,0
DA:1873,0
DA:1878,0
DA:1880,0
DA:1884,1
DA:1885,0
DA:1886,0
DA:1887,0
DA:1889,0
DA:1893,1
DA:1894,0
DA:1895,0
DA:1901,0
DA:1903,0
DA:1907,1
DA:1908,0
DA:1909,0
DA:1913,0
DA:1915,0
LF:820
LH:82
BRDA:147,0,0,0
BRDA:147,0,1,0
BRDA:297,1,0,0
BRDA:297,1,1,0
BRDA:334,2,0,0
BRDA:353,3,0,0
BRDA:353,3,1,0
BRDA:371,4,0,0
BRDA:371,4,1,0
BRDA:376,5,0,0
BRDA:376,5,1,0
BRDA:401,6,0,0
BRDA:401,7,0,0
BRDA:401,7,1,0
BRDA:407,8,0,0
BRDA:407,8,1,0
BRDA:407,9,0,0
BRDA:407,9,1,0
BRDA:408,10,0,0
BRDA:408,10,1,0
BRDA:408,11,0,0
BRDA:408,11,1,0
BRDA:412,12,0,0
BRDA:412,12,1,0
BRDA:412,13,0,0
BRDA:412,13,1,0
BRDA:418,14,0,0
BRDA:418,14,1,0
BRDA:419,15,0,0
BRDA:419,15,1,0
BRDA:434,16,0,0
BRDA:434,16,1,0
BRDA:452,17,0,0
BRDA:452,17,1,0
BRDA:456,18,0,0
BRDA:456,18,1,0
BRDA:460,19,0,0
BRDA:460,20,0,0
BRDA:460,20,1,0
BRDA:495,21,0,0
BRDA:509,22,0,0
BRDA:509,22,1,0
BRDA:519,23,0,0
BRDA:519,23,1,0
BRDA:523,24,0,0
BRDA:523,24,1,0
BRDA:559,25,0,0
BRDA:569,26,0,0
BRDA:589,27,0,0
BRDA:597,28,0,0
BRDA:597,28,1,0
BRDA:716,29,0,0
BRDA:716,29,1,0
BRDA:777,30,0,0
BRDA:777,30,1,0
BRDA:787,31,0,0
BRDA:787,32,0,0
BRDA:787,32,1,0
BRDA:795,33,0,0
BRDA:795,33,1,0
BRDA:796,34,0,0
BRDA:796,34,1,0
BRDA:796,34,2,0
BRDA:796,34,3,0
BRDA:805,35,0,0
BRDA:817,36,0,0
BRDA:826,37,0,0
BRDA:826,38,0,0
BRDA:826,38,1,0
BRDA:829,39,0,0
BRDA:829,39,1,0
BRDA:829,40,0,0
BRDA:829,40,1,0
BRDA:831,41,0,0
BRDA:838,42,0,0
BRDA:838,42,1,0
BRDA:838,43,0,0
BRDA:838,43,1,0
BRDA:844,44,0,0
BRDA:948,45,0,0
BRDA:948,45,1,0
BRDA:949,46,0,0
BRDA:949,46,1,0
BRDA:1290,47,0,0
BRDA:1290,48,0,0
BRDA:1290,48,1,0
BRDA:1304,49,0,0
BRDA:1304,50,0,0
BRDA:1304,50,1,0
BRDA:1312,51,0,0
BRDA:1312,51,1,0
BRDA:1313,52,0,0
BRDA:1313,52,1,0
BRDA:1313,52,2,0
BRDA:1313,52,3,0
BRDA:1322,53,0,0
BRDA:1334,54,0,0
BRDA:1343,55,0,0
BRDA:1343,56,0,0
BRDA:1343,56,1,0
BRDA:1346,57,0,0
BRDA:1346,57,1,0
BRDA:1346,58,0,0
BRDA:1346,58,1,0
BRDA:1348,59,0,0
BRDA:1355,60,0,0
BRDA:1355,60,1,0
BRDA:1355,61,0,0
BRDA:1355,61,1,0
BRDA:1361,62,0,0
BRDA:1411,63,0,0
BRDA:1411,63,1,0
BRDA:1421,64,0,0
BRDA:1421,64,1,0
BRDA:1437,65,0,0
BRDA:1437,65,1,0
BRDA:1454,66,0,0
BRDA:1454,66,1,0
BRDA:1467,67,0,0
BRDA:1467,67,1,0
BRDA:1483,68,0,0
BRDA:1483,68,1,0
BRDA:1504,69,0,0
BRDA:1504,69,1,0
BRDA:1518,70,0,0
BRDA:1518,70,1,0
BRDA:1519,71,0,0
BRDA:1519,71,1,0
BRDA:1536,72,0,0
BRDA:1536,72,1,0
BRDA:1541,73,0,0
BRDA:1541,74,0,0
BRDA:1593,75,0,0
BRDA:1625,76,0,0
BRDA:1625,76,1,0
BRDA:1637,77,0,0
BRDA:1652,78,0,0
BRDA:1668,79,0,0
BRDA:1703,80,0,0
BRDA:1720,81,0,0
BRDA:1745,82,0,0
BRDA:1745,82,1,0
BRF:142
BRH:0
end_of_record
TN:
SF:src/utils/functions/addHashtag.ts
FN:1,(anonymous_0)
FN:2,(anonymous_1)
FNF:2
FNH:0
FNDA:0,(anonymous_0)
FNDA:0,(anonymous_1)
DA:1,1
DA:2,0
LF:2
LH:1
BRDA:1,0,0,0
BRF:1
BRH:0
end_of_record
TN:
SF:src/utils/functions/calculateRating.ts
FN:1,(anonymous_0)
FNF:1
FNH:0
FNDA:0,(anonymous_0)
DA:1,1
DA:2,0
LF:2
LH:1
BRF:0
BRH:0
end_of_record
TN:
SF:src/utils/functions/cloneChild.ts
FN:3,(anonymous_0)
FN:5,(anonymous_1)
FNF:2
FNH:2
FNDA:12,(anonymous_0)
FNDA:40,(anonymous_1)
DA:1,1
DA:3,1
DA:4,12
DA:5,12
DA:6,40
DA:7,5
LF:6
LH:6
BRDA:3,0,0,0
BRDA:3,1,0,12
BRDA:4,2,0,0
BRDA:6,3,0,5
BRF:4
BRH:2
end_of_record
TN:
SF:src/utils/functions/cloneChildren.ts
FN:3,(anonymous_0)
FN:5,(anonymous_1)
FNF:2
FNH:2
FNDA:3,(anonymous_0)
FNDA:10,(anonymous_1)
DA:1,1
DA:3,1
DA:4,3
DA:5,3
DA:6,10
DA:7,10
DA:8,5
LF:7
LH:7
BRDA:3,0,0,0
BRDA:3,1,0,0
BRDA:3,2,0,3
BRDA:4,3,0,0
BRDA:6,4,0,10
BRDA:7,5,0,5
BRF:6
BRH:3
end_of_record
TN:
SF:src/utils/functions/formatLanguages.ts
FN:1,(anonymous_0)
FN:2,(anonymous_1)
FNF:2
FNH:0
FNDA:0,(anonymous_0)
FNDA:0,(anonymous_1)
DA:1,1
DA:2,0
LF:2
LH:1
BRDA:1,0,0,0
BRF:1
BRH:0
end_of_record
TN:
SF:src/utils/functions/generateIdentifier.ts
FN:1,(anonymous_0)
FNF:1
FNH:0
FNDA:0,(anonymous_0)
DA:1,1
DA:2,0
DA:3,0
LF:3
LH:1
BRF:0
BRH:0
end_of_record
TN:
SF:src/utils/functions/getNested.ts
FN:1,(anonymous_0)
FN:2,(anonymous_1)
FNF:2
FNH:0
FNDA:0,(anonymous_0)
FNDA:0,(anonymous_1)
DA:1,1
DA:2,0
LF:2
LH:1
BRDA:2,0,0,0
BRDA:2,0,1,0
BRF:2
BRH:0
end_of_record
TN:
SF:src/utils/functions/handleNavigation.ts
FN:3,(anonymous_0)
FN:7,(anonymous_1)
FNF:2
FNH:0
FNDA:0,(anonymous_0)
FNDA:0,(anonymous_1)
DA:1,1
DA:3,1
DA:4,0
DA:7,1
DA:8,0
LF:5
LH:3
BRF:0
BRH:0
end_of_record
TN:
SF:src/utils/functions/index.ts
FN:1,(anonymous_0)
FN:2,(anonymous_1)
FN:3,(anonymous_2)
FN:4,(anonymous_3)
FN:5,(anonymous_4)
FN:6,(anonymous_5)
FN:7,(anonymous_6)
FN:8,(anonymous_7)
FN:9,(anonymous_8)
FN:10,(anonymous_9)
FN:11,(anonymous_10)
FN:12,(anonymous_11)
FN:13,(anonymous_12)
FNF:13
FNH:4
FNDA:24,(anonymous_0)
FNDA:2,(anonymous_1)
FNDA:0,(anonymous_2)
FNDA:0,(anonymous_3)
FNDA:0,(anonymous_4)
FNDA:12,(anonymous_5)
FNDA:3,(anonymous_6)
FNDA:0,(anonymous_7)
FNDA:0,(anonymous_8)
FNDA:0,(anonymous_9)
FNDA:0,(anonymous_10)
FNDA:0,(anonymous_11)
FNDA:0,(anonymous_12)
DA:1,25
DA:2,3
DA:3,1
DA:4,1
DA:5,1
DA:6,13
DA:7,4
DA:8,1
DA:9,1
DA:10,1
DA:11,1
DA:12,1
DA:13,1
LF:13
LH:13
BRF:0
BRH:0
end_of_record
TN:
SF:src/utils/functions/insertAtIndex.ts
FN:1,(anonymous_0)
FNF:1
FNH:0
FNDA:0,(anonymous_0)
DA:1,1
LF:1
LH:1
BRF:0
BRH:0
end_of_record
TN:
SF:src/utils/functions/mergeStyles.ts
FN:7,(anonymous_0)
FN:9,(anonymous_1)
FNF:2
FNH:2
FNDA:24,(anonymous_0)
FNDA:75,(anonymous_1)
DA:7,1
DA:8,24
DA:9,24
DA:10,75
DA:11,27
DA:12,14
DA:15,48
DA:18,24
LF:8
LH:8
BRDA:10,0,0,27
BRDA:10,0,1,48
BRDA:11,1,0,14
BRF:3
BRH:3
end_of_record
TN:
SF:src/utils/functions/searchObject.ts
FN:1,(anonymous_0)
FN:3,(anonymous_1)
FNF:2
FNH:0
FNDA:0,(anonymous_0)
FNDA:0,(anonymous_1)
DA:1,1
DA:2,0
DA:3,0
DA:4,0
DA:5,0
DA:7,0
DA:8,0
DA:10,0
DA:11,0
DA:12,0
LF:10
LH:1
BRDA:2,0,0,0
BRDA:2,1,0,0
BRDA:2,1,1,0
BRDA:4,2,0,0
BRDA:4,3,0,0
BRDA:4,3,1,0
BRDA:7,4,0,0
BRF:7
BRH:0
end_of_record
TN:
SF:src/utils/functions/switchCase.ts
FN:5,(anonymous_0)
FN:7,(anonymous_1)
FN:7,(anonymous_2)
FN:7,(anonymous_3)
FN:10,(anonymous_4)
FN:10,(anonymous_5)
FN:10,(anonymous_6)
FNF:7
FNH:7
FNDA:2,(anonymous_0)
FNDA:2,(anonymous_1)
FNDA:2,(anonymous_2)
FNDA:2,(anonymous_3)
FNDA:2,(anonymous_4)
FNDA:2,(anonymous_5)
FNDA:2,(anonymous_6)
DA:5,2
DA:7,2
DA:8,2
DA:10,2
DA:11,2
LF:5
LH:5
BRDA:5,0,0,0
BRDA:5,0,1,2
BRDA:8,1,0,0
BRDA:8,1,1,2
BRF:4
BRH:2
end_of_record
TN:
SF:src/utils/functions/toCamelCase.ts
FN:3,(anonymous_0)
FN:16,(anonymous_1)
FNF:2
FNH:0
FNDA:0,(anonymous_0)
FNDA:0,(anonymous_1)
DA:1,1
DA:3,1
DA:4,0
DA:5,0
DA:6,0
DA:7,0
DA:8,0
DA:9,0
DA:11,0
DA:13,0
DA:16,1
DA:17,0
DA:18,0
LF:13
LH:3
BRDA:8,0,0,0
BRF:1
BRH:0
end_of_record
TN:
SF:src/utils/functions/toString.ts
FN:1,(anonymous_0)
FNF:1
FNH:0
FNDA:0,(anonymous_0)
DA:1,1
DA:2,0
DA:3,0
DA:4,0
DA:6,0
DA:8,0
LF:6
LH:1
BRDA:2,0,0,0
BRDA:3,1,0,0
BRF:2
BRH:0
end_of_record
TN:
SF:src/utils/functions/toWords.ts
FN:3,(anonymous_0)
FNF:1
FNH:0
FNDA:0,(anonymous_0)
DA:1,1
DA:3,1
DA:4,0
DA:6,0
DA:7,0
LF:5
LH:2
BRF:0
BRH:0
end_of_record
TN:
SF:src/utils/helper/index.ts
FN:3,(anonymous_1)
FN:7,(anonymous_2)
FN:12,(anonymous_3)
FN:19,(anonymous_4)
FN:30,(anonymous_5)
FN:37,(anonymous_6)
FN:52,(anonymous_7)
FN:68,(anonymous_8)
FN:72,(anonymous_9)
FNF:9
FNH:2
FNDA:0,(anonymous_1)
FNDA:0,(anonymous_2)
FNDA:0,(anonymous_3)
FNDA:0,(anonymous_4)
FNDA:0,(anonymous_5)
FNDA:2,(anonymous_6)
FNDA:2,(anonymous_7)
FNDA:0,(anonymous_8)
FNDA:0,(anonymous_9)
DA:1,1
DA:3,1
DA:4,0
DA:7,1
DA:8,0
DA:9,0
DA:12,1
DA:13,0
DA:14,0
DA:16,0
DA:19,1
DA:20,0
DA:25,0
DA:27,0
DA:30,1
DA:31,0
DA:32,0
DA:34,0
DA:37,1
DA:38,2
DA:52,1
DA:53,2
DA:54,2
DA:55,2
DA:57,2
DA:58,0
DA:61,2
DA:62,80
DA:65,2
DA:68,1
DA:69,0
DA:72,1
DA:73,0
DA:74,0
DA:75,0
LF:35
LH:18
BRDA:4,0,0,0
BRDA:4,0,1,0
BRDA:13,1,0,0
BRDA:20,2,0,0
BRDA:31,3,0,0
BRDA:57,4,0,0
BRDA:57,5,0,2
BRDA:57,5,1,2
BRDA:57,5,2,2
BRF:9
BRH:3
end_of_record
TN:
SF:src/utils/hooks/index.ts
FN:1,(anonymous_0)
FN:2,(anonymous_1)
FNF:2
FNH:0
FNDA:0,(anonymous_0)
FNDA:0,(anonymous_1)
DA:1,1
DA:2,1
LF:2
LH:2
BRF:0
BRH:0
end_of_record
TN:
SF:src/utils/hooks/useDidMount.ts
FN:3,(anonymous_0)
FN:6,(anonymous_1)
FNF:2
FNH:0
FNDA:0,(anonymous_0)
FNDA:0,(anonymous_1)
DA:1,1
DA:3,1
DA:4,0
DA:6,0
DA:7,0
DA:8,0
DA:9,0
LF:7
LH:2
BRDA:7,0,0,0
BRF:1
BRH:0
end_of_record
TN:
SF:src/utils/hooks/useFirebaseFetch.ts
FN:4,(anonymous_0)
FN:9,(anonymous_1)
FNF:2
FNH:0
FNDA:0,(anonymous_0)
FNDA:0,(anonymous_1)
DA:1,1
DA:4,1
DA:5,0
DA:6,0
DA:7,0
DA:9,0
DA:10,0
DA:14,0
LF:8
LH:2
BRDA:4,0,0,0
BRDA:10,1,0,0
BRDA:10,2,0,0
BRDA:10,2,1,0
BRF:4
BRH:0
end_of_record
TN:
SF:src/utils/metrices/index.ts
FNF:0
FNH:0
DA:1,1
DA:2,1
DA:7,1
DA:9,1
DA:11,1
DA:19,1
LF:6
LH:6
BRDA:12,0,0,0
BRDA:12,0,1,1
BRDA:14,1,0,1
BRDA:14,1,1,0
BRDA:19,2,0,1
BRDA:19,2,1,0
BRF:6
BRH:3
end_of_record
